<?xml version="1.0" encoding="UTF-8"?>
<coverage generated="1678593693004" clover="3.2.0">
  <project timestamp="1678593693004" name="All files">
    <metrics statements="70" coveredstatements="60" conditionals="36" coveredconditionals="29" methods="27" coveredmethods="20" elements="133" coveredelements="109" complexity="0" loc="70" ncloc="70" packages="2" files="3" classes="3"/>
    <package name="src">
      <metrics statements="6" coveredstatements="5" conditionals="2" coveredconditionals="1" methods="2" coveredmethods="2"/>
      <file name="App.js" path="/Users/edmondpoon/Desktop/School/cse115/smartmeal/frontend/src/App.js">
        <metrics statements="6" coveredstatements="5" conditionals="2" coveredconditionals="1" methods="2" coveredmethods="2"/>
        <line num="18" count="7" type="stmt"/>
        <line num="41" count="4" type="stmt"/>
        <line num="42" count="6" type="stmt"/>
        <line num="43" count="6" type="cond" truecount="1" falsecount="1"/>
        <line num="44" count="0" type="stmt"/>
        <line num="46" count="6" type="stmt"/>
      </file>
    </package>
    <package name="src.components.Homepage">
      <metrics statements="64" coveredstatements="55" conditionals="34" coveredconditionals="28" methods="25" coveredmethods="18"/>
      <file name="Menu.jsx" path="/Users/edmondpoon/Desktop/School/cse115/smartmeal/frontend/src/components/Homepage/Menu.jsx">
        <metrics statements="54" coveredstatements="47" conditionals="32" coveredconditionals="26" methods="18" coveredmethods="13"/>
        <line num="20" count="56" type="stmt"/>
        <line num="30" count="4" type="stmt"/>
        <line num="31" count="6" type="stmt"/>
        <line num="32" count="6" type="stmt"/>
        <line num="33" count="6" type="cond" truecount="1" falsecount="1"/>
        <line num="34" count="6" type="stmt"/>
        <line num="52" count="6" type="stmt"/>
        <line num="55" count="6" type="stmt"/>
        <line num="60" count="4" type="stmt"/>
        <line num="61" count="2" type="stmt"/>
        <line num="62" count="2" type="stmt"/>
        <line num="63" count="2" type="cond" truecount="1" falsecount="1"/>
        <line num="64" count="2" type="cond" truecount="1" falsecount="1"/>
        <line num="65" count="2" type="stmt"/>
        <line num="66" count="2" type="stmt"/>
        <line num="74" count="0" type="stmt"/>
        <line num="75" count="0" type="stmt"/>
        <line num="78" count="0" type="stmt"/>
        <line num="89" count="28" type="stmt"/>
        <line num="93" count="28" type="stmt"/>
        <line num="96" count="28" type="stmt"/>
        <line num="98" count="28" type="stmt"/>
        <line num="100" count="28" type="stmt"/>
        <line num="101" count="6" type="stmt"/>
        <line num="104" count="28" type="cond" truecount="2" falsecount="0"/>
        <line num="105" count="28" type="cond" truecount="2" falsecount="0"/>
        <line num="107" count="28" type="stmt"/>
        <line num="108" count="6" type="cond" truecount="2" falsecount="0"/>
        <line num="111" count="28" type="stmt"/>
        <line num="113" count="8" type="cond" truecount="2" falsecount="0"/>
        <line num="114" count="2" type="stmt"/>
        <line num="115" count="2" type="stmt"/>
        <line num="119" count="28" type="stmt"/>
        <line num="121" count="1" type="cond" truecount="1" falsecount="1"/>
        <line num="122" count="0" type="stmt"/>
        <line num="124" count="1" type="stmt"/>
        <line num="129" count="28" type="stmt"/>
        <line num="130" count="28" type="stmt"/>
        <line num="132" count="28" type="stmt"/>
        <line num="133" count="0" type="stmt"/>
        <line num="136" count="28" type="stmt"/>
        <line num="137" count="0" type="stmt"/>
        <line num="140" count="28" type="stmt"/>
        <line num="153" count="56" type="cond" truecount="2" falsecount="0"/>
        <line num="154" count="56" type="cond" truecount="2" falsecount="0"/>
        <line num="155" count="56" type="cond" truecount="2" falsecount="0"/>
        <line num="156" count="56" type="stmt"/>
        <line num="173" count="114" type="stmt"/>
        <line num="174" count="114" type="cond" truecount="2" falsecount="0"/>
        <line num="175" count="19" type="stmt"/>
        <line num="178" count="95" type="cond" truecount="1" falsecount="1"/>
        <line num="180" count="95" type="stmt"/>
        <line num="183" count="1" type="stmt"/>
        <line num="223" count="0" type="stmt"/>
      </file>
      <file name="Tools.jsx" path="/Users/edmondpoon/Desktop/School/cse115/smartmeal/frontend/src/components/Homepage/Tools.jsx">
        <metrics statements="10" coveredstatements="8" conditionals="2" coveredconditionals="2" methods="7" coveredmethods="5"/>
        <line num="16" count="28" type="stmt"/>
        <line num="31" count="28" type="stmt"/>
        <line num="46" count="28" type="stmt"/>
        <line num="63" count="28" type="stmt"/>
        <line num="65" count="28" type="stmt"/>
        <line num="66" count="2" type="stmt"/>
        <line num="67" count="2" type="stmt"/>
        <line num="71" count="28" type="stmt"/>
        <line num="87" count="0" type="stmt"/>
        <line num="115" count="0" type="stmt"/>
      </file>
    </package>
  </project>
</coverage>
