<?xml version="1.0" encoding="UTF-8"?>
<coverage generated="1678612079830" clover="3.2.0">
  <project timestamp="1678612079830" name="All files">
    <metrics statements="770" coveredstatements="610" conditionals="361" coveredconditionals="257" methods="225" coveredmethods="181" elements="1356" coveredelements="1048" complexity="0" loc="770" ncloc="770" packages="10" files="29" classes="29"/>
    <package name="src">
      <metrics statements="6" coveredstatements="6" conditionals="2" coveredconditionals="2" methods="2" coveredmethods="2"/>
      <file name="App.js" path="/Users/edmondpoon/Desktop/School/cse115/smartmeal/frontend/src/App.js">
        <metrics statements="6" coveredstatements="6" conditionals="2" coveredconditionals="2" methods="2" coveredmethods="2"/>
        <line num="18" count="23" type="stmt"/>
        <line num="41" count="11" type="stmt"/>
        <line num="42" count="21" type="stmt"/>
        <line num="43" count="21" type="cond" truecount="2" falsecount="0"/>
        <line num="44" count="1" type="stmt"/>
        <line num="46" count="20" type="stmt"/>
      </file>
    </package>
    <package name="src.components">
      <metrics statements="79" coveredstatements="73" conditionals="12" coveredconditionals="7" methods="18" coveredmethods="17"/>
      <file name="CheckList.jsx" path="/Users/edmondpoon/Desktop/School/cse115/smartmeal/frontend/src/components/CheckList.jsx">
        <metrics statements="3" coveredstatements="3" conditionals="0" coveredconditionals="0" methods="1" coveredmethods="1"/>
        <line num="11" count="11" type="stmt"/>
        <line num="28" count="3" type="stmt"/>
        <line num="30" count="3" type="stmt"/>
      </file>
      <file name="DimensionsProvider.jsx" path="/Users/edmondpoon/Desktop/School/cse115/smartmeal/frontend/src/components/DimensionsProvider.jsx">
        <metrics statements="12" coveredstatements="12" conditionals="0" coveredconditionals="0" methods="6" coveredmethods="6"/>
        <line num="5" count="11" type="stmt"/>
        <line num="7" count="24" type="stmt"/>
        <line num="12" count="11" type="stmt"/>
        <line num="13" count="24" type="stmt"/>
        <line num="14" count="24" type="stmt"/>
        <line num="15" count="23" type="stmt"/>
        <line num="16" count="1" type="stmt"/>
        <line num="18" count="23" type="stmt"/>
        <line num="19" count="23" type="stmt"/>
        <line num="21" count="24" type="stmt"/>
        <line num="30" count="11" type="stmt"/>
        <line num="31" count="130" type="stmt"/>
      </file>
      <file name="HomeLayout.jsx" path="/Users/edmondpoon/Desktop/School/cse115/smartmeal/frontend/src/components/HomeLayout.jsx">
        <metrics statements="2" coveredstatements="2" conditionals="0" coveredconditionals="0" methods="1" coveredmethods="1"/>
        <line num="10" count="11" type="stmt"/>
        <line num="25" count="20" type="stmt"/>
      </file>
      <file name="MealContextProvider.jsx" path="/Users/edmondpoon/Desktop/School/cse115/smartmeal/frontend/src/components/MealContextProvider.jsx">
        <metrics statements="40" coveredstatements="40" conditionals="8" coveredconditionals="6" methods="7" coveredmethods="7"/>
        <line num="5" count="11" type="stmt"/>
        <line num="8" count="11" type="stmt"/>
        <line num="9" count="20" type="stmt"/>
        <line num="10" count="20" type="stmt"/>
        <line num="11" count="20" type="cond" truecount="1" falsecount="1"/>
        <line num="14" count="20" type="stmt"/>
        <line num="15" count="20" type="stmt"/>
        <line num="16" count="20" type="stmt"/>
        <line num="17" count="20" type="stmt"/>
        <line num="18" count="20" type="stmt"/>
        <line num="19" count="20" type="stmt"/>
        <line num="28" count="20" type="stmt"/>
        <line num="31" count="19" type="stmt"/>
        <line num="36" count="11" type="stmt"/>
        <line num="81" count="11" type="stmt"/>
        <line num="83" count="79" type="stmt"/>
        <line num="84" count="79" type="stmt"/>
        <line num="85" count="79" type="stmt"/>
        <line num="86" count="79" type="stmt"/>
        <line num="87" count="79" type="stmt"/>
        <line num="88" count="79" type="stmt"/>
        <line num="89" count="79" type="stmt"/>
        <line num="95" count="79" type="stmt"/>
        <line num="98" count="79" type="stmt"/>
        <line num="99" count="79" type="stmt"/>
        <line num="100" count="79" type="cond" truecount="2" falsecount="0"/>
        <line num="101" count="53" type="stmt"/>
        <line num="102" count="53" type="cond" truecount="1" falsecount="1"/>
        <line num="104" count="79" type="stmt"/>
        <line num="106" count="79" type="stmt"/>
        <line num="107" count="33" type="cond" truecount="2" falsecount="0"/>
        <line num="109" count="20" type="stmt"/>
        <line num="113" count="79" type="stmt"/>
        <line num="114" count="79" type="stmt"/>
        <line num="115" count="79" type="stmt"/>
        <line num="116" count="79" type="stmt"/>
        <line num="125" count="79" type="stmt"/>
        <line num="126" count="23" type="stmt"/>
        <line num="129" count="79" type="stmt"/>
        <line num="148" count="214" type="stmt"/>
      </file>
      <file name="Page404.jsx" path="/Users/edmondpoon/Desktop/School/cse115/smartmeal/frontend/src/components/Page404.jsx">
        <metrics statements="1" coveredstatements="0" conditionals="0" coveredconditionals="0" methods="1" coveredmethods="0"/>
        <line num="9" count="0" type="stmt"/>
      </file>
      <file name="PlansLayout.jsx" path="/Users/edmondpoon/Desktop/School/cse115/smartmeal/frontend/src/components/PlansLayout.jsx">
        <metrics statements="2" coveredstatements="2" conditionals="0" coveredconditionals="0" methods="1" coveredmethods="1"/>
        <line num="9" count="11" type="stmt"/>
        <line num="23" count="3" type="stmt"/>
      </file>
      <file name="parser.jsx" path="/Users/edmondpoon/Desktop/School/cse115/smartmeal/frontend/src/components/parser.jsx">
        <metrics statements="19" coveredstatements="14" conditionals="4" coveredconditionals="1" methods="1" coveredmethods="1"/>
        <line num="7" count="20" type="stmt"/>
        <line num="8" count="20" type="stmt"/>
        <line num="9" count="20" type="stmt"/>
        <line num="10" count="20" type="stmt"/>
        <line num="12" count="20" type="stmt"/>
        <line num="25" count="20" type="stmt"/>
        <line num="35" count="20" type="stmt"/>
        <line num="37" count="20" type="stmt"/>
        <line num="38" count="140" type="stmt"/>
        <line num="40" count="140" type="stmt"/>
        <line num="42" count="140" type="cond" truecount="1" falsecount="1"/>
        <line num="44" count="0" type="stmt"/>
        <line num="45" count="0" type="stmt"/>
        <line num="46" count="0" type="cond" truecount="0" falsecount="2"/>
        <line num="49" count="0" type="stmt"/>
        <line num="52" count="0" type="stmt"/>
        <line num="58" count="140" type="stmt"/>
        <line num="62" count="140" type="stmt"/>
        <line num="65" count="20" type="stmt"/>
      </file>
    </package>
    <package name="src.components.CheckList">
      <metrics statements="177" coveredstatements="36" conditionals="74" coveredconditionals="20" methods="45" coveredmethods="8"/>
      <file name="CheckListElements.jsx" path="/Users/edmondpoon/Desktop/School/cse115/smartmeal/frontend/src/components/CheckList/CheckListElements.jsx">
        <metrics statements="2" coveredstatements="2" conditionals="0" coveredconditionals="0" methods="2" coveredmethods="2"/>
        <line num="11" count="11" type="stmt"/>
        <line num="25" count="3" type="stmt"/>
      </file>
      <file name="Checkbox.jsx" path="/Users/edmondpoon/Desktop/School/cse115/smartmeal/frontend/src/components/CheckList/Checkbox.jsx">
        <metrics statements="62" coveredstatements="15" conditionals="24" coveredconditionals="10" methods="22" coveredmethods="4"/>
        <line num="15" count="11" type="stmt"/>
        <line num="16" count="0" type="stmt"/>
        <line num="23" count="0" type="stmt"/>
        <line num="26" count="0" type="stmt"/>
        <line num="27" count="0" type="cond" truecount="0" falsecount="2"/>
        <line num="28" count="0" type="stmt"/>
        <line num="29" count="0" type="stmt"/>
        <line num="30" count="0" type="stmt"/>
        <line num="32" count="0" type="stmt"/>
        <line num="38" count="0" type="cond" truecount="0" falsecount="2"/>
        <line num="39" count="0" type="stmt"/>
        <line num="41" count="0" type="stmt"/>
        <line num="48" count="11" type="stmt"/>
        <line num="49" count="0" type="stmt"/>
        <line num="50" count="0" type="stmt"/>
        <line num="51" count="0" type="stmt"/>
        <line num="53" count="0" type="stmt"/>
        <line num="56" count="0" type="stmt"/>
        <line num="57" count="0" type="cond" truecount="0" falsecount="4"/>
        <line num="60" count="0" type="stmt"/>
        <line num="65" count="0" type="stmt"/>
        <line num="78" count="5" type="stmt"/>
        <line num="80" count="5" type="stmt"/>
        <line num="81" count="5" type="stmt"/>
        <line num="82" count="0" type="stmt"/>
        <line num="83" count="0" type="stmt"/>
        <line num="86" count="5" type="stmt"/>
        <line num="87" count="0" type="stmt"/>
        <line num="88" count="0" type="stmt"/>
        <line num="92" count="5" type="stmt"/>
        <line num="93" count="0" type="stmt"/>
        <line num="94" count="0" type="cond" truecount="0" falsecount="2"/>
        <line num="96" count="0" type="stmt"/>
        <line num="97" count="0" type="stmt"/>
        <line num="99" count="0" type="stmt"/>
        <line num="101" count="0" type="stmt"/>
        <line num="103" count="0" type="stmt"/>
        <line num="106" count="5" type="stmt"/>
        <line num="107" count="0" type="stmt"/>
        <line num="108" count="0" type="stmt"/>
        <line num="109" count="0" type="stmt"/>
        <line num="115" count="0" type="stmt"/>
        <line num="116" count="0" type="stmt"/>
        <line num="120" count="5" type="stmt"/>
        <line num="121" count="0" type="stmt"/>
        <line num="122" count="0" type="stmt"/>
        <line num="123" count="0" type="cond" truecount="0" falsecount="2"/>
        <line num="124" count="0" type="stmt"/>
        <line num="125" count="0" type="stmt"/>
        <line num="127" count="0" type="stmt"/>
        <line num="128" count="0" type="stmt"/>
        <line num="130" count="0" type="stmt"/>
        <line num="132" count="5" type="stmt"/>
        <line num="133" count="0" type="stmt"/>
        <line num="134" count="0" type="stmt"/>
        <line num="135" count="0" type="stmt"/>
        <line num="138" count="5" type="stmt"/>
        <line num="139" count="3" type="stmt"/>
        <line num="141" count="5" type="stmt"/>
        <line num="145" count="12" type="stmt"/>
        <line num="164" count="0" type="stmt"/>
        <line num="172" count="12" type="cond" truecount="1" falsecount="1"/>
      </file>
      <file name="DisplayElement.jsx" path="/Users/edmondpoon/Desktop/School/cse115/smartmeal/frontend/src/components/CheckList/DisplayElement.jsx">
        <metrics statements="113" coveredstatements="19" conditionals="50" coveredconditionals="10" methods="21" coveredmethods="2"/>
        <line num="19" count="11" type="stmt"/>
        <line num="20" count="0" type="stmt"/>
        <line num="21" count="0" type="stmt"/>
        <line num="22" count="0" type="stmt"/>
        <line num="23" count="0" type="stmt"/>
        <line num="24" count="0" type="stmt"/>
        <line num="25" count="0" type="stmt"/>
        <line num="26" count="0" type="stmt"/>
        <line num="27" count="0" type="stmt"/>
        <line num="28" count="0" type="stmt"/>
        <line num="29" count="0" type="stmt"/>
        <line num="31" count="0" type="stmt"/>
        <line num="32" count="0" type="stmt"/>
        <line num="33" count="0" type="cond" truecount="0" falsecount="2"/>
        <line num="34" count="0" type="stmt"/>
        <line num="35" count="0" type="stmt"/>
        <line num="44" count="0" type="cond" truecount="0" falsecount="2"/>
        <line num="45" count="0" type="stmt"/>
        <line num="47" count="0" type="stmt"/>
        <line num="49" count="0" type="stmt"/>
        <line num="63" count="4" type="stmt"/>
        <line num="64" count="4" type="stmt"/>
        <line num="65" count="4" type="stmt"/>
        <line num="66" count="4" type="stmt"/>
        <line num="67" count="4" type="stmt"/>
        <line num="69" count="4" type="stmt"/>
        <line num="70" count="0" type="stmt"/>
        <line num="71" count="0" type="stmt"/>
        <line num="72" count="0" type="stmt"/>
        <line num="75" count="4" type="stmt"/>
        <line num="76" count="0" type="stmt"/>
        <line num="79" count="4" type="stmt"/>
        <line num="80" count="0" type="stmt"/>
        <line num="86" count="0" type="stmt"/>
        <line num="87" count="0" type="stmt"/>
        <line num="90" count="4" type="stmt"/>
        <line num="92" count="0" type="stmt"/>
        <line num="93" count="0" type="stmt"/>
        <line num="95" count="0" type="stmt"/>
        <line num="96" count="0" type="stmt"/>
        <line num="97" count="0" type="stmt"/>
        <line num="98" count="0" type="stmt"/>
        <line num="100" count="0" type="stmt"/>
        <line num="101" count="0" type="stmt"/>
        <line num="104" count="0" type="cond" truecount="0" falsecount="2"/>
        <line num="105" count="0" type="cond" truecount="0" falsecount="2"/>
        <line num="106" count="0" type="stmt"/>
        <line num="108" count="0" type="stmt"/>
        <line num="110" count="0" type="stmt"/>
        <line num="111" count="0" type="stmt"/>
        <line num="113" count="0" type="stmt"/>
        <line num="116" count="0" type="cond" truecount="0" falsecount="2"/>
        <line num="117" count="0" type="stmt"/>
        <line num="118" count="0" type="stmt"/>
        <line num="120" count="0" type="stmt"/>
        <line num="122" count="0" type="stmt"/>
        <line num="123" count="0" type="stmt"/>
        <line num="124" count="0" type="stmt"/>
        <line num="128" count="0" type="stmt"/>
        <line num="131" count="0" type="cond" truecount="0" falsecount="2"/>
        <line num="132" count="0" type="stmt"/>
        <line num="135" count="0" type="cond" truecount="0" falsecount="2"/>
        <line num="136" count="0" type="stmt"/>
        <line num="140" count="0" type="stmt"/>
        <line num="143" count="0" type="stmt"/>
        <line num="145" count="0" type="stmt"/>
        <line num="148" count="0" type="stmt"/>
        <line num="149" count="0" type="stmt"/>
        <line num="150" count="0" type="stmt"/>
        <line num="151" count="0" type="stmt"/>
        <line num="152" count="0" type="stmt"/>
        <line num="153" count="0" type="stmt"/>
        <line num="157" count="4" type="stmt"/>
        <line num="159" count="0" type="stmt"/>
        <line num="160" count="0" type="stmt"/>
        <line num="161" count="0" type="stmt"/>
        <line num="162" count="0" type="cond" truecount="0" falsecount="2"/>
        <line num="163" count="0" type="stmt"/>
        <line num="164" count="0" type="cond" truecount="0" falsecount="2"/>
        <line num="165" count="0" type="stmt"/>
        <line num="167" count="0" type="stmt"/>
        <line num="170" count="0" type="stmt"/>
        <line num="173" count="0" type="cond" truecount="0" falsecount="2"/>
        <line num="174" count="0" type="stmt"/>
        <line num="175" count="0" type="stmt"/>
        <line num="177" count="0" type="stmt"/>
        <line num="180" count="0" type="stmt"/>
        <line num="183" count="0" type="stmt"/>
        <line num="184" count="0" type="stmt"/>
        <line num="185" count="0" type="stmt"/>
        <line num="187" count="0" type="stmt"/>
        <line num="189" count="0" type="stmt"/>
        <line num="190" count="0" type="stmt"/>
        <line num="191" count="0" type="stmt"/>
        <line num="195" count="4" type="stmt"/>
        <line num="196" count="2" type="cond" truecount="3" falsecount="1"/>
        <line num="197" count="0" type="stmt"/>
        <line num="198" count="0" type="stmt"/>
        <line num="199" count="0" type="stmt"/>
        <line num="200" count="0" type="stmt"/>
        <line num="202" count="2" type="stmt"/>
        <line num="206" count="4" type="stmt"/>
        <line num="207" count="0" type="stmt"/>
        <line num="210" count="4" type="stmt"/>
        <line num="211" count="0" type="stmt"/>
        <line num="213" count="4" type="stmt"/>
        <line num="222" count="4" type="stmt"/>
        <line num="227" count="4" type="stmt"/>
        <line num="316" count="0" type="stmt"/>
        <line num="318" count="0" type="stmt"/>
        <line num="324" count="0" type="stmt"/>
        <line num="331" count="0" type="stmt"/>
        <line num="335" count="0" type="stmt"/>
      </file>
    </package>
    <package name="src.components.Homepage">
      <metrics statements="152" coveredstatements="150" conditionals="110" coveredconditionals="94" methods="45" coveredmethods="45"/>
      <file name="Calendar.jsx" path="/Users/edmondpoon/Desktop/School/cse115/smartmeal/frontend/src/components/Homepage/Calendar.jsx">
        <metrics statements="42" coveredstatements="41" conditionals="34" coveredconditionals="28" methods="8" coveredmethods="8"/>
        <line num="14" count="1232" type="stmt"/>
        <line num="23" count="11" type="stmt"/>
        <line num="24" count="1" type="stmt"/>
        <line num="25" count="1" type="stmt"/>
        <line num="26" count="1" type="cond" truecount="1" falsecount="1"/>
        <line num="27" count="1" type="cond" truecount="1" falsecount="1"/>
        <line num="30" count="1" type="stmt"/>
        <line num="33" count="1" type="stmt"/>
        <line num="34" count="1" type="stmt"/>
        <line num="37" count="1" type="stmt"/>
        <line num="40" count="1" type="stmt"/>
        <line num="46" count="1" type="stmt"/>
        <line num="47" count="3" type="stmt"/>
        <line num="48" count="3" type="stmt"/>
        <line num="53" count="1" type="stmt"/>
        <line num="57" count="1" type="stmt"/>
        <line num="64" count="1" type="stmt"/>
        <line num="83" count="88" type="stmt"/>
        <line num="84" count="88" type="stmt"/>
        <line num="92" count="88" type="cond" truecount="3" falsecount="0"/>
        <line num="93" count="88" type="cond" truecount="3" falsecount="0"/>
        <line num="95" count="88" type="stmt"/>
        <line num="96" count="24" type="cond" truecount="2" falsecount="0"/>
        <line num="97" count="2" type="stmt"/>
        <line num="98" count="2" type="stmt"/>
        <line num="102" count="88" type="stmt"/>
        <line num="104" count="88" type="stmt"/>
        <line num="106" count="1" type="cond" truecount="1" falsecount="1"/>
        <line num="107" count="1" type="stmt"/>
        <line num="108" count="1" type="stmt"/>
        <line num="109" count="1" type="stmt"/>
        <line num="111" count="1" type="stmt"/>
        <line num="113" count="1" type="cond" truecount="1" falsecount="1"/>
        <line num="114" count="1" type="stmt"/>
        <line num="116" count="0" type="stmt"/>
        <line num="121" count="88" type="stmt"/>
        <line num="123" count="88" type="stmt"/>
        <line num="132" count="616" type="stmt"/>
        <line num="154" count="1239" type="stmt"/>
        <line num="155" count="1239" type="cond" truecount="1" falsecount="1"/>
        <line num="157" count="1239" type="stmt"/>
        <line num="166" count="1" type="stmt"/>
      </file>
      <file name="Home.jsx" path="/Users/edmondpoon/Desktop/School/cse115/smartmeal/frontend/src/components/Homepage/Home.jsx">
        <metrics statements="49" coveredstatements="48" conditionals="42" coveredconditionals="37" methods="12" coveredmethods="12"/>
        <line num="14" count="11" type="stmt"/>
        <line num="17" count="11" type="stmt"/>
        <line num="18" count="2" type="stmt"/>
        <line num="19" count="2" type="stmt"/>
        <line num="20" count="2" type="cond" truecount="1" falsecount="1"/>
        <line num="22" count="2" type="stmt"/>
        <line num="28" count="2" type="stmt"/>
        <line num="40" count="11" type="stmt"/>
        <line num="41" count="20" type="stmt"/>
        <line num="42" count="20" type="stmt"/>
        <line num="43" count="20" type="cond" truecount="1" falsecount="1"/>
        <line num="45" count="20" type="stmt"/>
        <line num="54" count="19" type="stmt"/>
        <line num="57" count="19" type="stmt"/>
        <line num="68" count="86" type="stmt"/>
        <line num="69" count="86" type="stmt"/>
        <line num="71" count="86" type="cond" truecount="2" falsecount="0"/>
        <line num="73" count="86" type="stmt"/>
        <line num="75" count="86" type="stmt"/>
        <line num="77" count="86" type="stmt"/>
        <line num="80" count="86" type="cond" truecount="3" falsecount="0"/>
        <line num="82" count="86" type="stmt"/>
        <line num="84" count="86" type="stmt"/>
        <line num="86" count="86" type="stmt"/>
        <line num="88" count="86" type="stmt"/>
        <line num="89" count="20" type="stmt"/>
        <line num="92" count="86" type="stmt"/>
        <line num="93" count="63" type="cond" truecount="5" falsecount="0"/>
        <line num="95" count="37" type="cond" truecount="5" falsecount="0"/>
        <line num="96" count="1" type="stmt"/>
        <line num="97" count="36" type="cond" truecount="4" falsecount="0"/>
        <line num="98" count="17" type="stmt"/>
        <line num="102" count="86" type="stmt"/>
        <line num="103" count="21" type="cond" truecount="2" falsecount="0"/>
        <line num="106" count="86" type="stmt"/>
        <line num="108" count="3" type="cond" truecount="2" falsecount="3"/>
        <line num="110" count="0" type="stmt"/>
        <line num="114" count="86" type="stmt"/>
        <line num="116" count="3" type="cond" truecount="4" falsecount="0"/>
        <line num="118" count="2" type="stmt"/>
        <line num="119" count="2" type="stmt"/>
        <line num="120" count="2" type="cond" truecount="2" falsecount="0"/>
        <line num="121" count="1" type="stmt"/>
        <line num="123" count="2" type="stmt"/>
        <line num="127" count="86" type="stmt"/>
        <line num="128" count="2" type="stmt"/>
        <line num="129" count="2" type="stmt"/>
        <line num="133" count="86" type="stmt"/>
        <line num="163" count="2" type="stmt"/>
      </file>
      <file name="Menu.jsx" path="/Users/edmondpoon/Desktop/School/cse115/smartmeal/frontend/src/components/Homepage/Menu.jsx">
        <metrics statements="51" coveredstatements="51" conditionals="32" coveredconditionals="27" methods="18" coveredmethods="18"/>
        <line num="20" count="172" type="stmt"/>
        <line num="30" count="11" type="stmt"/>
        <line num="31" count="20" type="stmt"/>
        <line num="32" count="20" type="stmt"/>
        <line num="33" count="20" type="cond" truecount="1" falsecount="1"/>
        <line num="34" count="20" type="stmt"/>
        <line num="52" count="19" type="stmt"/>
        <line num="55" count="19" type="stmt"/>
        <line num="60" count="11" type="stmt"/>
        <line num="61" count="3" type="stmt"/>
        <line num="62" count="3" type="stmt"/>
        <line num="63" count="3" type="cond" truecount="1" falsecount="1"/>
        <line num="64" count="3" type="cond" truecount="1" falsecount="1"/>
        <line num="65" count="3" type="stmt"/>
        <line num="73" count="2" type="stmt"/>
        <line num="76" count="2" type="stmt"/>
        <line num="87" count="86" type="stmt"/>
        <line num="91" count="86" type="stmt"/>
        <line num="94" count="86" type="stmt"/>
        <line num="96" count="86" type="stmt"/>
        <line num="98" count="86" type="stmt"/>
        <line num="99" count="20" type="stmt"/>
        <line num="102" count="86" type="cond" truecount="2" falsecount="0"/>
        <line num="103" count="86" type="cond" truecount="2" falsecount="0"/>
        <line num="105" count="86" type="stmt"/>
        <line num="106" count="21" type="cond" truecount="2" falsecount="0"/>
        <line num="109" count="86" type="stmt"/>
        <line num="111" count="24" type="cond" truecount="2" falsecount="0"/>
        <line num="112" count="3" type="stmt"/>
        <line num="116" count="86" type="stmt"/>
        <line num="118" count="3" type="cond" truecount="2" falsecount="0"/>
        <line num="119" count="1" type="stmt"/>
        <line num="121" count="2" type="stmt"/>
        <line num="126" count="86" type="stmt"/>
        <line num="127" count="86" type="stmt"/>
        <line num="129" count="86" type="stmt"/>
        <line num="130" count="1" type="stmt"/>
        <line num="133" count="86" type="stmt"/>
        <line num="134" count="1" type="stmt"/>
        <line num="137" count="86" type="stmt"/>
        <line num="150" count="172" type="cond" truecount="2" falsecount="0"/>
        <line num="151" count="172" type="cond" truecount="2" falsecount="0"/>
        <line num="152" count="172" type="cond" truecount="2" falsecount="0"/>
        <line num="153" count="172" type="stmt"/>
        <line num="171" count="348" type="stmt"/>
        <line num="172" count="348" type="cond" truecount="2" falsecount="0"/>
        <line num="173" count="58" type="stmt"/>
        <line num="176" count="290" type="cond" truecount="1" falsecount="1"/>
        <line num="178" count="290" type="stmt"/>
        <line num="181" count="3" type="stmt"/>
        <line num="221" count="1" type="stmt"/>
      </file>
      <file name="Tools.jsx" path="/Users/edmondpoon/Desktop/School/cse115/smartmeal/frontend/src/components/Homepage/Tools.jsx">
        <metrics statements="10" coveredstatements="10" conditionals="2" coveredconditionals="2" methods="7" coveredmethods="7"/>
        <line num="16" count="86" type="stmt"/>
        <line num="31" count="86" type="stmt"/>
        <line num="46" count="86" type="stmt"/>
        <line num="63" count="86" type="stmt"/>
        <line num="65" count="86" type="stmt"/>
        <line num="66" count="3" type="stmt"/>
        <line num="67" count="3" type="stmt"/>
        <line num="71" count="86" type="stmt"/>
        <line num="87" count="1" type="stmt"/>
        <line num="116" count="1" type="stmt"/>
      </file>
    </package>
    <package name="src.components.Homepage.AddRecipe">
      <metrics statements="104" coveredstatements="101" conditionals="32" coveredconditionals="26" methods="28" coveredmethods="25"/>
      <file name="AddMealDialog.jsx" path="/Users/edmondpoon/Desktop/School/cse115/smartmeal/frontend/src/components/Homepage/AddRecipe/AddMealDialog.jsx">
        <metrics statements="104" coveredstatements="101" conditionals="32" coveredconditionals="26" methods="28" coveredmethods="25"/>
        <line num="42" count="111" type="stmt"/>
        <line num="43" count="111" type="stmt"/>
        <line num="46" count="111" type="stmt"/>
        <line num="50" count="111" type="stmt"/>
        <line num="55" count="111" type="stmt"/>
        <line num="56" count="111" type="stmt"/>
        <line num="57" count="111" type="stmt"/>
        <line num="58" count="111" type="stmt"/>
        <line num="59" count="111" type="stmt"/>
        <line num="60" count="111" type="stmt"/>
        <line num="61" count="111" type="stmt"/>
        <line num="63" count="111" type="stmt"/>
        <line num="64" count="111" type="stmt"/>
        <line num="67" count="111" type="stmt"/>
        <line num="69" count="111" type="stmt"/>
        <line num="71" count="111" type="stmt"/>
        <line num="72" count="111" type="stmt"/>
        <line num="73" count="111" type="stmt"/>
        <line num="84" count="7" type="stmt"/>
        <line num="88" count="111" type="stmt"/>
        <line num="89" count="1" type="stmt"/>
        <line num="93" count="111" type="stmt"/>
        <line num="94" count="13" type="stmt"/>
        <line num="96" count="13" type="cond" truecount="2" falsecount="0"/>
        <line num="97" count="5" type="stmt"/>
        <line num="98" count="8" type="cond" truecount="2" falsecount="0"/>
        <line num="100" count="4" type="stmt"/>
        <line num="101" count="4" type="stmt"/>
        <line num="102" count="4" type="cond" truecount="4" falsecount="0"/>
        <line num="104" count="1" type="stmt"/>
        <line num="105" count="1" type="stmt"/>
        <line num="106" count="1" type="stmt"/>
        <line num="107" count="3" type="cond" truecount="2" falsecount="0"/>
        <line num="109" count="1" type="stmt"/>
        <line num="110" count="1" type="stmt"/>
        <line num="111" count="1" type="stmt"/>
        <line num="112" count="1" type="stmt"/>
        <line num="115" count="2" type="stmt"/>
        <line num="121" count="2" type="stmt"/>
        <line num="123" count="2" type="stmt"/>
        <line num="124" count="2" type="stmt"/>
        <line num="125" count="2" type="stmt"/>
        <line num="126" count="2" type="stmt"/>
        <line num="127" count="2" type="stmt"/>
        <line num="128" count="2" type="stmt"/>
        <line num="129" count="2" type="stmt"/>
        <line num="134" count="111" type="stmt"/>
        <line num="135" count="1" type="stmt"/>
        <line num="139" count="111" type="stmt"/>
        <line num="140" count="1" type="stmt"/>
        <line num="141" count="1" type="stmt"/>
        <line num="144" count="111" type="stmt"/>
        <line num="145" count="1" type="stmt"/>
        <line num="149" count="111" type="stmt"/>
        <line num="150" count="1" type="stmt"/>
        <line num="151" count="1" type="stmt"/>
        <line num="152" count="1" type="stmt"/>
        <line num="161" count="1" type="stmt"/>
        <line num="163" count="1" type="stmt"/>
        <line num="164" count="1" type="stmt"/>
        <line num="166" count="1" type="stmt"/>
        <line num="167" count="0" type="stmt"/>
        <line num="170" count="1" type="stmt"/>
        <line num="171" count="0" type="stmt"/>
        <line num="174" count="1" type="stmt"/>
        <line num="175" count="0" type="stmt"/>
        <line num="179" count="111" type="stmt"/>
        <line num="180" count="1" type="stmt"/>
        <line num="181" count="1" type="stmt"/>
        <line num="182" count="1" type="stmt"/>
        <line num="183" count="1" type="stmt"/>
        <line num="186" count="111" type="stmt"/>
        <line num="187" count="1" type="stmt"/>
        <line num="188" count="1" type="stmt"/>
        <line num="191" count="111" type="stmt"/>
        <line num="194" count="1" type="stmt"/>
        <line num="195" count="1" type="stmt"/>
        <line num="207" count="2" type="stmt"/>
        <line num="208" count="2" type="stmt"/>
        <line num="209" count="1" type="stmt"/>
        <line num="210" count="1" type="stmt"/>
        <line num="212" count="2" type="stmt"/>
        <line num="221" count="2" type="cond" truecount="2" falsecount="0"/>
        <line num="224" count="111" type="stmt"/>
        <line num="226" count="2" type="stmt"/>
        <line num="234" count="2" type="stmt"/>
        <line num="235" count="2" type="stmt"/>
        <line num="237" count="2" type="cond" truecount="2" falsecount="0"/>
        <line num="239" count="1" type="stmt"/>
        <line num="240" count="1" type="stmt"/>
        <line num="241" count="1" type="cond" truecount="1" falsecount="1"/>
        <line num="244" count="1" type="stmt"/>
        <line num="253" count="1" type="stmt"/>
        <line num="254" count="1" type="stmt"/>
        <line num="255" count="1" type="stmt"/>
        <line num="257" count="1" type="stmt"/>
        <line num="262" count="111" type="stmt"/>
        <line num="303" count="17" type="stmt"/>
        <line num="306" count="444" type="stmt"/>
        <line num="389" count="3" type="stmt"/>
        <line num="405" count="6" type="stmt"/>
        <line num="422" count="1273" type="stmt"/>
        <line num="445" count="15" type="stmt"/>
        <line num="468" count="1" type="stmt"/>
      </file>
    </package>
    <package name="src.components.Homepage.Filter">
      <metrics statements="53" coveredstatements="52" conditionals="12" coveredconditionals="8" methods="23" coveredmethods="22"/>
      <file name="Filter.jsx" path="/Users/edmondpoon/Desktop/School/cse115/smartmeal/frontend/src/components/Homepage/Filter/Filter.jsx">
        <metrics statements="22" coveredstatements="21" conditionals="4" coveredconditionals="2" methods="10" coveredmethods="9"/>
        <line num="11" count="11" type="stmt"/>
        <line num="12" count="11" type="stmt"/>
        <line num="13" count="11" type="stmt"/>
        <line num="23" count="11" type="stmt"/>
        <line num="24" count="1" type="stmt"/>
        <line num="25" count="1" type="stmt"/>
        <line num="26" count="1" type="cond" truecount="1" falsecount="1"/>
        <line num="27" count="1" type="cond" truecount="1" falsecount="1"/>
        <line num="29" count="1" type="stmt"/>
        <line num="35" count="1" type="stmt"/>
        <line num="54" count="86" type="stmt"/>
        <line num="56" count="86" type="stmt"/>
        <line num="57" count="1" type="stmt"/>
        <line num="58" count="1" type="stmt"/>
        <line num="61" count="86" type="stmt"/>
        <line num="69" count="228" type="stmt"/>
        <line num="72" count="77" type="stmt"/>
        <line num="75" count="0" type="stmt"/>
        <line num="78" count="91" type="stmt"/>
        <line num="84" count="228" type="stmt"/>
        <line num="86" count="65" type="stmt"/>
        <line num="90" count="1" type="stmt"/>
      </file>
      <file name="Tags.jsx" path="/Users/edmondpoon/Desktop/School/cse115/smartmeal/frontend/src/components/Homepage/Filter/Tags.jsx">
        <metrics statements="31" coveredstatements="31" conditionals="8" coveredconditionals="6" methods="13" coveredmethods="13"/>
        <line num="21" count="11" type="stmt"/>
        <line num="22" count="10" type="stmt"/>
        <line num="23" count="10" type="stmt"/>
        <line num="24" count="10" type="cond" truecount="1" falsecount="1"/>
        <line num="25" count="10" type="cond" truecount="1" falsecount="1"/>
        <line num="27" count="10" type="stmt"/>
        <line num="33" count="10" type="stmt"/>
        <line num="50" count="8" type="stmt"/>
        <line num="53" count="8" type="stmt"/>
        <line num="54" count="8" type="stmt"/>
        <line num="59" count="8" type="stmt"/>
        <line num="60" count="2" type="stmt"/>
        <line num="61" count="2" type="stmt"/>
        <line num="64" count="8" type="stmt"/>
        <line num="72" count="1" type="stmt"/>
        <line num="82" count="1" type="stmt"/>
        <line num="102" count="86" type="stmt"/>
        <line num="105" count="258" type="stmt"/>
        <line num="106" count="1" type="stmt"/>
        <line num="109" count="86" type="stmt"/>
        <line num="110" count="2" type="stmt"/>
        <line num="111" count="2" type="stmt"/>
        <line num="112" count="8" type="stmt"/>
        <line num="113" count="8" type="stmt"/>
        <line num="115" count="2" type="stmt"/>
        <line num="119" count="86" type="stmt"/>
        <line num="120" count="86" type="stmt"/>
        <line num="131" count="228" type="stmt"/>
        <line num="154" count="86" type="stmt"/>
        <line num="167" count="1" type="stmt"/>
        <line num="173" count="1" type="stmt"/>
      </file>
    </package>
    <package name="src.components.LandingPage">
      <metrics statements="5" coveredstatements="5" conditionals="0" coveredconditionals="0" methods="5" coveredmethods="5"/>
      <file name="HeaderBar.jsx" path="/Users/edmondpoon/Desktop/School/cse115/smartmeal/frontend/src/components/LandingPage/HeaderBar.jsx">
        <metrics statements="1" coveredstatements="1" conditionals="0" coveredconditionals="0" methods="1" coveredmethods="1"/>
        <line num="11" count="11" type="stmt"/>
      </file>
      <file name="HeaderButtons.jsx" path="/Users/edmondpoon/Desktop/School/cse115/smartmeal/frontend/src/components/LandingPage/HeaderButtons.jsx">
        <metrics statements="1" coveredstatements="1" conditionals="0" coveredconditionals="0" methods="1" coveredmethods="1"/>
        <line num="13" count="11" type="stmt"/>
      </file>
      <file name="LandingPage.jsx" path="/Users/edmondpoon/Desktop/School/cse115/smartmeal/frontend/src/components/LandingPage/LandingPage.jsx">
        <metrics statements="1" coveredstatements="1" conditionals="0" coveredconditionals="0" methods="1" coveredmethods="1"/>
        <line num="12" count="11" type="stmt"/>
      </file>
      <file name="ScreenshotCard.jsx" path="/Users/edmondpoon/Desktop/School/cse115/smartmeal/frontend/src/components/LandingPage/ScreenshotCard.jsx">
        <metrics statements="1" coveredstatements="1" conditionals="0" coveredconditionals="0" methods="1" coveredmethods="1"/>
        <line num="15" count="11" type="stmt"/>
      </file>
      <file name="ScreenshotCard2.jsx" path="/Users/edmondpoon/Desktop/School/cse115/smartmeal/frontend/src/components/LandingPage/ScreenshotCard2.jsx">
        <metrics statements="1" coveredstatements="1" conditionals="0" coveredconditionals="0" methods="1" coveredmethods="1"/>
        <line num="14" count="11" type="stmt"/>
      </file>
    </package>
    <package name="src.components.Login_Registration">
      <metrics statements="54" coveredstatements="53" conditionals="15" coveredconditionals="13" methods="15" coveredmethods="15"/>
      <file name="Login.jsx" path="/Users/edmondpoon/Desktop/School/cse115/smartmeal/frontend/src/components/Login_Registration/Login.jsx">
        <metrics statements="23" coveredstatements="22" conditionals="6" coveredconditionals="4" methods="7" coveredmethods="7"/>
        <line num="21" count="14" type="stmt"/>
        <line num="23" count="14" type="stmt"/>
        <line num="25" count="14" type="stmt"/>
        <line num="26" count="14" type="stmt"/>
        <line num="28" count="14" type="stmt"/>
        <line num="29" count="22" type="stmt"/>
        <line num="30" count="22" type="stmt"/>
        <line num="31" count="22" type="stmt"/>
        <line num="32" count="22" type="stmt"/>
        <line num="35" count="14" type="stmt"/>
        <line num="36" count="11" type="stmt"/>
        <line num="37" count="11" type="stmt"/>
        <line num="45" count="11" type="cond" truecount="2" falsecount="0"/>
        <line num="46" count="1" type="stmt"/>
        <line num="48" count="10" type="stmt"/>
        <line num="51" count="10" type="stmt"/>
        <line num="52" count="10" type="stmt"/>
        <line num="53" count="10" type="stmt"/>
        <line num="55" count="1" type="stmt"/>
        <line num="59" count="14" type="stmt"/>
        <line num="60" count="13" type="cond" truecount="1" falsecount="1"/>
        <line num="61" count="0" type="stmt"/>
        <line num="64" count="14" type="stmt"/>
      </file>
      <file name="Registration.jsx" path="/Users/edmondpoon/Desktop/School/cse115/smartmeal/frontend/src/components/Login_Registration/Registration.jsx">
        <metrics statements="31" coveredstatements="31" conditionals="9" coveredconditionals="9" methods="8" coveredmethods="8"/>
        <line num="15" count="11" type="stmt"/>
        <line num="16" count="10" type="stmt"/>
        <line num="17" count="10" type="cond" truecount="2" falsecount="0"/>
        <line num="18" count="6" type="stmt"/>
        <line num="20" count="4" type="stmt"/>
        <line num="23" count="11" type="stmt"/>
        <line num="24" count="4" type="stmt"/>
        <line num="25" count="4" type="stmt"/>
        <line num="33" count="5" type="stmt"/>
        <line num="34" count="5" type="stmt"/>
        <line num="35" count="5" type="stmt"/>
        <line num="36" count="5" type="stmt"/>
        <line num="40" count="5" type="stmt"/>
        <line num="41" count="10" type="stmt"/>
        <line num="42" count="10" type="stmt"/>
        <line num="43" count="10" type="stmt"/>
        <line num="44" count="10" type="cond" truecount="3" falsecount="0"/>
        <line num="47" count="10" type="stmt"/>
        <line num="49" count="5" type="stmt"/>
        <line num="50" count="2" type="stmt"/>
        <line num="51" count="2" type="stmt"/>
        <line num="52" count="2" type="stmt"/>
        <line num="53" count="2" type="stmt"/>
        <line num="54" count="2" type="stmt"/>
        <line num="55" count="2" type="stmt"/>
        <line num="63" count="2" type="cond" truecount="2" falsecount="0"/>
        <line num="64" count="1" type="stmt"/>
        <line num="66" count="1" type="stmt"/>
        <line num="69" count="1" type="stmt"/>
        <line num="71" count="1" type="stmt"/>
        <line num="74" count="5" type="stmt"/>
      </file>
    </package>
    <package name="src.components.Sidebar">
      <metrics statements="39" coveredstatements="39" conditionals="26" coveredconditionals="26" methods="17" coveredmethods="17"/>
      <file name="DrawerContent.jsx" path="/Users/edmondpoon/Desktop/School/cse115/smartmeal/frontend/src/components/Sidebar/DrawerContent.jsx">
        <metrics statements="12" coveredstatements="12" conditionals="16" coveredconditionals="16" methods="5" coveredmethods="5"/>
        <line num="25" count="30" type="stmt"/>
        <line num="26" count="30" type="stmt"/>
        <line num="27" count="30" type="stmt"/>
        <line num="28" count="1" type="stmt"/>
        <line num="29" count="1" type="stmt"/>
        <line num="32" count="30" type="stmt"/>
        <line num="33" count="1" type="stmt"/>
        <line num="36" count="30" type="stmt"/>
        <line num="37" count="30" type="stmt"/>
        <line num="39" count="30" type="stmt"/>
        <line num="43" count="90" type="stmt"/>
        <line num="77" count="60" type="stmt"/>
      </file>
      <file name="Settings.jsx" path="/Users/edmondpoon/Desktop/School/cse115/smartmeal/frontend/src/components/Sidebar/Settings.jsx">
        <metrics statements="13" coveredstatements="13" conditionals="0" coveredconditionals="0" methods="5" coveredmethods="5"/>
        <line num="20" count="31" type="stmt"/>
        <line num="23" count="31" type="stmt"/>
        <line num="26" count="31" type="stmt"/>
        <line num="31" count="31" type="stmt"/>
        <line num="32" count="31" type="stmt"/>
        <line num="34" count="31" type="stmt"/>
        <line num="35" count="1" type="stmt"/>
        <line num="39" count="31" type="stmt"/>
        <line num="40" count="1" type="stmt"/>
        <line num="41" count="1" type="stmt"/>
        <line num="44" count="31" type="stmt"/>
        <line num="61" count="93" type="stmt"/>
        <line num="66" count="1" type="stmt"/>
      </file>
      <file name="SideBar.jsx" path="/Users/edmondpoon/Desktop/School/cse115/smartmeal/frontend/src/components/Sidebar/SideBar.jsx">
        <metrics statements="14" coveredstatements="14" conditionals="10" coveredconditionals="10" methods="7" coveredmethods="7"/>
        <line num="17" count="11" type="stmt"/>
        <line num="18" count="11" type="stmt"/>
        <line num="20" count="11" type="stmt"/>
        <line num="29" count="58" type="stmt"/>
        <line num="42" count="30" type="stmt"/>
        <line num="51" count="11" type="stmt"/>
        <line num="52" count="161" type="stmt"/>
        <line num="53" count="30" type="stmt"/>
        <line num="77" count="30" type="stmt"/>
        <line num="78" count="30" type="stmt"/>
        <line num="79" count="30" type="stmt"/>
        <line num="81" count="30" type="stmt"/>
        <line num="82" count="1" type="stmt"/>
        <line num="85" count="30" type="stmt"/>
      </file>
    </package>
    <package name="src.components.ViewPlans">
      <metrics statements="101" coveredstatements="95" conditionals="78" coveredconditionals="61" methods="27" coveredmethods="25"/>
      <file name="ViewPlans.jsx" path="/Users/edmondpoon/Desktop/School/cse115/smartmeal/frontend/src/components/ViewPlans/ViewPlans.jsx">
        <metrics statements="101" coveredstatements="95" conditionals="78" coveredconditionals="61" methods="27" coveredmethods="25"/>
        <line num="31" count="13" type="stmt"/>
        <line num="46" count="13" type="stmt"/>
        <line num="61" count="13" type="stmt"/>
        <line num="73" count="11" type="stmt"/>
        <line num="74" count="7" type="stmt"/>
        <line num="75" count="7" type="stmt"/>
        <line num="76" count="7" type="cond" truecount="1" falsecount="1"/>
        <line num="77" count="7" type="cond" truecount="1" falsecount="1"/>
        <line num="79" count="7" type="stmt"/>
        <line num="80" count="7" type="cond" truecount="2" falsecount="0"/>
        <line num="81" count="4" type="stmt"/>
        <line num="84" count="7" type="cond" truecount="2" falsecount="0"/>
        <line num="85" count="1" type="stmt"/>
        <line num="88" count="7" type="stmt"/>
        <line num="96" count="4" type="cond" truecount="1" falsecount="1"/>
        <line num="98" count="0" type="stmt"/>
        <line num="100" count="4" type="stmt"/>
        <line num="103" count="4" type="stmt"/>
        <line num="108" count="11" type="stmt"/>
        <line num="109" count="65" type="stmt"/>
        <line num="110" count="65" type="cond" truecount="1" falsecount="1"/>
        <line num="112" count="0" type="stmt"/>
        <line num="115" count="65" type="stmt"/>
        <line num="116" count="193" type="cond" truecount="2" falsecount="0"/>
        <line num="117" count="65" type="stmt"/>
        <line num="119" count="128" type="stmt"/>
        <line num="120" count="384" type="stmt"/>
        <line num="123" count="65" type="stmt"/>
        <line num="127" count="11" type="stmt"/>
        <line num="128" count="1" type="stmt"/>
        <line num="129" count="1" type="stmt"/>
        <line num="130" count="1" type="cond" truecount="1" falsecount="1"/>
        <line num="131" count="1" type="cond" truecount="1" falsecount="1"/>
        <line num="133" count="1" type="stmt"/>
        <line num="134" count="1" type="stmt"/>
        <line num="137" count="1" type="stmt"/>
        <line num="139" count="1" type="stmt"/>
        <line num="140" count="3" type="cond" truecount="2" falsecount="0"/>
        <line num="141" count="1" type="stmt"/>
        <line num="145" count="2" type="stmt"/>
        <line num="146" count="2" type="stmt"/>
        <line num="149" count="2" type="stmt"/>
        <line num="155" count="2" type="stmt"/>
        <line num="156" count="6" type="stmt"/>
        <line num="161" count="2" type="stmt"/>
        <line num="165" count="2" type="stmt"/>
        <line num="166" count="2" type="stmt"/>
        <line num="168" count="2" type="stmt"/>
        <line num="175" count="2" type="stmt"/>
        <line num="194" count="13" type="stmt"/>
        <line num="195" count="13" type="stmt"/>
        <line num="197" count="13" type="stmt"/>
        <line num="199" count="1" type="stmt"/>
        <line num="202" count="13" type="stmt"/>
        <line num="204" count="1" type="stmt"/>
        <line num="207" count="13" type="stmt"/>
        <line num="209" count="1" type="stmt"/>
        <line num="212" count="13" type="stmt"/>
        <line num="214" count="1" type="stmt"/>
        <line num="217" count="13" type="stmt"/>
        <line num="267" count="14" type="stmt"/>
        <line num="268" count="14" type="stmt"/>
        <line num="269" count="14" type="stmt"/>
        <line num="271" count="14" type="stmt"/>
        <line num="273" count="14" type="stmt"/>
        <line num="275" count="14" type="stmt"/>
        <line num="277" count="14" type="stmt"/>
        <line num="280" count="14" type="stmt"/>
        <line num="282" count="14" type="stmt"/>
        <line num="283" count="7" type="stmt"/>
        <line num="287" count="14" type="stmt"/>
        <line num="288" count="1" type="stmt"/>
        <line num="289" count="1" type="stmt"/>
        <line num="292" count="14" type="stmt"/>
        <line num="293" count="1" type="stmt"/>
        <line num="296" count="14" type="stmt"/>
        <line num="300" count="8" type="cond" truecount="4" falsecount="0"/>
        <line num="302" count="3" type="stmt"/>
        <line num="307" count="14" type="stmt"/>
        <line num="308" count="0" type="stmt"/>
        <line num="309" count="0" type="stmt"/>
        <line num="313" count="14" type="stmt"/>
        <line num="314" count="4" type="stmt"/>
        <line num="318" count="14" type="stmt"/>
        <line num="319" count="2" type="stmt"/>
        <line num="322" count="14" type="stmt"/>
        <line num="323" count="1" type="stmt"/>
        <line num="324" count="1" type="stmt"/>
        <line num="325" count="1" type="stmt"/>
        <line num="328" count="14" type="stmt"/>
        <line num="400" count="35" type="stmt"/>
        <line num="402" count="35" type="stmt"/>
        <line num="403" count="35" type="cond" truecount="1" falsecount="1"/>
        <line num="404" count="0" type="stmt"/>
        <line num="406" count="35" type="cond" truecount="4" falsecount="0"/>
        <line num="407" count="2" type="stmt"/>
        <line num="409" count="33" type="stmt"/>
        <line num="429" count="0" type="stmt"/>
        <line num="448" count="192" type="stmt"/>
        <line num="492" count="1" type="stmt"/>
        <line num="510" count="192" type="stmt"/>
      </file>
    </package>
  </project>
</coverage>
