{"/Users/edmondpoon/Desktop/School/cse115/smartmeal/frontend/src/App.js": {"path":"/Users/edmondpoon/Desktop/School/cse115/smartmeal/frontend/src/App.js","statementMap":{"0":{"start":{"line":18,"column":2},"end":{"line":38,"column":4}},"1":{"start":{"line":41,"column":20},"end":{"line":47,"column":1}},"2":{"start":{"line":42,"column":15},"end":{"line":42,"column":55}},"3":{"start":{"line":43,"column":2},"end":{"line":45,"column":3}},"4":{"start":{"line":44,"column":4},"end":{"line":44,"column":35}},"5":{"start":{"line":46,"column":2},"end":{"line":46,"column":19}}},"fnMap":{"0":{"name":"App","decl":{"start":{"line":16,"column":9},"end":{"line":16,"column":12}},"loc":{"start":{"line":16,"column":15},"end":{"line":39,"column":1}},"line":16},"1":{"name":"(anonymous_1)","decl":{"start":{"line":41,"column":20},"end":{"line":41,"column":21}},"loc":{"start":{"line":41,"column":26},"end":{"line":47,"column":1}},"line":41}},"branchMap":{"0":{"loc":{"start":{"line":43,"column":2},"end":{"line":45,"column":3}},"type":"if","locations":[{"start":{"line":43,"column":2},"end":{"line":45,"column":3}},{"start":{},"end":{}}],"line":43}},"s":{"0":27,"1":11,"2":25,"3":25,"4":1,"5":24},"f":{"0":27,"1":25},"b":{"0":[1,24]},"_coverageSchema":"1a1c01bbd47fc00a2c39e90264f33305004495a9","hash":"617a873f5fe6a586b749e70f64c22259ddf63f57"}
,"/Users/edmondpoon/Desktop/School/cse115/smartmeal/frontend/src/components/CheckList.jsx": {"path":"/Users/edmondpoon/Desktop/School/cse115/smartmeal/frontend/src/components/CheckList.jsx","statementMap":{"0":{"start":{"line":11,"column":14},"end":{"line":21,"column":2}},"1":{"start":{"line":28,"column":17},"end":{"line":28,"column":27}},"2":{"start":{"line":30,"column":2},"end":{"line":44,"column":4}}},"fnMap":{"0":{"name":"ChecklistPage","decl":{"start":{"line":27,"column":9},"end":{"line":27,"column":22}},"loc":{"start":{"line":27,"column":25},"end":{"line":45,"column":1}},"line":27}},"branchMap":{},"s":{"0":11,"1":3,"2":3},"f":{"0":3},"b":{},"_coverageSchema":"1a1c01bbd47fc00a2c39e90264f33305004495a9","hash":"432c054eef75cff98908d477042baaa284fa375f"}
,"/Users/edmondpoon/Desktop/School/cse115/smartmeal/frontend/src/components/DimensionsProvider.jsx": {"path":"/Users/edmondpoon/Desktop/School/cse115/smartmeal/frontend/src/components/DimensionsProvider.jsx","statementMap":{"0":{"start":{"line":5,"column":26},"end":{"line":5,"column":41}},"1":{"start":{"line":7,"column":16},"end":{"line":10,"column":2}},"2":{"start":{"line":7,"column":23},"end":{"line":10,"column":1}},"3":{"start":{"line":12,"column":27},"end":{"line":26,"column":1}},"4":{"start":{"line":13,"column":38},"end":{"line":13,"column":55}},"5":{"start":{"line":14,"column":2},"end":{"line":20,"column":9}},"6":{"start":{"line":15,"column":25},"end":{"line":17,"column":5}},"7":{"start":{"line":16,"column":6},"end":{"line":16,"column":29}},"8":{"start":{"line":18,"column":4},"end":{"line":18,"column":52}},"9":{"start":{"line":19,"column":4},"end":{"line":19,"column":70}},"10":{"start":{"line":19,"column":18},"end":{"line":19,"column":68}},"11":{"start":{"line":21,"column":2},"end":{"line":25,"column":4}},"12":{"start":{"line":30,"column":29},"end":{"line":32,"column":1}},"13":{"start":{"line":31,"column":2},"end":{"line":31,"column":39}}},"fnMap":{"0":{"name":"(anonymous_0)","decl":{"start":{"line":7,"column":16},"end":{"line":7,"column":17}},"loc":{"start":{"line":7,"column":23},"end":{"line":10,"column":1}},"line":7},"1":{"name":"(anonymous_1)","decl":{"start":{"line":12,"column":27},"end":{"line":12,"column":28}},"loc":{"start":{"line":12,"column":43},"end":{"line":26,"column":1}},"line":12},"2":{"name":"(anonymous_2)","decl":{"start":{"line":14,"column":12},"end":{"line":14,"column":13}},"loc":{"start":{"line":14,"column":18},"end":{"line":20,"column":3}},"line":14},"3":{"name":"(anonymous_3)","decl":{"start":{"line":15,"column":25},"end":{"line":15,"column":26}},"loc":{"start":{"line":15,"column":31},"end":{"line":17,"column":5}},"line":15},"4":{"name":"(anonymous_4)","decl":{"start":{"line":19,"column":12},"end":{"line":19,"column":13}},"loc":{"start":{"line":19,"column":18},"end":{"line":19,"column":68}},"line":19},"5":{"name":"(anonymous_5)","decl":{"start":{"line":30,"column":29},"end":{"line":30,"column":30}},"loc":{"start":{"line":30,"column":35},"end":{"line":32,"column":1}},"line":30}},"branchMap":{},"s":{"0":11,"1":11,"2":28,"3":11,"4":28,"5":28,"6":27,"7":1,"8":27,"9":27,"10":27,"11":28,"12":11,"13":172},"f":{"0":28,"1":28,"2":27,"3":1,"4":27,"5":172},"b":{},"_coverageSchema":"1a1c01bbd47fc00a2c39e90264f33305004495a9","hash":"4fec22195e6a6c0870e280140663ee173d948c12"}
,"/Users/edmondpoon/Desktop/School/cse115/smartmeal/frontend/src/components/HomeLayout.jsx": {"path":"/Users/edmondpoon/Desktop/School/cse115/smartmeal/frontend/src/components/HomeLayout.jsx","statementMap":{"0":{"start":{"line":10,"column":14},"end":{"line":21,"column":2}},"1":{"start":{"line":25,"column":2},"end":{"line":36,"column":4}}},"fnMap":{"0":{"name":"HomeLayout","decl":{"start":{"line":24,"column":9},"end":{"line":24,"column":19}},"loc":{"start":{"line":24,"column":27},"end":{"line":37,"column":1}},"line":24}},"branchMap":{},"s":{"0":11,"1":19},"f":{"0":19},"b":{},"_coverageSchema":"1a1c01bbd47fc00a2c39e90264f33305004495a9","hash":"860b461274d002b553723798efe76945e1c53660"}
,"/Users/edmondpoon/Desktop/School/cse115/smartmeal/frontend/src/components/MealContextProvider.jsx": {"path":"/Users/edmondpoon/Desktop/School/cse115/smartmeal/frontend/src/components/MealContextProvider.jsx","statementMap":{"0":{"start":{"line":5,"column":21},"end":{"line":5,"column":36}},"1":{"start":{"line":8,"column":24},"end":{"line":34,"column":1}},"2":{"start":{"line":9,"column":15},"end":{"line":9,"column":43}},"3":{"start":{"line":10,"column":17},"end":{"line":10,"column":33}},"4":{"start":{"line":11,"column":22},"end":{"line":11,"column":54}},"5":{"start":{"line":14,"column":21},"end":{"line":14,"column":31}},"6":{"start":{"line":15,"column":21},"end":{"line":15,"column":40}},"7":{"start":{"line":16,"column":20},"end":{"line":16,"column":30}},"8":{"start":{"line":17,"column":2},"end":{"line":17,"column":55}},"9":{"start":{"line":18,"column":29},"end":{"line":18,"column":70}},"10":{"start":{"line":19,"column":16},"end":{"line":19,"column":41}},"11":{"start":{"line":20,"column":2},"end":{"line":33,"column":7}},"12":{"start":{"line":29,"column":6},"end":{"line":29,"column":29}},"13":{"start":{"line":32,"column":6},"end":{"line":32,"column":38}},"14":{"start":{"line":37,"column":27},"end":{"line":79,"column":1}},"15":{"start":{"line":82,"column":29},"end":{"line":142,"column":1}},"16":{"start":{"line":84,"column":21},"end":{"line":84,"column":31}},"17":{"start":{"line":85,"column":21},"end":{"line":85,"column":40}},"18":{"start":{"line":86,"column":20},"end":{"line":86,"column":30}},"19":{"start":{"line":87,"column":2},"end":{"line":87,"column":55}},"20":{"start":{"line":88,"column":18},"end":{"line":88,"column":28}},"21":{"start":{"line":89,"column":2},"end":{"line":89,"column":59}},"22":{"start":{"line":90,"column":15},"end":{"line":92,"column":77}},"23":{"start":{"line":96,"column":30},"end":{"line":96,"column":50}},"24":{"start":{"line":99,"column":11},"end":{"line":99,"column":15}},"25":{"start":{"line":100,"column":15},"end":{"line":100,"column":43}},"26":{"start":{"line":101,"column":2},"end":{"line":104,"column":3}},"27":{"start":{"line":102,"column":19},"end":{"line":102,"column":35}},"28":{"start":{"line":103,"column":4},"end":{"line":103,"column":39}},"29":{"start":{"line":105,"column":26},"end":{"line":105,"column":44}},"30":{"start":{"line":107,"column":2},"end":{"line":112,"column":15}},"31":{"start":{"line":108,"column":4},"end":{"line":111,"column":5}},"32":{"start":{"line":110,"column":6},"end":{"line":110,"column":39}},"33":{"start":{"line":114,"column":46},"end":{"line":114,"column":58}},"34":{"start":{"line":115,"column":56},"end":{"line":115,"column":68}},"35":{"start":{"line":116,"column":40},"end":{"line":116,"column":52}},"36":{"start":{"line":117,"column":52},"end":{"line":125,"column":3}},"37":{"start":{"line":126,"column":2},"end":{"line":128,"column":9}},"38":{"start":{"line":127,"column":4},"end":{"line":127,"column":42}},"39":{"start":{"line":130,"column":2},"end":{"line":141,"column":4}},"40":{"start":{"line":149,"column":2},"end":{"line":149,"column":34}}},"fnMap":{"0":{"name":"(anonymous_0)","decl":{"start":{"line":8,"column":24},"end":{"line":8,"column":25}},"loc":{"start":{"line":8,"column":45},"end":{"line":34,"column":1}},"line":8},"1":{"name":"(anonymous_1)","decl":{"start":{"line":28,"column":10},"end":{"line":28,"column":11}},"loc":{"start":{"line":28,"column":24},"end":{"line":30,"column":5}},"line":28},"2":{"name":"(anonymous_2)","decl":{"start":{"line":31,"column":10},"end":{"line":31,"column":11}},"loc":{"start":{"line":31,"column":20},"end":{"line":33,"column":5}},"line":31},"3":{"name":"(anonymous_3)","decl":{"start":{"line":82,"column":29},"end":{"line":82,"column":30}},"loc":{"start":{"line":82,"column":45},"end":{"line":142,"column":1}},"line":82},"4":{"name":"(anonymous_4)","decl":{"start":{"line":107,"column":12},"end":{"line":107,"column":13}},"loc":{"start":{"line":107,"column":18},"end":{"line":112,"column":3}},"line":107},"5":{"name":"(anonymous_5)","decl":{"start":{"line":126,"column":12},"end":{"line":126,"column":13}},"loc":{"start":{"line":126,"column":18},"end":{"line":128,"column":3}},"line":126},"6":{"name":"useMeals","decl":{"start":{"line":148,"column":16},"end":{"line":148,"column":24}},"loc":{"start":{"line":148,"column":27},"end":{"line":150,"column":1}},"line":148}},"branchMap":{"0":{"loc":{"start":{"line":11,"column":22},"end":{"line":11,"column":54}},"type":"cond-expr","locations":[{"start":{"line":11,"column":31},"end":{"line":11,"column":49}},{"start":{"line":11,"column":52},"end":{"line":11,"column":54}}],"line":11},"1":{"loc":{"start":{"line":101,"column":2},"end":{"line":104,"column":3}},"type":"if","locations":[{"start":{"line":101,"column":2},"end":{"line":104,"column":3}},{"start":{},"end":{}}],"line":101},"2":{"loc":{"start":{"line":103,"column":9},"end":{"line":103,"column":38}},"type":"cond-expr","locations":[{"start":{"line":103,"column":18},"end":{"line":103,"column":31}},{"start":{"line":103,"column":34},"end":{"line":103,"column":38}}],"line":103},"3":{"loc":{"start":{"line":108,"column":4},"end":{"line":111,"column":5}},"type":"if","locations":[{"start":{"line":108,"column":4},"end":{"line":111,"column":5}},{"start":{},"end":{}}],"line":108}},"s":{"0":11,"1":11,"2":24,"3":24,"4":24,"5":24,"6":24,"7":24,"8":24,"9":24,"10":24,"11":24,"12":19,"13":19,"14":11,"15":11,"16":86,"17":86,"18":86,"19":86,"20":86,"21":86,"22":86,"23":86,"24":86,"25":86,"26":86,"27":60,"28":60,"29":86,"30":86,"31":37,"32":24,"33":86,"34":86,"35":86,"36":86,"37":86,"38":27,"39":86,"40":265},"f":{"0":24,"1":19,"2":19,"3":86,"4":37,"5":27,"6":265},"b":{"0":[24,0],"1":[60,26],"2":[60,0],"3":[24,13]},"_coverageSchema":"1a1c01bbd47fc00a2c39e90264f33305004495a9","hash":"fff60ed4a80630881a24be3f1e3220da0167eb4e"}
,"/Users/edmondpoon/Desktop/School/cse115/smartmeal/frontend/src/components/Page404.jsx": {"path":"/Users/edmondpoon/Desktop/School/cse115/smartmeal/frontend/src/components/Page404.jsx","statementMap":{"0":{"start":{"line":9,"column":2},"end":{"line":39,"column":4}}},"fnMap":{"0":{"name":"Error","decl":{"start":{"line":8,"column":9},"end":{"line":8,"column":14}},"loc":{"start":{"line":8,"column":17},"end":{"line":40,"column":1}},"line":8}},"branchMap":{},"s":{"0":0},"f":{"0":0},"b":{}}
,"/Users/edmondpoon/Desktop/School/cse115/smartmeal/frontend/src/components/PlansLayout.jsx": {"path":"/Users/edmondpoon/Desktop/School/cse115/smartmeal/frontend/src/components/PlansLayout.jsx","statementMap":{"0":{"start":{"line":9,"column":14},"end":{"line":19,"column":2}},"1":{"start":{"line":23,"column":2},"end":{"line":34,"column":4}}},"fnMap":{"0":{"name":"PlansLayout","decl":{"start":{"line":22,"column":9},"end":{"line":22,"column":20}},"loc":{"start":{"line":22,"column":28},"end":{"line":35,"column":1}},"line":22}},"branchMap":{},"s":{"0":11,"1":7},"f":{"0":7},"b":{},"_coverageSchema":"1a1c01bbd47fc00a2c39e90264f33305004495a9","hash":"910c898a3a624af25d0ad7d3ca52502321eb5777"}
,"/Users/edmondpoon/Desktop/School/cse115/smartmeal/frontend/src/components/parser.jsx": {"path":"/Users/edmondpoon/Desktop/School/cse115/smartmeal/frontend/src/components/parser.jsx","statementMap":{"0":{"start":{"line":7,"column":15},"end":{"line":7,"column":31}},"1":{"start":{"line":8,"column":19},"end":{"line":8,"column":49}},"2":{"start":{"line":9,"column":21},"end":{"line":9,"column":73}},"3":{"start":{"line":10,"column":16},"end":{"line":10,"column":48}},"4":{"start":{"line":12,"column":22},"end":{"line":23,"column":3}},"5":{"start":{"line":25,"column":21},"end":{"line":32,"column":3}},"6":{"start":{"line":35,"column":29},"end":{"line":35,"column":56}},"7":{"start":{"line":36,"column":20},"end":{"line":36,"column":50}},"8":{"start":{"line":38,"column":2},"end":{"line":65,"column":3}},"9":{"start":{"line":39,"column":31},"end":{"line":39,"column":72}},"10":{"start":{"line":40,"column":20},"end":{"line":40,"column":45}},"11":{"start":{"line":42,"column":24},"end":{"line":42,"column":37}},"12":{"start":{"line":44,"column":4},"end":{"line":61,"column":5}},"13":{"start":{"line":46,"column":6},"end":{"line":46,"column":29}},"14":{"start":{"line":47,"column":6},"end":{"line":56,"column":7}},"15":{"start":{"line":48,"column":8},"end":{"line":55,"column":9}},"16":{"start":{"line":51,"column":10},"end":{"line":51,"column":57}},"17":{"start":{"line":54,"column":10},"end":{"line":54,"column":51}},"18":{"start":{"line":60,"column":6},"end":{"line":60,"column":42}},"19":{"start":{"line":64,"column":4},"end":{"line":64,"column":47}},"20":{"start":{"line":67,"column":2},"end":{"line":67,"column":20}}},"fnMap":{"0":{"name":"parsePlanData","decl":{"start":{"line":6,"column":9},"end":{"line":6,"column":22}},"loc":{"start":{"line":6,"column":38},"end":{"line":68,"column":1}},"line":6}},"branchMap":{"0":{"loc":{"start":{"line":44,"column":4},"end":{"line":61,"column":5}},"type":"if","locations":[{"start":{"line":44,"column":4},"end":{"line":61,"column":5}},{"start":{"line":57,"column":11},"end":{"line":61,"column":5}}],"line":44},"1":{"loc":{"start":{"line":48,"column":8},"end":{"line":55,"column":9}},"type":"if","locations":[{"start":{"line":48,"column":8},"end":{"line":55,"column":9}},{"start":{"line":52,"column":15},"end":{"line":55,"column":9}}],"line":48},"2":{"loc":{"start":{"line":48,"column":12},"end":{"line":48,"column":57}},"type":"binary-expr","locations":[{"start":{"line":48,"column":12},"end":{"line":48,"column":29}},{"start":{"line":48,"column":33},"end":{"line":48,"column":57}}],"line":48}},"s":{"0":19,"1":19,"2":19,"3":19,"4":19,"5":19,"6":19,"7":19,"8":19,"9":133,"10":133,"11":133,"12":133,"13":0,"14":0,"15":0,"16":0,"17":0,"18":133,"19":133,"20":19},"f":{"0":19},"b":{"0":[0,133],"1":[0,0],"2":[0,0]},"_coverageSchema":"1a1c01bbd47fc00a2c39e90264f33305004495a9","hash":"8b15788a81e2e8630b5c3b727e5aeca6be9b16e7"}
,"/Users/edmondpoon/Desktop/School/cse115/smartmeal/frontend/src/components/CheckList/CheckListElements.jsx": {"path":"/Users/edmondpoon/Desktop/School/cse115/smartmeal/frontend/src/components/CheckList/CheckListElements.jsx","statementMap":{"0":{"start":{"line":11,"column":13},"end":{"line":18,"column":3}},"1":{"start":{"line":11,"column":41},"end":{"line":18,"column":1}},"2":{"start":{"line":25,"column":2},"end":{"line":43,"column":4}}},"fnMap":{"0":{"name":"(anonymous_0)","decl":{"start":{"line":11,"column":27},"end":{"line":11,"column":28}},"loc":{"start":{"line":11,"column":41},"end":{"line":18,"column":1}},"line":11},"1":{"name":"CheckListElement","decl":{"start":{"line":24,"column":9},"end":{"line":24,"column":25}},"loc":{"start":{"line":24,"column":28},"end":{"line":44,"column":1}},"line":24}},"branchMap":{},"s":{"0":11,"1":6,"2":3},"f":{"0":6,"1":3},"b":{},"_coverageSchema":"1a1c01bbd47fc00a2c39e90264f33305004495a9","hash":"f0e84653b309967e2ba120c235bb2681e9dd5e68"}
,"/Users/edmondpoon/Desktop/School/cse115/smartmeal/frontend/src/components/CheckList/Checkbox.jsx": {"path":"/Users/edmondpoon/Desktop/School/cse115/smartmeal/frontend/src/components/CheckList/Checkbox.jsx","statementMap":{"0":{"start":{"line":15,"column":16},"end":{"line":44,"column":1}},"1":{"start":{"line":16,"column":2},"end":{"line":43,"column":7}},"2":{"start":{"line":23,"column":6},"end":{"line":23,"column":29}},"3":{"start":{"line":26,"column":20},"end":{"line":26,"column":22}},"4":{"start":{"line":27,"column":6},"end":{"line":37,"column":7}},"5":{"start":{"line":28,"column":35},"end":{"line":28,"column":42}},"6":{"start":{"line":29,"column":8},"end":{"line":29,"column":63}},"7":{"start":{"line":30,"column":8},"end":{"line":36,"column":13}},"8":{"start":{"line":30,"column":57},"end":{"line":30,"column":77}},"9":{"start":{"line":32,"column":12},"end":{"line":35,"column":13}},"10":{"start":{"line":38,"column":6},"end":{"line":42,"column":7}},"11":{"start":{"line":39,"column":8},"end":{"line":39,"column":30}},"12":{"start":{"line":41,"column":8},"end":{"line":41,"column":30}},"13":{"start":{"line":48,"column":0},"end":{"line":66,"column":1}},"14":{"start":{"line":49,"column":25},"end":{"line":49,"column":27}},"15":{"start":{"line":50,"column":2},"end":{"line":50,"column":24}},"16":{"start":{"line":51,"column":2},"end":{"line":64,"column":7}},"17":{"start":{"line":53,"column":21},"end":{"line":53,"column":76}},"18":{"start":{"line":56,"column":6},"end":{"line":63,"column":9}},"19":{"start":{"line":57,"column":8},"end":{"line":62,"column":9}},"20":{"start":{"line":60,"column":10},"end":{"line":61,"column":48}},"21":{"start":{"line":65,"column":2},"end":{"line":65,"column":41}},"22":{"start":{"line":78,"column":6},"end":{"line":78,"column":16}},"23":{"start":{"line":80,"column":32},"end":{"line":80,"column":46}},"24":{"start":{"line":81,"column":17},"end":{"line":85,"column":3}},"25":{"start":{"line":82,"column":4},"end":{"line":84,"column":7}},"26":{"start":{"line":83,"column":6},"end":{"line":83,"column":59}},"27":{"start":{"line":86,"column":25},"end":{"line":90,"column":3}},"28":{"start":{"line":87,"column":4},"end":{"line":89,"column":7}},"29":{"start":{"line":88,"column":6},"end":{"line":88,"column":38}},"30":{"start":{"line":92,"column":23},"end":{"line":104,"column":3}},"31":{"start":{"line":93,"column":19},"end":{"line":93,"column":38}},"32":{"start":{"line":94,"column":4},"end":{"line":102,"column":5}},"33":{"start":{"line":96,"column":6},"end":{"line":96,"column":51}},"34":{"start":{"line":97,"column":6},"end":{"line":97,"column":45}},"35":{"start":{"line":99,"column":6},"end":{"line":100,"column":40}},"36":{"start":{"line":101,"column":6},"end":{"line":101,"column":44}},"37":{"start":{"line":103,"column":4},"end":{"line":103,"column":30}},"38":{"start":{"line":106,"column":30},"end":{"line":118,"column":3}},"39":{"start":{"line":107,"column":43},"end":{"line":107,"column":69}},"40":{"start":{"line":108,"column":17},"end":{"line":108,"column":73}},"41":{"start":{"line":109,"column":4},"end":{"line":114,"column":7}},"42":{"start":{"line":115,"column":4},"end":{"line":115,"column":42}},"43":{"start":{"line":116,"column":4},"end":{"line":117,"column":20}},"44":{"start":{"line":120,"column":28},"end":{"line":131,"column":3}},"45":{"start":{"line":121,"column":18},"end":{"line":121,"column":37}},"46":{"start":{"line":122,"column":43},"end":{"line":122,"column":69}},"47":{"start":{"line":123,"column":4},"end":{"line":129,"column":5}},"48":{"start":{"line":124,"column":6},"end":{"line":124,"column":73}},"49":{"start":{"line":125,"column":6},"end":{"line":125,"column":50}},"50":{"start":{"line":127,"column":6},"end":{"line":127,"column":72}},"51":{"start":{"line":128,"column":6},"end":{"line":128,"column":50}},"52":{"start":{"line":130,"column":4},"end":{"line":130,"column":29}},"53":{"start":{"line":132,"column":23},"end":{"line":136,"column":3}},"54":{"start":{"line":133,"column":19},"end":{"line":133,"column":38}},"55":{"start":{"line":134,"column":4},"end":{"line":134,"column":63}},"56":{"start":{"line":135,"column":4},"end":{"line":135,"column":30}},"57":{"start":{"line":138,"column":2},"end":{"line":140,"column":23}},"58":{"start":{"line":139,"column":4},"end":{"line":139,"column":22}},"59":{"start":{"line":141,"column":2},"end":{"line":198,"column":4}},"60":{"start":{"line":145,"column":8},"end":{"line":195,"column":15}},"61":{"start":{"line":164,"column":39},"end":{"line":164,"column":61}},"62":{"start":{"line":172,"column":15},"end":{"line":194,"column":20}}},"fnMap":{"0":{"name":"(anonymous_0)","decl":{"start":{"line":15,"column":16},"end":{"line":15,"column":17}},"loc":{"start":{"line":15,"column":48},"end":{"line":44,"column":1}},"line":15},"1":{"name":"(anonymous_1)","decl":{"start":{"line":22,"column":10},"end":{"line":22,"column":11}},"loc":{"start":{"line":22,"column":24},"end":{"line":24,"column":5}},"line":22},"2":{"name":"(anonymous_2)","decl":{"start":{"line":25,"column":10},"end":{"line":25,"column":11}},"loc":{"start":{"line":25,"column":20},"end":{"line":43,"column":5}},"line":25},"3":{"name":"(anonymous_3)","decl":{"start":{"line":30,"column":47},"end":{"line":30,"column":48}},"loc":{"start":{"line":30,"column":57},"end":{"line":30,"column":77}},"line":30},"4":{"name":"(anonymous_4)","decl":{"start":{"line":31,"column":15},"end":{"line":31,"column":16}},"loc":{"start":{"line":32,"column":12},"end":{"line":35,"column":13}},"line":32},"5":{"name":"(anonymous_5)","decl":{"start":{"line":48,"column":0},"end":{"line":48,"column":1}},"loc":{"start":{"line":48,"column":52},"end":{"line":66,"column":1}},"line":48},"6":{"name":"(anonymous_6)","decl":{"start":{"line":53,"column":12},"end":{"line":53,"column":13}},"loc":{"start":{"line":53,"column":21},"end":{"line":53,"column":76}},"line":53},"7":{"name":"(anonymous_7)","decl":{"start":{"line":55,"column":13},"end":{"line":55,"column":14}},"loc":{"start":{"line":55,"column":23},"end":{"line":64,"column":5}},"line":55},"8":{"name":"(anonymous_8)","decl":{"start":{"line":56,"column":24},"end":{"line":56,"column":25}},"loc":{"start":{"line":56,"column":39},"end":{"line":63,"column":7}},"line":56},"9":{"name":"IndeterminateCheckbox","decl":{"start":{"line":72,"column":9},"end":{"line":72,"column":30}},"loc":{"start":{"line":72,"column":33},"end":{"line":199,"column":1}},"line":72},"10":{"name":"(anonymous_10)","decl":{"start":{"line":81,"column":17},"end":{"line":81,"column":18}},"loc":{"start":{"line":81,"column":46},"end":{"line":85,"column":3}},"line":81},"11":{"name":"(anonymous_11)","decl":{"start":{"line":82,"column":57},"end":{"line":82,"column":58}},"loc":{"start":{"line":82,"column":66},"end":{"line":84,"column":5}},"line":82},"12":{"name":"(anonymous_12)","decl":{"start":{"line":86,"column":25},"end":{"line":86,"column":26}},"loc":{"start":{"line":86,"column":54},"end":{"line":90,"column":3}},"line":86},"13":{"name":"(anonymous_13)","decl":{"start":{"line":87,"column":42},"end":{"line":87,"column":43}},"loc":{"start":{"line":87,"column":48},"end":{"line":89,"column":5}},"line":87},"14":{"name":"(anonymous_14)","decl":{"start":{"line":92,"column":23},"end":{"line":92,"column":24}},"loc":{"start":{"line":92,"column":34},"end":{"line":104,"column":3}},"line":92},"15":{"name":"(anonymous_15)","decl":{"start":{"line":106,"column":30},"end":{"line":106,"column":31}},"loc":{"start":{"line":106,"column":41},"end":{"line":118,"column":3}},"line":106},"16":{"name":"(anonymous_16)","decl":{"start":{"line":120,"column":28},"end":{"line":120,"column":29}},"loc":{"start":{"line":120,"column":39},"end":{"line":131,"column":3}},"line":120},"17":{"name":"(anonymous_17)","decl":{"start":{"line":132,"column":23},"end":{"line":132,"column":24}},"loc":{"start":{"line":132,"column":37},"end":{"line":136,"column":3}},"line":132},"18":{"name":"(anonymous_18)","decl":{"start":{"line":138,"column":12},"end":{"line":138,"column":13}},"loc":{"start":{"line":138,"column":18},"end":{"line":140,"column":3}},"line":138},"19":{"name":"(anonymous_19)","decl":{"start":{"line":143,"column":39},"end":{"line":143,"column":40}},"loc":{"start":{"line":145,"column":8},"end":{"line":195,"column":15}},"line":145},"20":{"name":"(anonymous_20)","decl":{"start":{"line":164,"column":33},"end":{"line":164,"column":34}},"loc":{"start":{"line":164,"column":39},"end":{"line":164,"column":61}},"line":164},"21":{"name":"(anonymous_21)","decl":{"start":{"line":170,"column":17},"end":{"line":170,"column":18}},"loc":{"start":{"line":172,"column":15},"end":{"line":194,"column":20}},"line":172}},"branchMap":{"0":{"loc":{"start":{"line":27,"column":6},"end":{"line":37,"column":7}},"type":"if","locations":[{"start":{"line":27,"column":6},"end":{"line":37,"column":7}},{"start":{},"end":{}}],"line":27},"1":{"loc":{"start":{"line":38,"column":6},"end":{"line":42,"column":7}},"type":"if","locations":[{"start":{"line":38,"column":6},"end":{"line":42,"column":7}},{"start":{"line":40,"column":13},"end":{"line":42,"column":7}}],"line":38},"2":{"loc":{"start":{"line":57,"column":8},"end":{"line":62,"column":9}},"type":"if","locations":[{"start":{"line":57,"column":8},"end":{"line":62,"column":9}},{"start":{},"end":{}}],"line":57},"3":{"loc":{"start":{"line":57,"column":12},"end":{"line":59,"column":35}},"type":"binary-expr","locations":[{"start":{"line":57,"column":12},"end":{"line":57,"column":52}},{"start":{"line":58,"column":10},"end":{"line":59,"column":35}}],"line":57},"4":{"loc":{"start":{"line":94,"column":4},"end":{"line":102,"column":5}},"type":"if","locations":[{"start":{"line":94,"column":4},"end":{"line":102,"column":5}},{"start":{"line":98,"column":11},"end":{"line":102,"column":5}}],"line":94},"5":{"loc":{"start":{"line":123,"column":4},"end":{"line":129,"column":5}},"type":"if","locations":[{"start":{"line":123,"column":4},"end":{"line":129,"column":5}},{"start":{"line":126,"column":11},"end":{"line":129,"column":5}}],"line":123},"6":{"loc":{"start":{"line":155,"column":27},"end":{"line":156,"column":65}},"type":"cond-expr","locations":[{"start":{"line":155,"column":38},"end":{"line":156,"column":57}},{"start":{"line":156,"column":60},"end":{"line":156,"column":65}}],"line":155},"7":{"loc":{"start":{"line":157,"column":33},"end":{"line":160,"column":67}},"type":"cond-expr","locations":[{"start":{"line":158,"column":20},"end":{"line":160,"column":59}},{"start":{"line":160,"column":62},"end":{"line":160,"column":67}}],"line":157},"8":{"loc":{"start":{"line":158,"column":20},"end":{"line":160,"column":59}},"type":"binary-expr","locations":[{"start":{"line":158,"column":20},"end":{"line":158,"column":65}},{"start":{"line":159,"column":18},"end":{"line":160,"column":59}}],"line":158},"9":{"loc":{"start":{"line":165,"column":15},"end":{"line":166,"column":53}},"type":"cond-expr","locations":[{"start":{"line":166,"column":16},"end":{"line":166,"column":33}},{"start":{"line":166,"column":36},"end":{"line":166,"column":53}}],"line":165},"10":{"loc":{"start":{"line":169,"column":11},"end":{"line":194,"column":31}},"type":"cond-expr","locations":[{"start":{"line":169,"column":22},"end":{"line":194,"column":22}},{"start":{"line":194,"column":25},"end":{"line":194,"column":31}}],"line":169},"11":{"loc":{"start":{"line":172,"column":34},"end":{"line":173,"column":39}},"type":"cond-expr","locations":[{"start":{"line":173,"column":16},"end":{"line":173,"column":22}},{"start":{"line":173,"column":25},"end":{"line":173,"column":39}}],"line":172}},"s":{"0":11,"1":0,"2":0,"3":0,"4":0,"5":0,"6":0,"7":0,"8":0,"9":0,"10":0,"11":0,"12":0,"13":11,"14":0,"15":0,"16":0,"17":0,"18":0,"19":0,"20":0,"21":0,"22":5,"23":5,"24":5,"25":0,"26":0,"27":5,"28":0,"29":0,"30":5,"31":0,"32":0,"33":0,"34":0,"35":0,"36":0,"37":0,"38":5,"39":0,"40":0,"41":0,"42":0,"43":0,"44":5,"45":0,"46":0,"47":0,"48":0,"49":0,"50":0,"51":0,"52":0,"53":5,"54":0,"55":0,"56":0,"57":5,"58":3,"59":5,"60":12,"61":0,"62":12},"f":{"0":0,"1":0,"2":0,"3":0,"4":0,"5":0,"6":0,"7":0,"8":0,"9":5,"10":0,"11":0,"12":0,"13":0,"14":0,"15":0,"16":0,"17":0,"18":3,"19":12,"20":0,"21":12},"b":{"0":[0,0],"1":[0,0],"2":[0,0],"3":[0,0],"4":[0,0],"5":[0,0],"6":[9,3],"7":[9,3],"8":[9,3],"9":[0,12],"10":[9,3],"11":[0,12]},"_coverageSchema":"1a1c01bbd47fc00a2c39e90264f33305004495a9","hash":"4e0fbb24954789c706b66ddcee1a3c4cc8d1304a"}
,"/Users/edmondpoon/Desktop/School/cse115/smartmeal/frontend/src/components/CheckList/DisplayElement.jsx": {"path":"/Users/edmondpoon/Desktop/School/cse115/smartmeal/frontend/src/components/CheckList/DisplayElement.jsx","statementMap":{"0":{"start":{"line":19,"column":22},"end":{"line":52,"column":1}},"1":{"start":{"line":20,"column":23},"end":{"line":20,"column":37}},"2":{"start":{"line":21,"column":2},"end":{"line":21,"column":32}},"3":{"start":{"line":22,"column":2},"end":{"line":22,"column":31}},"4":{"start":{"line":23,"column":2},"end":{"line":23,"column":25}},"5":{"start":{"line":24,"column":2},"end":{"line":30,"column":5}},"6":{"start":{"line":25,"column":28},"end":{"line":25,"column":30}},"7":{"start":{"line":26,"column":4},"end":{"line":26,"column":37}},"8":{"start":{"line":27,"column":4},"end":{"line":27,"column":65}},"9":{"start":{"line":28,"column":4},"end":{"line":28,"column":67}},"10":{"start":{"line":29,"column":4},"end":{"line":29,"column":51}},"11":{"start":{"line":31,"column":15},"end":{"line":31,"column":43}},"12":{"start":{"line":32,"column":17},"end":{"line":32,"column":33}},"13":{"start":{"line":33,"column":22},"end":{"line":33,"column":54}},"14":{"start":{"line":34,"column":2},"end":{"line":34,"column":28}},"15":{"start":{"line":35,"column":2},"end":{"line":51,"column":3}},"16":{"start":{"line":44,"column":4},"end":{"line":46,"column":5}},"17":{"start":{"line":45,"column":6},"end":{"line":45,"column":23}},"18":{"start":{"line":47,"column":4},"end":{"line":47,"column":15}},"19":{"start":{"line":49,"column":4},"end":{"line":49,"column":20}},"20":{"start":{"line":63,"column":54},"end":{"line":63,"column":64}},"21":{"start":{"line":64,"column":54},"end":{"line":64,"column":68}},"22":{"start":{"line":65,"column":44},"end":{"line":65,"column":56}},"23":{"start":{"line":66,"column":38},"end":{"line":66,"column":49}},"24":{"start":{"line":67,"column":28},"end":{"line":67,"column":43}},"25":{"start":{"line":69,"column":23},"end":{"line":73,"column":3}},"26":{"start":{"line":70,"column":18},"end":{"line":70,"column":36}},"27":{"start":{"line":71,"column":4},"end":{"line":71,"column":39}},"28":{"start":{"line":72,"column":4},"end":{"line":72,"column":28}},"29":{"start":{"line":75,"column":23},"end":{"line":77,"column":3}},"30":{"start":{"line":76,"column":4},"end":{"line":76,"column":29}},"31":{"start":{"line":79,"column":23},"end":{"line":88,"column":3}},"32":{"start":{"line":80,"column":4},"end":{"line":85,"column":7}},"33":{"start":{"line":86,"column":4},"end":{"line":86,"column":23}},"34":{"start":{"line":87,"column":4},"end":{"line":87,"column":19}},"35":{"start":{"line":90,"column":23},"end":{"line":154,"column":3}},"36":{"start":{"line":92,"column":20},"end":{"line":92,"column":39}},"37":{"start":{"line":93,"column":27},"end":{"line":93,"column":63}},"38":{"start":{"line":95,"column":6},"end":{"line":95,"column":57}},"39":{"start":{"line":96,"column":35},"end":{"line":96,"column":54}},"40":{"start":{"line":97,"column":33},"end":{"line":97,"column":67}},"41":{"start":{"line":98,"column":26},"end":{"line":98,"column":51}},"42":{"start":{"line":100,"column":4},"end":{"line":100,"column":54}},"43":{"start":{"line":101,"column":4},"end":{"line":101,"column":54}},"44":{"start":{"line":104,"column":4},"end":{"line":114,"column":5}},"45":{"start":{"line":105,"column":6},"end":{"line":107,"column":7}},"46":{"start":{"line":106,"column":8},"end":{"line":106,"column":39}},"47":{"start":{"line":108,"column":6},"end":{"line":108,"column":30}},"48":{"start":{"line":110,"column":6},"end":{"line":110,"column":65}},"49":{"start":{"line":111,"column":6},"end":{"line":111,"column":25}},"50":{"start":{"line":113,"column":6},"end":{"line":113,"column":30}},"51":{"start":{"line":116,"column":4},"end":{"line":125,"column":5}},"52":{"start":{"line":117,"column":6},"end":{"line":117,"column":40}},"53":{"start":{"line":118,"column":6},"end":{"line":119,"column":33}},"54":{"start":{"line":120,"column":6},"end":{"line":120,"column":69}},"55":{"start":{"line":122,"column":28},"end":{"line":122,"column":50}},"56":{"start":{"line":123,"column":6},"end":{"line":123,"column":36}},"57":{"start":{"line":124,"column":6},"end":{"line":124,"column":72}},"58":{"start":{"line":128,"column":4},"end":{"line":128,"column":49}},"59":{"start":{"line":131,"column":4},"end":{"line":133,"column":5}},"60":{"start":{"line":132,"column":6},"end":{"line":132,"column":21}},"61":{"start":{"line":135,"column":4},"end":{"line":137,"column":5}},"62":{"start":{"line":136,"column":6},"end":{"line":136,"column":36}},"63":{"start":{"line":140,"column":21},"end":{"line":140,"column":57}},"64":{"start":{"line":143,"column":6},"end":{"line":143,"column":73}},"65":{"start":{"line":145,"column":4},"end":{"line":146,"column":56}},"66":{"start":{"line":148,"column":4},"end":{"line":148,"column":61}},"67":{"start":{"line":149,"column":4},"end":{"line":149,"column":51}},"68":{"start":{"line":150,"column":4},"end":{"line":150,"column":31}},"69":{"start":{"line":151,"column":4},"end":{"line":151,"column":32}},"70":{"start":{"line":152,"column":4},"end":{"line":152,"column":51}},"71":{"start":{"line":153,"column":4},"end":{"line":153,"column":22}},"72":{"start":{"line":157,"column":26},"end":{"line":192,"column":3}},"73":{"start":{"line":159,"column":20},"end":{"line":159,"column":39}},"74":{"start":{"line":160,"column":27},"end":{"line":160,"column":63}},"75":{"start":{"line":161,"column":27},"end":{"line":161,"column":53}},"76":{"start":{"line":162,"column":4},"end":{"line":172,"column":5}},"77":{"start":{"line":163,"column":6},"end":{"line":163,"column":33}},"78":{"start":{"line":164,"column":6},"end":{"line":166,"column":7}},"79":{"start":{"line":165,"column":8},"end":{"line":165,"column":42}},"80":{"start":{"line":167,"column":6},"end":{"line":168,"column":55}},"81":{"start":{"line":170,"column":6},"end":{"line":171,"column":46}},"82":{"start":{"line":173,"column":4},"end":{"line":176,"column":5}},"83":{"start":{"line":174,"column":6},"end":{"line":174,"column":57}},"84":{"start":{"line":175,"column":6},"end":{"line":175,"column":40}},"85":{"start":{"line":177,"column":4},"end":{"line":177,"column":51}},"86":{"start":{"line":180,"column":21},"end":{"line":180,"column":57}},"87":{"start":{"line":183,"column":4},"end":{"line":188,"column":7}},"88":{"start":{"line":184,"column":27},"end":{"line":184,"column":56}},"89":{"start":{"line":185,"column":6},"end":{"line":186,"column":58}},"90":{"start":{"line":187,"column":6},"end":{"line":187,"column":63}},"91":{"start":{"line":189,"column":4},"end":{"line":189,"column":31}},"92":{"start":{"line":190,"column":4},"end":{"line":190,"column":22}},"93":{"start":{"line":191,"column":4},"end":{"line":191,"column":19}},"94":{"start":{"line":195,"column":2},"end":{"line":204,"column":20}},"95":{"start":{"line":196,"column":4},"end":{"line":203,"column":5}},"96":{"start":{"line":197,"column":6},"end":{"line":197,"column":36}},"97":{"start":{"line":198,"column":6},"end":{"line":198,"column":34}},"98":{"start":{"line":199,"column":6},"end":{"line":199,"column":23}},"99":{"start":{"line":200,"column":6},"end":{"line":200,"column":20}},"100":{"start":{"line":202,"column":6},"end":{"line":202,"column":27}},"101":{"start":{"line":206,"column":21},"end":{"line":208,"column":3}},"102":{"start":{"line":207,"column":4},"end":{"line":207,"column":58}},"103":{"start":{"line":207,"column":38},"end":{"line":207,"column":56}},"104":{"start":{"line":210,"column":21},"end":{"line":212,"column":3}},"105":{"start":{"line":211,"column":4},"end":{"line":211,"column":58}},"106":{"start":{"line":211,"column":38},"end":{"line":211,"column":56}},"107":{"start":{"line":213,"column":15},"end":{"line":221,"column":3}},"108":{"start":{"line":222,"column":23},"end":{"line":226,"column":3}},"109":{"start":{"line":227,"column":2},"end":{"line":372,"column":4}},"110":{"start":{"line":316,"column":55},"end":{"line":316,"column":75}},"111":{"start":{"line":318,"column":16},"end":{"line":340,"column":23}},"112":{"start":{"line":324,"column":50},"end":{"line":324,"column":65}},"113":{"start":{"line":331,"column":20},"end":{"line":338,"column":33}},"114":{"start":{"line":335,"column":38},"end":{"line":335,"column":62}}},"fnMap":{"0":{"name":"(anonymous_0)","decl":{"start":{"line":19,"column":22},"end":{"line":19,"column":23}},"loc":{"start":{"line":19,"column":45},"end":{"line":52,"column":1}},"line":19},"1":{"name":"(anonymous_1)","decl":{"start":{"line":24,"column":45},"end":{"line":24,"column":46}},"loc":{"start":{"line":24,"column":61},"end":{"line":30,"column":3}},"line":24},"2":{"name":"(anonymous_2)","decl":{"start":{"line":43,"column":12},"end":{"line":43,"column":13}},"loc":{"start":{"line":43,"column":21},"end":{"line":48,"column":3}},"line":43},"3":{"name":"(anonymous_3)","decl":{"start":{"line":48,"column":10},"end":{"line":48,"column":11}},"loc":{"start":{"line":48,"column":18},"end":{"line":50,"column":3}},"line":48},"4":{"name":"DisplayElement","decl":{"start":{"line":59,"column":9},"end":{"line":59,"column":23}},"loc":{"start":{"line":59,"column":26},"end":{"line":373,"column":1}},"line":59},"5":{"name":"(anonymous_5)","decl":{"start":{"line":69,"column":23},"end":{"line":69,"column":24}},"loc":{"start":{"line":69,"column":30},"end":{"line":73,"column":3}},"line":69},"6":{"name":"(anonymous_6)","decl":{"start":{"line":75,"column":23},"end":{"line":75,"column":24}},"loc":{"start":{"line":75,"column":30},"end":{"line":77,"column":3}},"line":75},"7":{"name":"(anonymous_7)","decl":{"start":{"line":79,"column":23},"end":{"line":79,"column":24}},"loc":{"start":{"line":79,"column":29},"end":{"line":88,"column":3}},"line":79},"8":{"name":"(anonymous_8)","decl":{"start":{"line":90,"column":23},"end":{"line":90,"column":24}},"loc":{"start":{"line":90,"column":29},"end":{"line":154,"column":3}},"line":90},"9":{"name":"(anonymous_9)","decl":{"start":{"line":157,"column":26},"end":{"line":157,"column":27}},"loc":{"start":{"line":157,"column":32},"end":{"line":192,"column":3}},"line":157},"10":{"name":"(anonymous_10)","decl":{"start":{"line":183,"column":32},"end":{"line":183,"column":33}},"loc":{"start":{"line":183,"column":39},"end":{"line":188,"column":5}},"line":183},"11":{"name":"(anonymous_11)","decl":{"start":{"line":195,"column":12},"end":{"line":195,"column":13}},"loc":{"start":{"line":195,"column":18},"end":{"line":204,"column":3}},"line":195},"12":{"name":"(anonymous_12)","decl":{"start":{"line":206,"column":21},"end":{"line":206,"column":22}},"loc":{"start":{"line":206,"column":27},"end":{"line":208,"column":3}},"line":206},"13":{"name":"(anonymous_13)","decl":{"start":{"line":207,"column":18},"end":{"line":207,"column":19}},"loc":{"start":{"line":207,"column":38},"end":{"line":207,"column":56}},"line":207},"14":{"name":"(anonymous_14)","decl":{"start":{"line":210,"column":21},"end":{"line":210,"column":22}},"loc":{"start":{"line":210,"column":27},"end":{"line":212,"column":3}},"line":210},"15":{"name":"(anonymous_15)","decl":{"start":{"line":211,"column":18},"end":{"line":211,"column":19}},"loc":{"start":{"line":211,"column":38},"end":{"line":211,"column":56}},"line":211},"16":{"name":"(anonymous_16)","decl":{"start":{"line":316,"column":46},"end":{"line":316,"column":47}},"loc":{"start":{"line":316,"column":55},"end":{"line":316,"column":75}},"line":316},"17":{"name":"(anonymous_17)","decl":{"start":{"line":317,"column":19},"end":{"line":317,"column":20}},"loc":{"start":{"line":318,"column":16},"end":{"line":340,"column":23}},"line":318},"18":{"name":"(anonymous_18)","decl":{"start":{"line":324,"column":43},"end":{"line":324,"column":44}},"loc":{"start":{"line":324,"column":50},"end":{"line":324,"column":65}},"line":324},"19":{"name":"(anonymous_19)","decl":{"start":{"line":330,"column":54},"end":{"line":330,"column":55}},"loc":{"start":{"line":331,"column":20},"end":{"line":338,"column":33}},"line":331},"20":{"name":"(anonymous_20)","decl":{"start":{"line":335,"column":31},"end":{"line":335,"column":32}},"loc":{"start":{"line":335,"column":38},"end":{"line":335,"column":62}},"line":335}},"branchMap":{"0":{"loc":{"start":{"line":33,"column":22},"end":{"line":33,"column":54}},"type":"cond-expr","locations":[{"start":{"line":33,"column":31},"end":{"line":33,"column":49}},{"start":{"line":33,"column":52},"end":{"line":33,"column":54}}],"line":33},"1":{"loc":{"start":{"line":44,"column":4},"end":{"line":46,"column":5}},"type":"if","locations":[{"start":{"line":44,"column":4},"end":{"line":46,"column":5}},{"start":{},"end":{}}],"line":44},"2":{"loc":{"start":{"line":104,"column":4},"end":{"line":114,"column":5}},"type":"if","locations":[{"start":{"line":104,"column":4},"end":{"line":114,"column":5}},{"start":{"line":112,"column":11},"end":{"line":114,"column":5}}],"line":104},"3":{"loc":{"start":{"line":105,"column":6},"end":{"line":107,"column":7}},"type":"if","locations":[{"start":{"line":105,"column":6},"end":{"line":107,"column":7}},{"start":{},"end":{}}],"line":105},"4":{"loc":{"start":{"line":116,"column":4},"end":{"line":125,"column":5}},"type":"if","locations":[{"start":{"line":116,"column":4},"end":{"line":125,"column":5}},{"start":{"line":121,"column":11},"end":{"line":125,"column":5}}],"line":116},"5":{"loc":{"start":{"line":131,"column":4},"end":{"line":133,"column":5}},"type":"if","locations":[{"start":{"line":131,"column":4},"end":{"line":133,"column":5}},{"start":{},"end":{}}],"line":131},"6":{"loc":{"start":{"line":135,"column":4},"end":{"line":137,"column":5}},"type":"if","locations":[{"start":{"line":135,"column":4},"end":{"line":137,"column":5}},{"start":{},"end":{}}],"line":135},"7":{"loc":{"start":{"line":162,"column":4},"end":{"line":172,"column":5}},"type":"if","locations":[{"start":{"line":162,"column":4},"end":{"line":172,"column":5}},{"start":{"line":169,"column":11},"end":{"line":172,"column":5}}],"line":162},"8":{"loc":{"start":{"line":164,"column":6},"end":{"line":166,"column":7}},"type":"if","locations":[{"start":{"line":164,"column":6},"end":{"line":166,"column":7}},{"start":{},"end":{}}],"line":164},"9":{"loc":{"start":{"line":173,"column":4},"end":{"line":176,"column":5}},"type":"if","locations":[{"start":{"line":173,"column":4},"end":{"line":176,"column":5}},{"start":{},"end":{}}],"line":173},"10":{"loc":{"start":{"line":196,"column":4},"end":{"line":203,"column":5}},"type":"if","locations":[{"start":{"line":196,"column":4},"end":{"line":203,"column":5}},{"start":{"line":201,"column":11},"end":{"line":203,"column":5}}],"line":196},"11":{"loc":{"start":{"line":196,"column":8},"end":{"line":196,"column":59}},"type":"binary-expr","locations":[{"start":{"line":196,"column":8},"end":{"line":196,"column":20}},{"start":{"line":196,"column":24},"end":{"line":196,"column":59}}],"line":196},"12":{"loc":{"start":{"line":244,"column":17},"end":{"line":244,"column":79}},"type":"cond-expr","locations":[{"start":{"line":244,"column":42},"end":{"line":244,"column":64}},{"start":{"line":244,"column":67},"end":{"line":244,"column":79}}],"line":244},"13":{"loc":{"start":{"line":249,"column":9},"end":{"line":274,"column":21}},"type":"cond-expr","locations":[{"start":{"line":250,"column":10},"end":{"line":274,"column":12}},{"start":{"line":274,"column":15},"end":{"line":274,"column":21}}],"line":249},"14":{"loc":{"start":{"line":262,"column":47},"end":{"line":263,"column":68}},"type":"cond-expr","locations":[{"start":{"line":263,"column":51},"end":{"line":263,"column":53}},{"start":{"line":263,"column":56},"end":{"line":263,"column":68}}],"line":262},"15":{"loc":{"start":{"line":270,"column":46},"end":{"line":271,"column":39}},"type":"cond-expr","locations":[{"start":{"line":271,"column":22},"end":{"line":271,"column":24}},{"start":{"line":271,"column":27},"end":{"line":271,"column":39}}],"line":270},"16":{"loc":{"start":{"line":278,"column":11},"end":{"line":311,"column":35}},"type":"cond-expr","locations":[{"start":{"line":279,"column":12},"end":{"line":310,"column":18}},{"start":{"line":311,"column":12},"end":{"line":311,"column":35}}],"line":278},"17":{"loc":{"start":{"line":280,"column":15},"end":{"line":296,"column":26}},"type":"cond-expr","locations":[{"start":{"line":281,"column":16},"end":{"line":296,"column":18}},{"start":{"line":296,"column":20},"end":{"line":296,"column":26}}],"line":280},"18":{"loc":{"start":{"line":300,"column":23},"end":{"line":300,"column":68}},"type":"binary-expr","locations":[{"start":{"line":300,"column":23},"end":{"line":300,"column":41}},{"start":{"line":300,"column":45},"end":{"line":300,"column":68}}],"line":300},"19":{"loc":{"start":{"line":315,"column":11},"end":{"line":341,"column":25}},"type":"cond-expr","locations":[{"start":{"line":316,"column":12},"end":{"line":341,"column":16}},{"start":{"line":341,"column":19},"end":{"line":341,"column":25}}],"line":315},"20":{"loc":{"start":{"line":325,"column":25},"end":{"line":326,"column":77}},"type":"cond-expr","locations":[{"start":{"line":326,"column":26},"end":{"line":326,"column":50}},{"start":{"line":326,"column":53},"end":{"line":326,"column":77}}],"line":325},"21":{"loc":{"start":{"line":332,"column":36},"end":{"line":333,"column":38}},"type":"cond-expr","locations":[{"start":{"line":332,"column":62},"end":{"line":332,"column":68}},{"start":{"line":333,"column":24},"end":{"line":333,"column":38}}],"line":332},"22":{"loc":{"start":{"line":347,"column":19},"end":{"line":348,"column":34}},"type":"cond-expr","locations":[{"start":{"line":348,"column":12},"end":{"line":348,"column":25}},{"start":{"line":348,"column":28},"end":{"line":348,"column":34}}],"line":347},"23":{"loc":{"start":{"line":354,"column":11},"end":{"line":360,"column":27}},"type":"cond-expr","locations":[{"start":{"line":355,"column":12},"end":{"line":360,"column":19}},{"start":{"line":360,"column":21},"end":{"line":360,"column":27}}],"line":354},"24":{"loc":{"start":{"line":361,"column":11},"end":{"line":367,"column":27}},"type":"cond-expr","locations":[{"start":{"line":362,"column":12},"end":{"line":367,"column":19}},{"start":{"line":367,"column":21},"end":{"line":367,"column":27}}],"line":361}},"s":{"0":11,"1":0,"2":0,"3":0,"4":0,"5":0,"6":0,"7":0,"8":0,"9":0,"10":0,"11":0,"12":0,"13":0,"14":0,"15":0,"16":0,"17":0,"18":0,"19":0,"20":4,"21":4,"22":4,"23":4,"24":4,"25":4,"26":0,"27":0,"28":0,"29":4,"30":0,"31":4,"32":0,"33":0,"34":0,"35":4,"36":0,"37":0,"38":0,"39":0,"40":0,"41":0,"42":0,"43":0,"44":0,"45":0,"46":0,"47":0,"48":0,"49":0,"50":0,"51":0,"52":0,"53":0,"54":0,"55":0,"56":0,"57":0,"58":0,"59":0,"60":0,"61":0,"62":0,"63":0,"64":0,"65":0,"66":0,"67":0,"68":0,"69":0,"70":0,"71":0,"72":4,"73":0,"74":0,"75":0,"76":0,"77":0,"78":0,"79":0,"80":0,"81":0,"82":0,"83":0,"84":0,"85":0,"86":0,"87":0,"88":0,"89":0,"90":0,"91":0,"92":0,"93":0,"94":4,"95":2,"96":0,"97":0,"98":0,"99":0,"100":2,"101":4,"102":0,"103":0,"104":4,"105":0,"106":0,"107":4,"108":4,"109":4,"110":0,"111":0,"112":0,"113":0,"114":0},"f":{"0":0,"1":0,"2":0,"3":0,"4":4,"5":0,"6":0,"7":0,"8":0,"9":0,"10":0,"11":2,"12":0,"13":0,"14":0,"15":0,"16":0,"17":0,"18":0,"19":0,"20":0},"b":{"0":[0,0],"1":[0,0],"2":[0,0],"3":[0,0],"4":[0,0],"5":[0,0],"6":[0,0],"7":[0,0],"8":[0,0],"9":[0,0],"10":[0,2],"11":[2,2],"12":[0,4],"13":[0,4],"14":[0,0],"15":[0,0],"16":[0,4],"17":[0,0],"18":[0,0],"19":[0,4],"20":[0,0],"21":[0,0],"22":[0,4],"23":[0,4],"24":[0,4]},"_coverageSchema":"1a1c01bbd47fc00a2c39e90264f33305004495a9","hash":"0437d8421f41993f71d6c2cf1bcff198feb4ea3b"}
,"/Users/edmondpoon/Desktop/School/cse115/smartmeal/frontend/src/components/Homepage/Calendar.jsx": {"path":"/Users/edmondpoon/Desktop/School/cse115/smartmeal/frontend/src/components/Homepage/Calendar.jsx","statementMap":{"0":{"start":{"line":14,"column":13},"end":{"line":20,"column":3}},"1":{"start":{"line":14,"column":41},"end":{"line":20,"column":1}},"2":{"start":{"line":23,"column":16},"end":{"line":74,"column":1}},"3":{"start":{"line":24,"column":15},"end":{"line":24,"column":43}},"4":{"start":{"line":25,"column":17},"end":{"line":25,"column":33}},"5":{"start":{"line":26,"column":22},"end":{"line":26,"column":54}},"6":{"start":{"line":27,"column":17},"end":{"line":27,"column":44}},"7":{"start":{"line":30,"column":29},"end":{"line":30,"column":70}},"8":{"start":{"line":33,"column":19},"end":{"line":33,"column":49}},"9":{"start":{"line":34,"column":2},"end":{"line":34,"column":49}},"10":{"start":{"line":35,"column":32},"end":{"line":35,"column":72}},"11":{"start":{"line":38,"column":16},"end":{"line":38,"column":48}},"12":{"start":{"line":41,"column":17},"end":{"line":45,"column":3}},"13":{"start":{"line":47,"column":2},"end":{"line":50,"column":3}},"14":{"start":{"line":48,"column":17},"end":{"line":48,"column":27}},"15":{"start":{"line":49,"column":4},"end":{"line":49,"column":41}},"16":{"start":{"line":54,"column":4},"end":{"line":56,"column":38}},"17":{"start":{"line":58,"column":15},"end":{"line":63,"column":3}},"18":{"start":{"line":65,"column":2},"end":{"line":73,"column":5}},"19":{"start":{"line":84,"column":4},"end":{"line":84,"column":42}},"20":{"start":{"line":85,"column":30},"end":{"line":85,"column":40}},"21":{"start":{"line":94,"column":4},"end":{"line":94,"column":61}},"22":{"start":{"line":96,"column":4},"end":{"line":96,"column":58}},"23":{"start":{"line":98,"column":2},"end":{"line":103,"column":21}},"24":{"start":{"line":99,"column":4},"end":{"line":102,"column":5}},"25":{"start":{"line":100,"column":6},"end":{"line":100,"column":33}},"26":{"start":{"line":101,"column":6},"end":{"line":101,"column":31}},"27":{"start":{"line":105,"column":21},"end":{"line":105,"column":73}},"28":{"start":{"line":107,"column":21},"end":{"line":122,"column":3}},"29":{"start":{"line":109,"column":4},"end":{"line":121,"column":5}},"30":{"start":{"line":110,"column":19},"end":{"line":110,"column":37}},"31":{"start":{"line":111,"column":6},"end":{"line":111,"column":35}},"32":{"start":{"line":112,"column":6},"end":{"line":112,"column":42}},"33":{"start":{"line":114,"column":6},"end":{"line":114,"column":63}},"34":{"start":{"line":116,"column":6},"end":{"line":120,"column":7}},"35":{"start":{"line":117,"column":8},"end":{"line":117,"column":26}},"36":{"start":{"line":119,"column":8},"end":{"line":119,"column":50}},"37":{"start":{"line":124,"column":16},"end":{"line":124,"column":48}},"38":{"start":{"line":126,"column":2},"end":{"line":206,"column":4}},"39":{"start":{"line":135,"column":8},"end":{"line":203,"column":14}},"40":{"start":{"line":157,"column":33},"end":{"line":157,"column":50}},"41":{"start":{"line":158,"column":30},"end":{"line":159,"column":64}},"42":{"start":{"line":160,"column":16},"end":{"line":199,"column":18}},"43":{"start":{"line":169,"column":24},"end":{"line":169,"column":65}}},"fnMap":{"0":{"name":"(anonymous_0)","decl":{"start":{"line":14,"column":27},"end":{"line":14,"column":28}},"loc":{"start":{"line":14,"column":41},"end":{"line":20,"column":1}},"line":14},"1":{"name":"(anonymous_1)","decl":{"start":{"line":23,"column":16},"end":{"line":23,"column":17}},"loc":{"start":{"line":23,"column":60},"end":{"line":74,"column":1}},"line":23},"2":{"name":"Calendar","decl":{"start":{"line":82,"column":9},"end":{"line":82,"column":17}},"loc":{"start":{"line":82,"column":25},"end":{"line":207,"column":1}},"line":82},"3":{"name":"(anonymous_3)","decl":{"start":{"line":98,"column":18},"end":{"line":98,"column":19}},"loc":{"start":{"line":98,"column":24},"end":{"line":103,"column":3}},"line":98},"4":{"name":"(anonymous_4)","decl":{"start":{"line":107,"column":21},"end":{"line":107,"column":22}},"loc":{"start":{"line":107,"column":52},"end":{"line":122,"column":3}},"line":107},"5":{"name":"(anonymous_5)","decl":{"start":{"line":134,"column":22},"end":{"line":134,"column":23}},"loc":{"start":{"line":135,"column":8},"end":{"line":203,"column":14}},"line":135},"6":{"name":"(anonymous_6)","decl":{"start":{"line":156,"column":59},"end":{"line":156,"column":60}},"loc":{"start":{"line":156,"column":74},"end":{"line":200,"column":15}},"line":156},"7":{"name":"(anonymous_7)","decl":{"start":{"line":168,"column":31},"end":{"line":168,"column":32}},"loc":{"start":{"line":169,"column":24},"end":{"line":169,"column":65}},"line":169}},"branchMap":{"0":{"loc":{"start":{"line":15,"column":19},"end":{"line":15,"column":69}},"type":"cond-expr","locations":[{"start":{"line":15,"column":51},"end":{"line":15,"column":60}},{"start":{"line":15,"column":63},"end":{"line":15,"column":69}}],"line":15},"1":{"loc":{"start":{"line":26,"column":22},"end":{"line":26,"column":54}},"type":"cond-expr","locations":[{"start":{"line":26,"column":31},"end":{"line":26,"column":49}},{"start":{"line":26,"column":52},"end":{"line":26,"column":54}}],"line":26},"2":{"loc":{"start":{"line":27,"column":17},"end":{"line":27,"column":44}},"type":"cond-expr","locations":[{"start":{"line":27,"column":26},"end":{"line":27,"column":39}},{"start":{"line":27,"column":42},"end":{"line":27,"column":44}}],"line":27},"3":{"loc":{"start":{"line":94,"column":19},"end":{"line":94,"column":60}},"type":"binary-expr","locations":[{"start":{"line":94,"column":20},"end":{"line":94,"column":32}},{"start":{"line":94,"column":36},"end":{"line":94,"column":51}},{"start":{"line":94,"column":56},"end":{"line":94,"column":60}}],"line":94},"4":{"loc":{"start":{"line":96,"column":19},"end":{"line":96,"column":57}},"type":"binary-expr","locations":[{"start":{"line":96,"column":20},"end":{"line":96,"column":32}},{"start":{"line":96,"column":36},"end":{"line":96,"column":51}},{"start":{"line":96,"column":56},"end":{"line":96,"column":57}}],"line":96},"5":{"loc":{"start":{"line":99,"column":4},"end":{"line":102,"column":5}},"type":"if","locations":[{"start":{"line":99,"column":4},"end":{"line":102,"column":5}},{"start":{},"end":{}}],"line":99},"6":{"loc":{"start":{"line":109,"column":4},"end":{"line":121,"column":5}},"type":"if","locations":[{"start":{"line":109,"column":4},"end":{"line":121,"column":5}},{"start":{},"end":{}}],"line":109},"7":{"loc":{"start":{"line":116,"column":6},"end":{"line":120,"column":7}},"type":"if","locations":[{"start":{"line":116,"column":6},"end":{"line":120,"column":7}},{"start":{"line":118,"column":13},"end":{"line":120,"column":7}}],"line":116},"8":{"loc":{"start":{"line":130,"column":17},"end":{"line":130,"column":66}},"type":"cond-expr","locations":[{"start":{"line":130,"column":32},"end":{"line":130,"column":49}},{"start":{"line":130,"column":52},"end":{"line":130,"column":66}}],"line":130},"9":{"loc":{"start":{"line":132,"column":27},"end":{"line":132,"column":51}},"type":"cond-expr","locations":[{"start":{"line":132,"column":38},"end":{"line":132,"column":40}},{"start":{"line":132,"column":43},"end":{"line":132,"column":51}}],"line":132},"10":{"loc":{"start":{"line":144,"column":25},"end":{"line":144,"column":69}},"type":"cond-expr","locations":[{"start":{"line":144,"column":41},"end":{"line":144,"column":53}},{"start":{"line":144,"column":56},"end":{"line":144,"column":69}}],"line":144},"11":{"loc":{"start":{"line":151,"column":17},"end":{"line":151,"column":53}},"type":"cond-expr","locations":[{"start":{"line":151,"column":32},"end":{"line":151,"column":48}},{"start":{"line":151,"column":51},"end":{"line":151,"column":53}}],"line":151},"12":{"loc":{"start":{"line":153,"column":25},"end":{"line":153,"column":72}},"type":"cond-expr","locations":[{"start":{"line":153,"column":41},"end":{"line":153,"column":66}},{"start":{"line":153,"column":70},"end":{"line":153,"column":72}}],"line":153},"13":{"loc":{"start":{"line":156,"column":15},"end":{"line":200,"column":16}},"type":"binary-expr","locations":[{"start":{"line":156,"column":15},"end":{"line":156,"column":23}},{"start":{"line":156,"column":27},"end":{"line":200,"column":16}}],"line":156},"14":{"loc":{"start":{"line":158,"column":30},"end":{"line":159,"column":64}},"type":"cond-expr","locations":[{"start":{"line":159,"column":18},"end":{"line":159,"column":29}},{"start":{"line":159,"column":32},"end":{"line":159,"column":64}}],"line":158},"15":{"loc":{"start":{"line":193,"column":43},"end":{"line":193,"column":73}},"type":"cond-expr","locations":[{"start":{"line":193,"column":62},"end":{"line":193,"column":64}},{"start":{"line":193,"column":67},"end":{"line":193,"column":73}}],"line":193}},"s":{"0":11,"1":1400,"2":11,"3":1,"4":1,"5":1,"6":1,"7":1,"8":1,"9":1,"10":1,"11":1,"12":1,"13":1,"14":3,"15":3,"16":1,"17":1,"18":1,"19":100,"20":100,"21":100,"22":100,"23":100,"24":23,"25":2,"26":2,"27":100,"28":100,"29":1,"30":1,"31":1,"32":1,"33":1,"34":1,"35":1,"36":0,"37":100,"38":100,"39":700,"40":1281,"41":1281,"42":1281,"43":1},"f":{"0":1400,"1":1,"2":100,"3":23,"4":1,"5":700,"6":1281,"7":1},"b":{"0":[0,1400],"1":[1,0],"2":[1,0],"3":[100,4,96],"4":[100,4,100],"5":[2,21],"6":[1,0],"7":[1,0],"8":[86,14],"9":[61,39],"10":[100,600],"11":[602,98],"12":[602,98],"13":[700,427],"14":[0,1281],"15":[1,1280]},"_coverageSchema":"1a1c01bbd47fc00a2c39e90264f33305004495a9","hash":"60e761bc9aec6fc690dac0438cfc53ceb87328e6"}
,"/Users/edmondpoon/Desktop/School/cse115/smartmeal/frontend/src/components/Homepage/Home.jsx": {"path":"/Users/edmondpoon/Desktop/School/cse115/smartmeal/frontend/src/components/Homepage/Home.jsx","statementMap":{"0":{"start":{"line":15,"column":20},"end":{"line":15,"column":41}},"1":{"start":{"line":18,"column":24},"end":{"line":38,"column":1}},"2":{"start":{"line":19,"column":15},"end":{"line":19,"column":43}},"3":{"start":{"line":20,"column":17},"end":{"line":20,"column":33}},"4":{"start":{"line":21,"column":22},"end":{"line":21,"column":54}},"5":{"start":{"line":23,"column":15},"end":{"line":27,"column":3}},"6":{"start":{"line":29,"column":2},"end":{"line":37,"column":5}},"7":{"start":{"line":41,"column":24},"end":{"line":60,"column":1}},"8":{"start":{"line":42,"column":15},"end":{"line":42,"column":43}},"9":{"start":{"line":43,"column":17},"end":{"line":43,"column":33}},"10":{"start":{"line":44,"column":22},"end":{"line":44,"column":54}},"11":{"start":{"line":46,"column":2},"end":{"line":59,"column":7}},"12":{"start":{"line":55,"column":6},"end":{"line":55,"column":29}},"13":{"start":{"line":58,"column":6},"end":{"line":58,"column":25}},"14":{"start":{"line":69,"column":55},"end":{"line":69,"column":65}},"15":{"start":{"line":70,"column":18},"end":{"line":70,"column":33}},"16":{"start":{"line":72,"column":19},"end":{"line":72,"column":68}},"17":{"start":{"line":74,"column":38},"end":{"line":74,"column":58}},"18":{"start":{"line":76,"column":30},"end":{"line":76,"column":48}},"19":{"start":{"line":78,"column":34},"end":{"line":78,"column":55}},"20":{"start":{"line":81,"column":4},"end":{"line":81,"column":62}},"21":{"start":{"line":83,"column":38},"end":{"line":83,"column":59}},"22":{"start":{"line":85,"column":32},"end":{"line":85,"column":53}},"23":{"start":{"line":87,"column":36},"end":{"line":87,"column":57}},"24":{"start":{"line":89,"column":37},"end":{"line":89,"column":55}},"25":{"start":{"line":91,"column":40},"end":{"line":91,"column":58}},"26":{"start":{"line":93,"column":2},"end":{"line":95,"column":15}},"27":{"start":{"line":94,"column":4},"end":{"line":94,"column":42}},"28":{"start":{"line":97,"column":2},"end":{"line":105,"column":45}},"29":{"start":{"line":98,"column":4},"end":{"line":104,"column":5}},"30":{"start":{"line":100,"column":11},"end":{"line":104,"column":5}},"31":{"start":{"line":101,"column":6},"end":{"line":101,"column":20}},"32":{"start":{"line":102,"column":11},"end":{"line":104,"column":5}},"33":{"start":{"line":103,"column":6},"end":{"line":103,"column":36}},"34":{"start":{"line":107,"column":2},"end":{"line":109,"column":14}},"35":{"start":{"line":108,"column":4},"end":{"line":108,"column":59}},"36":{"start":{"line":111,"column":23},"end":{"line":117,"column":3}},"37":{"start":{"line":113,"column":4},"end":{"line":116,"column":5}},"38":{"start":{"line":115,"column":6},"end":{"line":115,"column":24}},"39":{"start":{"line":119,"column":27},"end":{"line":130,"column":3}},"40":{"start":{"line":121,"column":4},"end":{"line":129,"column":5}},"41":{"start":{"line":123,"column":6},"end":{"line":123,"column":27}},"42":{"start":{"line":124,"column":6},"end":{"line":124,"column":51}},"43":{"start":{"line":125,"column":6},"end":{"line":127,"column":7}},"44":{"start":{"line":126,"column":8},"end":{"line":126,"column":22}},"45":{"start":{"line":128,"column":6},"end":{"line":128,"column":51}},"46":{"start":{"line":132,"column":21},"end":{"line":135,"column":3}},"47":{"start":{"line":133,"column":20},"end":{"line":133,"column":32}},"48":{"start":{"line":134,"column":4},"end":{"line":134,"column":19}},"49":{"start":{"line":137,"column":21},"end":{"line":139,"column":3}},"50":{"start":{"line":138,"column":4},"end":{"line":138,"column":24}},"51":{"start":{"line":141,"column":2},"end":{"line":190,"column":4}},"52":{"start":{"line":178,"column":27},"end":{"line":178,"column":46}}},"fnMap":{"0":{"name":"(anonymous_0)","decl":{"start":{"line":18,"column":24},"end":{"line":18,"column":25}},"loc":{"start":{"line":18,"column":52},"end":{"line":38,"column":1}},"line":18},"1":{"name":"(anonymous_1)","decl":{"start":{"line":41,"column":24},"end":{"line":41,"column":25}},"loc":{"start":{"line":41,"column":50},"end":{"line":60,"column":1}},"line":41},"2":{"name":"(anonymous_2)","decl":{"start":{"line":54,"column":10},"end":{"line":54,"column":11}},"loc":{"start":{"line":54,"column":24},"end":{"line":56,"column":5}},"line":54},"3":{"name":"(anonymous_3)","decl":{"start":{"line":57,"column":10},"end":{"line":57,"column":11}},"loc":{"start":{"line":57,"column":20},"end":{"line":59,"column":5}},"line":57},"4":{"name":"Homepage","decl":{"start":{"line":68,"column":9},"end":{"line":68,"column":17}},"loc":{"start":{"line":68,"column":25},"end":{"line":191,"column":1}},"line":68},"5":{"name":"(anonymous_5)","decl":{"start":{"line":93,"column":18},"end":{"line":93,"column":19}},"loc":{"start":{"line":93,"column":24},"end":{"line":95,"column":3}},"line":93},"6":{"name":"(anonymous_6)","decl":{"start":{"line":97,"column":18},"end":{"line":97,"column":19}},"loc":{"start":{"line":97,"column":24},"end":{"line":105,"column":3}},"line":97},"7":{"name":"(anonymous_7)","decl":{"start":{"line":107,"column":18},"end":{"line":107,"column":19}},"loc":{"start":{"line":107,"column":24},"end":{"line":109,"column":3}},"line":107},"8":{"name":"(anonymous_8)","decl":{"start":{"line":111,"column":23},"end":{"line":111,"column":24}},"loc":{"start":{"line":111,"column":34},"end":{"line":117,"column":3}},"line":111},"9":{"name":"(anonymous_9)","decl":{"start":{"line":119,"column":27},"end":{"line":119,"column":28}},"loc":{"start":{"line":119,"column":38},"end":{"line":130,"column":3}},"line":119},"10":{"name":"(anonymous_10)","decl":{"start":{"line":132,"column":21},"end":{"line":132,"column":22}},"loc":{"start":{"line":132,"column":32},"end":{"line":135,"column":3}},"line":132},"11":{"name":"(anonymous_11)","decl":{"start":{"line":137,"column":21},"end":{"line":137,"column":22}},"loc":{"start":{"line":137,"column":27},"end":{"line":139,"column":3}},"line":137},"12":{"name":"(anonymous_12)","decl":{"start":{"line":178,"column":21},"end":{"line":178,"column":22}},"loc":{"start":{"line":178,"column":27},"end":{"line":178,"column":46}},"line":178}},"branchMap":{"0":{"loc":{"start":{"line":21,"column":22},"end":{"line":21,"column":54}},"type":"cond-expr","locations":[{"start":{"line":21,"column":31},"end":{"line":21,"column":49}},{"start":{"line":21,"column":52},"end":{"line":21,"column":54}}],"line":21},"1":{"loc":{"start":{"line":44,"column":22},"end":{"line":44,"column":54}},"type":"cond-expr","locations":[{"start":{"line":44,"column":31},"end":{"line":44,"column":49}},{"start":{"line":44,"column":52},"end":{"line":44,"column":54}}],"line":44},"2":{"loc":{"start":{"line":72,"column":32},"end":{"line":72,"column":67}},"type":"cond-expr","locations":[{"start":{"line":72,"column":49},"end":{"line":72,"column":60}},{"start":{"line":72,"column":64},"end":{"line":72,"column":67}}],"line":72},"3":{"loc":{"start":{"line":81,"column":19},"end":{"line":81,"column":61}},"type":"binary-expr","locations":[{"start":{"line":81,"column":20},"end":{"line":81,"column":28}},{"start":{"line":81,"column":32},"end":{"line":81,"column":52}},{"start":{"line":81,"column":57},"end":{"line":81,"column":61}}],"line":81},"4":{"loc":{"start":{"line":98,"column":4},"end":{"line":104,"column":5}},"type":"if","locations":[{"start":{"line":98,"column":4},"end":{"line":104,"column":5}},{"start":{"line":100,"column":11},"end":{"line":104,"column":5}}],"line":98},"5":{"loc":{"start":{"line":98,"column":8},"end":{"line":98,"column":44}},"type":"binary-expr","locations":[{"start":{"line":98,"column":9},"end":{"line":98,"column":17}},{"start":{"line":98,"column":21},"end":{"line":98,"column":29}},{"start":{"line":98,"column":34},"end":{"line":98,"column":44}}],"line":98},"6":{"loc":{"start":{"line":100,"column":11},"end":{"line":104,"column":5}},"type":"if","locations":[{"start":{"line":100,"column":11},"end":{"line":104,"column":5}},{"start":{"line":102,"column":11},"end":{"line":104,"column":5}}],"line":100},"7":{"loc":{"start":{"line":100,"column":15},"end":{"line":100,"column":75}},"type":"binary-expr","locations":[{"start":{"line":100,"column":15},"end":{"line":100,"column":23}},{"start":{"line":100,"column":27},"end":{"line":100,"column":54}},{"start":{"line":100,"column":58},"end":{"line":100,"column":75}}],"line":100},"8":{"loc":{"start":{"line":102,"column":11},"end":{"line":104,"column":5}},"type":"if","locations":[{"start":{"line":102,"column":11},"end":{"line":104,"column":5}},{"start":{},"end":{}}],"line":102},"9":{"loc":{"start":{"line":102,"column":15},"end":{"line":102,"column":60}},"type":"binary-expr","locations":[{"start":{"line":102,"column":15},"end":{"line":102,"column":23}},{"start":{"line":102,"column":27},"end":{"line":102,"column":60}}],"line":102},"10":{"loc":{"start":{"line":108,"column":23},"end":{"line":108,"column":58}},"type":"cond-expr","locations":[{"start":{"line":108,"column":40},"end":{"line":108,"column":51}},{"start":{"line":108,"column":55},"end":{"line":108,"column":58}}],"line":108},"11":{"loc":{"start":{"line":113,"column":4},"end":{"line":116,"column":5}},"type":"if","locations":[{"start":{"line":113,"column":4},"end":{"line":116,"column":5}},{"start":{},"end":{}}],"line":113},"12":{"loc":{"start":{"line":113,"column":8},"end":{"line":114,"column":41}},"type":"binary-expr","locations":[{"start":{"line":113,"column":8},"end":{"line":113,"column":53}},{"start":{"line":114,"column":6},"end":{"line":114,"column":18}},{"start":{"line":114,"column":22},"end":{"line":114,"column":41}}],"line":113},"13":{"loc":{"start":{"line":121,"column":4},"end":{"line":129,"column":5}},"type":"if","locations":[{"start":{"line":121,"column":4},"end":{"line":129,"column":5}},{"start":{},"end":{}}],"line":121},"14":{"loc":{"start":{"line":121,"column":8},"end":{"line":122,"column":16}},"type":"binary-expr","locations":[{"start":{"line":121,"column":8},"end":{"line":121,"column":53}},{"start":{"line":122,"column":6},"end":{"line":122,"column":16}}],"line":121},"15":{"loc":{"start":{"line":125,"column":6},"end":{"line":127,"column":7}},"type":"if","locations":[{"start":{"line":125,"column":6},"end":{"line":127,"column":7}},{"start":{},"end":{}}],"line":125},"16":{"loc":{"start":{"line":150,"column":7},"end":{"line":154,"column":16}},"type":"binary-expr","locations":[{"start":{"line":150,"column":7},"end":{"line":150,"column":16}},{"start":{"line":151,"column":8},"end":{"line":154,"column":16}}],"line":150},"17":{"loc":{"start":{"line":168,"column":19},"end":{"line":168,"column":33}},"type":"binary-expr","locations":[{"start":{"line":168,"column":19},"end":{"line":168,"column":27}},{"start":{"line":168,"column":31},"end":{"line":168,"column":33}}],"line":168},"18":{"loc":{"start":{"line":172,"column":23},"end":{"line":172,"column":47}},"type":"cond-expr","locations":[{"start":{"line":172,"column":36},"end":{"line":172,"column":38}},{"start":{"line":172,"column":41},"end":{"line":172,"column":47}}],"line":172},"19":{"loc":{"start":{"line":179,"column":29},"end":{"line":179,"column":53}},"type":"cond-expr","locations":[{"start":{"line":179,"column":42},"end":{"line":179,"column":48}},{"start":{"line":179,"column":51},"end":{"line":179,"column":53}}],"line":179}},"s":{"0":11,"1":11,"2":2,"3":2,"4":2,"5":2,"6":2,"7":11,"8":19,"9":19,"10":19,"11":19,"12":19,"13":19,"14":118,"15":118,"16":118,"17":118,"18":118,"19":118,"20":118,"21":118,"22":118,"23":118,"24":118,"25":118,"26":118,"27":19,"28":118,"29":63,"30":38,"31":1,"32":37,"33":18,"34":118,"35":20,"36":118,"37":3,"38":0,"39":118,"40":3,"41":2,"42":2,"43":2,"44":1,"45":2,"46":118,"47":2,"48":2,"49":118,"50":0,"51":118,"52":2},"f":{"0":2,"1":19,"2":19,"3":19,"4":118,"5":19,"6":63,"7":20,"8":3,"9":3,"10":2,"11":0,"12":2},"b":{"0":[2,0],"1":[19,0],"2":[15,103],"3":[118,61,60],"4":[25,38],"5":[63,44,39],"6":[1,37],"7":[38,19,1],"8":[18,19],"9":[37,18],"10":[2,18],"11":[0,3],"12":[3,0,0],"13":[2,1],"14":[3,3],"15":[1,1],"16":[118,1],"17":[118,77],"18":[4,114],"19":[4,114]},"_coverageSchema":"1a1c01bbd47fc00a2c39e90264f33305004495a9","hash":"ea86604a756e6207fb79b835fb06bbd73d8798df"}
,"/Users/edmondpoon/Desktop/School/cse115/smartmeal/frontend/src/components/Homepage/Menu.jsx": {"path":"/Users/edmondpoon/Desktop/School/cse115/smartmeal/frontend/src/components/Homepage/Menu.jsx","statementMap":{"0":{"start":{"line":31,"column":13},"end":{"line":37,"column":3}},"1":{"start":{"line":31,"column":41},"end":{"line":37,"column":1}},"2":{"start":{"line":41,"column":19},"end":{"line":69,"column":1}},"3":{"start":{"line":42,"column":15},"end":{"line":42,"column":43}},"4":{"start":{"line":43,"column":17},"end":{"line":43,"column":33}},"5":{"start":{"line":44,"column":22},"end":{"line":44,"column":54}},"6":{"start":{"line":45,"column":17},"end":{"line":45,"column":44}},"7":{"start":{"line":46,"column":2},"end":{"line":68,"column":7}},"8":{"start":{"line":64,"column":6},"end":{"line":64,"column":29}},"9":{"start":{"line":67,"column":6},"end":{"line":67,"column":25}},"10":{"start":{"line":72,"column":22},"end":{"line":90,"column":1}},"11":{"start":{"line":73,"column":15},"end":{"line":73,"column":43}},"12":{"start":{"line":74,"column":15},"end":{"line":74,"column":31}},"13":{"start":{"line":75,"column":22},"end":{"line":75,"column":50}},"14":{"start":{"line":76,"column":17},"end":{"line":76,"column":40}},"15":{"start":{"line":77,"column":2},"end":{"line":89,"column":7}},"16":{"start":{"line":85,"column":6},"end":{"line":85,"column":29}},"17":{"start":{"line":88,"column":6},"end":{"line":88,"column":20}},"18":{"start":{"line":99,"column":18},"end":{"line":99,"column":31}},"19":{"start":{"line":104,"column":6},"end":{"line":104,"column":44}},"20":{"start":{"line":107,"column":29},"end":{"line":107,"column":47}},"21":{"start":{"line":109,"column":38},"end":{"line":109,"column":56}},"22":{"start":{"line":110,"column":38},"end":{"line":110,"column":59}},"23":{"start":{"line":112,"column":15},"end":{"line":112,"column":16}},"24":{"start":{"line":114,"column":2},"end":{"line":116,"column":16}},"25":{"start":{"line":115,"column":4},"end":{"line":115,"column":33}},"26":{"start":{"line":118,"column":23},"end":{"line":118,"column":51}},"27":{"start":{"line":119,"column":19},"end":{"line":119,"column":68}},"28":{"start":{"line":121,"column":2},"end":{"line":123,"column":14}},"29":{"start":{"line":122,"column":4},"end":{"line":122,"column":59}},"30":{"start":{"line":125,"column":2},"end":{"line":130,"column":15}},"31":{"start":{"line":127,"column":4},"end":{"line":129,"column":5}},"32":{"start":{"line":128,"column":6},"end":{"line":128,"column":37}},"33":{"start":{"line":132,"column":2},"end":{"line":137,"column":27}},"34":{"start":{"line":134,"column":4},"end":{"line":136,"column":5}},"35":{"start":{"line":135,"column":6},"end":{"line":135,"column":35}},"36":{"start":{"line":139,"column":2},"end":{"line":143,"column":45}},"37":{"start":{"line":141,"column":4},"end":{"line":141,"column":33}},"38":{"start":{"line":142,"column":4},"end":{"line":142,"column":21}},"39":{"start":{"line":145,"column":20},"end":{"line":152,"column":3}},"40":{"start":{"line":147,"column":4},"end":{"line":151,"column":5}},"41":{"start":{"line":148,"column":6},"end":{"line":148,"column":24}},"42":{"start":{"line":150,"column":6},"end":{"line":150,"column":29}},"43":{"start":{"line":155,"column":19},"end":{"line":158,"column":3}},"44":{"start":{"line":156,"column":4},"end":{"line":156,"column":24}},"45":{"start":{"line":157,"column":4},"end":{"line":157,"column":19}},"46":{"start":{"line":160,"column":24},"end":{"line":163,"column":3}},"47":{"start":{"line":161,"column":4},"end":{"line":161,"column":22}},"48":{"start":{"line":162,"column":4},"end":{"line":162,"column":20}},"49":{"start":{"line":165,"column":16},"end":{"line":165,"column":26}},"50":{"start":{"line":166,"column":21},"end":{"line":166,"column":64}},"51":{"start":{"line":169,"column":18},"end":{"line":169,"column":33}},"52":{"start":{"line":170,"column":18},"end":{"line":170,"column":33}},"53":{"start":{"line":172,"column":26},"end":{"line":174,"column":3}},"54":{"start":{"line":173,"column":4},"end":{"line":173,"column":58}},"55":{"start":{"line":176,"column":26},"end":{"line":178,"column":3}},"56":{"start":{"line":177,"column":4},"end":{"line":177,"column":58}},"57":{"start":{"line":180,"column":2},"end":{"line":331,"column":4}},"58":{"start":{"line":197,"column":27},"end":{"line":197,"column":58}},"59":{"start":{"line":198,"column":29},"end":{"line":198,"column":63}},"60":{"start":{"line":199,"column":25},"end":{"line":199,"column":69}},"61":{"start":{"line":200,"column":14},"end":{"line":204,"column":15}},"62":{"start":{"line":203,"column":16},"end":{"line":203,"column":28}},"63":{"start":{"line":205,"column":14},"end":{"line":213,"column":16}},"64":{"start":{"line":234,"column":31},"end":{"line":234,"column":78}},"65":{"start":{"line":235,"column":32},"end":{"line":235,"column":63}},"66":{"start":{"line":236,"column":32},"end":{"line":236,"column":68}},"67":{"start":{"line":237,"column":14},"end":{"line":309,"column":16}},"68":{"start":{"line":255,"column":37},"end":{"line":255,"column":63}},"69":{"start":{"line":256,"column":24},"end":{"line":258,"column":25}},"70":{"start":{"line":257,"column":26},"end":{"line":257,"column":58}},"71":{"start":{"line":260,"column":24},"end":{"line":268,"column":25}},"72":{"start":{"line":261,"column":26},"end":{"line":261,"column":52}},"73":{"start":{"line":262,"column":26},"end":{"line":265,"column":27}},"74":{"start":{"line":263,"column":28},"end":{"line":264,"column":37}},"75":{"start":{"line":267,"column":26},"end":{"line":267,"column":70}},"76":{"start":{"line":269,"column":24},"end":{"line":305,"column":26}},"77":{"start":{"line":279,"column":45},"end":{"line":279,"column":60}},"78":{"start":{"line":294,"column":45},"end":{"line":294,"column":59}},"79":{"start":{"line":315,"column":37},"end":{"line":315,"column":57}}},"fnMap":{"0":{"name":"(anonymous_0)","decl":{"start":{"line":31,"column":27},"end":{"line":31,"column":28}},"loc":{"start":{"line":31,"column":41},"end":{"line":37,"column":1}},"line":31},"1":{"name":"(anonymous_1)","decl":{"start":{"line":41,"column":19},"end":{"line":41,"column":20}},"loc":{"start":{"line":41,"column":41},"end":{"line":69,"column":1}},"line":41},"2":{"name":"(anonymous_2)","decl":{"start":{"line":53,"column":10},"end":{"line":53,"column":11}},"loc":{"start":{"line":53,"column":24},"end":{"line":65,"column":5}},"line":53},"3":{"name":"(anonymous_3)","decl":{"start":{"line":66,"column":10},"end":{"line":66,"column":11}},"loc":{"start":{"line":66,"column":20},"end":{"line":68,"column":5}},"line":66},"4":{"name":"(anonymous_4)","decl":{"start":{"line":72,"column":22},"end":{"line":72,"column":23}},"loc":{"start":{"line":72,"column":42},"end":{"line":90,"column":1}},"line":72},"5":{"name":"(anonymous_5)","decl":{"start":{"line":84,"column":10},"end":{"line":84,"column":11}},"loc":{"start":{"line":84,"column":24},"end":{"line":86,"column":5}},"line":84},"6":{"name":"(anonymous_6)","decl":{"start":{"line":87,"column":10},"end":{"line":87,"column":11}},"loc":{"start":{"line":87,"column":20},"end":{"line":89,"column":5}},"line":87},"7":{"name":"Menu","decl":{"start":{"line":98,"column":9},"end":{"line":98,"column":13}},"loc":{"start":{"line":98,"column":21},"end":{"line":332,"column":1}},"line":98},"8":{"name":"(anonymous_8)","decl":{"start":{"line":114,"column":18},"end":{"line":114,"column":19}},"loc":{"start":{"line":114,"column":24},"end":{"line":116,"column":3}},"line":114},"9":{"name":"(anonymous_9)","decl":{"start":{"line":121,"column":18},"end":{"line":121,"column":19}},"loc":{"start":{"line":121,"column":24},"end":{"line":123,"column":3}},"line":121},"10":{"name":"(anonymous_10)","decl":{"start":{"line":125,"column":18},"end":{"line":125,"column":19}},"loc":{"start":{"line":125,"column":24},"end":{"line":130,"column":3}},"line":125},"11":{"name":"(anonymous_11)","decl":{"start":{"line":132,"column":18},"end":{"line":132,"column":19}},"loc":{"start":{"line":132,"column":24},"end":{"line":137,"column":3}},"line":132},"12":{"name":"(anonymous_12)","decl":{"start":{"line":139,"column":18},"end":{"line":139,"column":19}},"loc":{"start":{"line":139,"column":24},"end":{"line":143,"column":3}},"line":139},"13":{"name":"(anonymous_13)","decl":{"start":{"line":145,"column":20},"end":{"line":145,"column":21}},"loc":{"start":{"line":145,"column":30},"end":{"line":152,"column":3}},"line":145},"14":{"name":"(anonymous_14)","decl":{"start":{"line":155,"column":19},"end":{"line":155,"column":20}},"loc":{"start":{"line":155,"column":29},"end":{"line":158,"column":3}},"line":155},"15":{"name":"(anonymous_15)","decl":{"start":{"line":160,"column":24},"end":{"line":160,"column":25}},"loc":{"start":{"line":160,"column":30},"end":{"line":163,"column":3}},"line":160},"16":{"name":"(anonymous_16)","decl":{"start":{"line":172,"column":26},"end":{"line":172,"column":27}},"loc":{"start":{"line":172,"column":38},"end":{"line":174,"column":3}},"line":172},"17":{"name":"(anonymous_17)","decl":{"start":{"line":176,"column":26},"end":{"line":176,"column":27}},"loc":{"start":{"line":176,"column":38},"end":{"line":178,"column":3}},"line":176},"18":{"name":"(anonymous_18)","decl":{"start":{"line":196,"column":55},"end":{"line":196,"column":56}},"loc":{"start":{"line":196,"column":65},"end":{"line":214,"column":13}},"line":196},"19":{"name":"(anonymous_19)","decl":{"start":{"line":233,"column":17},"end":{"line":233,"column":18}},"loc":{"start":{"line":233,"column":31},"end":{"line":310,"column":13}},"line":233},"20":{"name":"(anonymous_20)","decl":{"start":{"line":254,"column":27},"end":{"line":254,"column":28}},"loc":{"start":{"line":254,"column":39},"end":{"line":306,"column":23}},"line":254},"21":{"name":"(anonymous_21)","decl":{"start":{"line":279,"column":39},"end":{"line":279,"column":40}},"loc":{"start":{"line":279,"column":45},"end":{"line":279,"column":60}},"line":279},"22":{"name":"(anonymous_22)","decl":{"start":{"line":294,"column":39},"end":{"line":294,"column":40}},"loc":{"start":{"line":294,"column":45},"end":{"line":294,"column":59}},"line":294},"23":{"name":"(anonymous_23)","decl":{"start":{"line":315,"column":31},"end":{"line":315,"column":32}},"loc":{"start":{"line":315,"column":37},"end":{"line":315,"column":57}},"line":315}},"branchMap":{"0":{"loc":{"start":{"line":32,"column":19},"end":{"line":32,"column":69}},"type":"cond-expr","locations":[{"start":{"line":32,"column":51},"end":{"line":32,"column":60}},{"start":{"line":3
[...]
":163,"column":6},"end":{"line":165,"column":40}},"49":{"start":{"line":167,"column":26},"end":{"line":167,"column":44}},"50":{"start":{"line":168,"column":4},"end":{"line":168,"column":63}},"51":{"start":{"line":170,"column":34},"end":{"line":170,"column":79}},"52":{"start":{"line":171,"column":18},"end":{"line":171,"column":46}},"53":{"start":{"line":173,"column":17},"end":{"line":178,"column":5}},"54":{"start":{"line":180,"column":4},"end":{"line":188,"column":7}},"55":{"start":{"line":199,"column":16},"end":{"line":199,"column":26}},"56":{"start":{"line":200,"column":51},"end":{"line":200,"column":56}},"57":{"start":{"line":202,"column":37},"end":{"line":205,"column":3}},"58":{"start":{"line":204,"column":4},"end":{"line":204,"column":27}},"59":{"start":{"line":207,"column":32},"end":{"line":210,"column":3}},"60":{"start":{"line":209,"column":4},"end":{"line":209,"column":34}},"61":{"start":{"line":212,"column":32},"end":{"line":215,"column":3}},"62":{"start":{"line":214,"column":4},"end":{"line":214,"column":34}},"63":{"start":{"line":217,"column":36},"end":{"line":220,"column":3}},"64":{"start":{"line":219,"column":4},"end":{"line":219,"column":73}},"65":{"start":{"line":222,"column":2},"end":{"line":263,"column":4}},"66":{"start":{"line":272,"column":18},"end":{"line":272,"column":33}},"67":{"start":{"line":273,"column":31},"end":{"line":273,"column":41}},"68":{"start":{"line":274,"column":18},"end":{"line":274,"column":31}},"69":{"start":{"line":276,"column":26},"end":{"line":276,"column":43}},"70":{"start":{"line":278,"column":38},"end":{"line":278,"column":56}},"71":{"start":{"line":280,"column":42},"end":{"line":280,"column":59}},"72":{"start":{"line":282,"column":35},"end":{"line":282,"column":55}},"73":{"start":{"line":285,"column":26},"end":{"line":285,"column":44}},"74":{"start":{"line":287,"column":2},"end":{"line":289,"column":32}},"75":{"start":{"line":288,"column":4},"end":{"line":288,"column":50}},"76":{"start":{"line":292,"column":22},"end":{"line":295,"column":3}},"77":{"start":{"line":293,"column":20},"end":{"line":293,"column":32}},"78":{"start":{"line":294,"column":4},"end":{"line":294,"column":25}},"79":{"start":{"line":297,"column":22},"end":{"line":299,"column":3}},"80":{"start":{"line":298,"column":4},"end":{"line":298,"column":22}},"81":{"start":{"line":301,"column":2},"end":{"line":309,"column":56}},"82":{"start":{"line":305,"column":4},"end":{"line":308,"column":5}},"83":{"start":{"line":307,"column":6},"end":{"line":307,"column":17}},"84":{"start":{"line":312,"column":35},"end":{"line":315,"column":3}},"85":{"start":{"line":313,"column":4},"end":{"line":313,"column":54}},"86":{"start":{"line":314,"column":4},"end":{"line":314,"column":15}},"87":{"start":{"line":318,"column":21},"end":{"line":320,"column":3}},"88":{"start":{"line":319,"column":4},"end":{"line":319,"column":21}},"89":{"start":{"line":323,"column":21},"end":{"line":325,"column":3}},"90":{"start":{"line":324,"column":4},"end":{"line":324,"column":28}},"91":{"start":{"line":327,"column":23},"end":{"line":331,"column":3}},"92":{"start":{"line":328,"column":4},"end":{"line":328,"column":33}},"93":{"start":{"line":329,"column":4},"end":{"line":329,"column":39}},"94":{"start":{"line":330,"column":4},"end":{"line":330,"column":21}},"95":{"start":{"line":333,"column":2},"end":{"line":561,"column":4}},"96":{"start":{"line":405,"column":28},"end":{"line":405,"column":75}},"97":{"start":{"line":407,"column":18},"end":{"line":407,"column":69}},"98":{"start":{"line":408,"column":16},"end":{"line":410,"column":17}},"99":{"start":{"line":409,"column":18},"end":{"line":409,"column":62}},"100":{"start":{"line":411,"column":16},"end":{"line":413,"column":17}},"101":{"start":{"line":412,"column":18},"end":{"line":412,"column":71}},"102":{"start":{"line":414,"column":16},"end":{"line":541,"column":18}},"103":{"start":{"line":434,"column":39},"end":{"line":434,"column":58}},"104":{"start":{"line":453,"column":28},"end":{"line":471,"column":30}},"105":{"start":{"line":497,"column":39},"end":{"line":497,"column":58}},"106":{"start":{"line":515,"column":28},"end":{"line":533,"column":30}}},"fnMap":{"0":{"name":"(anonymous_0)","decl":{"start":{"line":31,"column":29},"end":{"line":31,"column":30}},"loc":{"start":{"line":31,"column":43},"end":{"line":44,"column":1}},"line":31},"1":{"name":"(anonymous_1)","decl":{"start":{"line":46,"column":42},"end":{"line":46,"column":43}},"loc":{"start":{"line":46,"column":56},"end":{"line":59,"column":1}},"line":46},"2":{"name":"(anonymous_2)","decl":{"start":{"line":61,"column":40},"end":{"line":61,"column":41}},"loc":{"start":{"line":61,"column":54},"end":{"line":69,"column":1}},"line":61},"3":{"name":"(anonymous_3)","decl":{"start":{"line":73,"column":20},"end":{"line":73,"column":21}},"loc":{"start":{"line":73,"column":54},"end":{"line":105,"column":1}},"line":73},"4":{"name":"(anonymous_4)","decl":{"start":{"line":95,"column":10},"end":{"line":95,"column":11}},"loc":{"start":{"line":95,"column":24},"end":{"line":101,"column":5}},"line":95},"5":{"name":"(anonymous_5)","decl":{"start":{"line":102,"column":10},"end":{"line":102,"column":11}},"loc":{"start":{"line":102,"column":20},"end":{"line":104,"column":5}},"line":102},"6":{"name":"(anonymous_6)","decl":{"start":{"line":108,"column":19},"end":{"line":108,"column":20}},"loc":{"start":{"line":108,"column":29},"end":{"line":124,"column":1}},"line":108},"7":{"name":"(anonymous_7)","decl":{"start":{"line":127,"column":26},"end":{"line":127,"column":27}},"loc":{"start":{"line":127,"column":46},"end":{"line":190,"column":1}},"line":127},"8":{"name":"TablePaginationActions","decl":{"start":{"line":198,"column":9},"end":{"line":198,"column":31}},"loc":{"start":{"line":198,"column":39},"end":{"line":264,"column":1}},"line":198},"9":{"name":"(anonymous_9)","decl":{"start":{"line":202,"column":37},"end":{"line":202,"column":38}},"loc":{"start":{"line":202,"column":48},"end":{"line":205,"column":3}},"line":202},"10":{"name":"(anonymous_10)","decl":{"start":{"line":207,"column":32},"end":{"line":207,"column":33}},"loc":{"start":{"line":207,"column":43},"end":{"line":210,"column":3}},"line":207},"11":{"name":"(anonymous_11)","decl":{"start":{"line":212,"column":32},"end":{"line":212,"column":33}},"loc":{"start":{"line":212,"column":43},"end":{"line":215,"column":3}},"line":212},"12":{"name":"(anonymous_12)","decl":{"start":{"line":217,"column":36},"end":{"line":217,"column":37}},"loc":{"start":{"line":217,"column":47},"end":{"line":220,"column":3}},"line":217},"13":{"name":"ViewMeals","decl":{"start":{"line":271,"column":9},"end":{"line":271,"column":18}},"loc":{"start":{"line":271,"column":26},"end":{"line":562,"column":1}},"line":271},"14":{"name":"(anonymous_14)","decl":{"start":{"line":287,"column":18},"end":{"line":287,"column":19}},"loc":{"start":{"line":287,"column":24},"end":{"line":289,"column":3}},"line":287},"15":{"name":"(anonymous_15)","decl":{"start":{"line":292,"column":22},"end":{"line":292,"column":23}},"loc":{"start":{"line":292,"column":33},"end":{"line":295,"column":3}},"line":292},"16":{"name":"(anonymous_16)","decl":{"start":{"line":297,"column":22},"end":{"line":297,"column":23}},"loc":{"start":{"line":297,"column":28},"end":{"line":299,"column":3}},"line":297},"17":{"name":"(anonymous_17)","decl":{"start":{"line":301,"column":18},"end":{"line":301,"column":19}},"loc":{"start":{"line":301,"column":24},"end":{"line":309,"column":3}},"line":301},"18":{"name":"(anonymous_18)","decl":{"start":{"line":312,"column":35},"end":{"line":312,"column":36}},"loc":{"start":{"line":312,"column":46},"end":{"line":315,"column":3}},"line":312},"19":{"name":"(anonymous_19)","decl":{"start":{"line":318,"column":21},"end":{"line":318,"column":22}},"loc":{"start":{"line":318,"column":41},"end":{"line":320,"column":3}},"line":318},"20":{"name":"(anonymous_20)","decl":{"start":{"line":323,"column":21},"end":{"line":323,"column":22}},"loc":{"start":{"line":323,"column":27},"end":{"line":325,"column":3}},"line":323},"21":{"name":"(anonymous_21)","decl":{"start":{"line":327,"column":23},"end":{"line":327,"column":24}},"loc":{"start":{"line":327,"column":33},"end":{"line":331,"column":3}},"line":327},"22":{"name":"(anonymous_22)","decl":{"start":{"line":404,"column":19},"end":{"line":404,"column":20}},"loc":{"start":{"line":404,"column":33},"end":{"line":542,"column":15}},"line":404},"23":{"name":"(anonymous_23)","decl":{"start":{"line":434,"column":33},"end":{"line":434,"column":34}},"loc":{"start":{"line":434,"column":39},"end":{"line":434,"column":58}},"line":434},"24":{"name":"(anonymous_24)","decl":{"start":{"line":452,"column":31},"end":{"line":452,"column":32}},"loc":{"start":{"line":452,"column":45},"end":{"line":472,"column":27}},"line":452},"25":{"name":"(anonymous_25)","decl":{"start":{"line":497,"column":33},"end":{"line":497,"column":34}},"loc":{"start":{"line":497,"column":39},"end":{"line":497,"column":58}},"line":497},"26":{"name":"(anonymous_26)","decl":{"start":{"line":514,"column":31},"end":{"line":514,"column":32}},"loc":{"start":{"line":514,"column":45},"end":{"line":534,"column":27}},"line":514}},"branchMap":{"0":{"loc":{"start":{"line":76,"column":22},"end":{"line":76,"column":50}},"type":"cond-expr","locations":[{"start":{"line":76,"column":29},"end":{"line":76,"column":45}},{"start":{"line":76,"column":48},"end":{"line":76,"column":50}}],"line":76},"1":{"loc":{"start":{"line":77,"column":17},"end":{"line":77,"column":40}},"type":"cond-expr","locations":[{"start":{"line":77,"column":24},"end":{"line":77,"column":35}},{"start":{"line":77,"column":38},"end":{"line":77,"column":40}}],"line":77},"2":{"loc":{"start":{"line":80,"column":2},"end":{"line":82,"column":3}},"type":"if","locations":[{"start":{"line":80,"column":2},"end":{"line":82,"column":3}},{"start":{},"end":{}}],"line":80},"3":{"loc":{"start":{"line":84,"column":2},"end":{"line":86,"column":3}},"type":"if","locations":[{"start":{"line":84,"column":2},"end":{"line":86,"column":3}},{"start":{},"end":{}}],"line":84},"4":{"loc":{"start":{"line":96,"column":6},"end":{"line":99,"column":7}},"type":"if","locations":[{"start":{"line":96,"column":6},"end":{"line":99,"column":7}},{"start":{},"end":{}}],"line":96},"5":{"loc":{"start":{"line":110,"column":2},"end":{"line":113,"column":3}},"type":"if","locations":[{"start":{"line":110,"column":2},"end":{"line":113,"column":3}},{"start":{},"end":{}}],"line":110},"6":{"loc":{"start":{"line":116,"column":4},"end":{"line":118,"column":5}},"type":"if","locations":[{"start":{"line":116,"column":4},"end":{"line":118,"column":5}},{"start":{},"end":{}}],"line":116},"7":{"loc":{"start":{"line":130,"column":22},"end":{"line":130,"column":54}},"type":"cond-expr","locations":[{"start":{"line":130,"column":31},"end":{"line":130,"column":49}},{"start":{"line":130,"column":52},"end":{"line":130,"column":54}}],"line":130},"8":{"loc":{"start":{"line":131,"column":17},"end":{"line":131,"column":44}},"type":"cond-expr","locations":[{"start":{"line":131,"column":26},"end":{"line":131,"column":39}},{"start":{"line":131,"column":42},"end":{"line":131,"column":44}}],"line":131},"9":{"loc":{"start":{"line":142,"column":4},"end":{"line":144,"column":5}},"type":"if","locations":[{"start":{"line":142,"column":4},"end":{"line":144,"column":5}},{"start":{},"end":{}}],"line":142},"10":{"loc":{"start":{"line":231,"column":9},"end":{"line":232,"column":46}},"type":"cond-expr","locations":[{"start":{"line":232,"column":10},"end":{"line":232,"column":26}},{"start":{"line":232,"column":29},"end":{"line":232,"column":46}}],"line":231},"11":{"loc":{"start":{"line":240,"column":9},"end":{"line":241,"column":56}},"type":"cond-expr","locations":[{"start":{"line":241,"column":10},"end":{"line":241,"column":32}},{"start":{"line":241,"column":35},"end":{"line":241,"column":56}}],"line":240},"12":{"loc":{"start":{"line":249,"column":9},"end":{"line":250,"column":56}},"type":"cond-expr","locations":[{"start":{"line":250,"column":10},"end":{"line":250,"column":31}},{"start":{"line":250,"column":34},"end":{"line":250,"column":56}}],"line":249},"13":{"loc":{"start":{"line":259,"column":9},"end":{"line":260,"column":46}},"type":"cond-expr","locations":[{"start":{"line":260,"column":10},"end":{"line":260,"column":27}},{"start":{"line":260,"column":30},"end":{"line":260,"column":46}}],"line":259},"14":{"loc":{"start":{"line":305,"column":4},"end":{"line":308,"column":5}},"type":"if","locations":[{"start":{"line":305,"column":4},"end":{"line":308,"column":5}},{"start":{},"end":{}}],"line":305},"15":{"loc":{"start":{"line":305,"column":8},"end":{"line":306,"column":77}},"type":"binary-expr","locations":[{"start":{"line":305,"column":8},"end":{"line":305,"column":19}},{"start":{"line":306,"column":6},"end":{"line":306,"column":77}}],"line":305},"16":{"loc":{"start":{"line":306,"column":31},"end":{"line":306,"column":50}},"type":"cond-expr","locations":[{"start":{"line":306,"column":45},"end":{"line":306,"column":46}},{"start":{"line":306,"column":49},"end":{"line":306,"column":50}}],"line":306},"17":{"loc":{"start":{"line":345,"column":22},"end":{"line":345,"column":47}},"type":"cond-expr","locations":[{"start":{"line":345,"column":36},"end":{"line":345,"column":42}},{"start":{"line":345,"column":45},"end":{"line":345,"column":47}}],"line":345},"18":{"loc":{"start":{"line":373,"column":28},"end":{"line":373,"column":55}},"type":"cond-expr","locations":[{"start":{"line":373,"column":42},"end":{"line":373,"column":50}},{"start":{"line":373,"column":53},"end":{"line":373,"column":55}}],"line":373},"19":{"loc":{"start":{"line":402,"column":11},"end":{"line":542,"column":16}},"type":"binary-expr","locations":[{"start":{"line":402,"column":11},"end":{"line":402,"column":15}},{"start":{"line":403,"column":12},"end":{"line":542,"column":16}}],"line":402},"20":{"loc":{"start":{"line":408,"column":16},"end":{"line":410,"column":17}},"type":"if","locations":[{"start":{"line":408,"column":16},"end":{"line":410,"column":17}},{"start":{},"end":{}}],"line":408},"21":{"loc":{"start":{"line":411,"column":16},"end":{"line":413,"column":17}},"type":"if","locations":[{"start":{"line":411,"column":16},"end":{"line":413,"column":17}},{"start":{},"end":{}}],"line":411},"22":{"loc":{"start":{"line":411,"column":20},"end":{"line":411,"column":36}},"type":"binary-expr","locations":[{"start":{"line":411,"column":20},"end":{"line":411,"column":26}},{"start":{"line":411,"column":30},"end":{"line":411,"column":36}}],"line":411},"23":{"loc":{"start":{"line":433,"column":28},"end":{"line":433,"column":115}},"type":"binary-expr","locations":[{"start":{"line":433,"column":29},"end":{"line":433,"column":34}},{"start":{"line":433,"column":38},"end":{"line":433,"column":108}},{"start":{"line":433,"column":113},"end":{"line":433,"column":115}}],"line":433},"24":{"loc":{"start":{"line":445,"column":39},"end":{"line":445,"column":64}},"type":"cond-expr","locations":[{"start":{"line":445,"column":53},"end":{"line":445,"column":55}},{"start":{"line":445,"column":58},"end":{"line":445,"column":64}}],"line":445},"25":{"loc":{"start":{"line":479,"column":33},"end":{"line":479,"column":70}},"type":"cond-expr","locations":[{"start":{"line":479,"column":59},"end":{"line":479,"column":65}},{"start":{"line":479,"column":68},"end":{"line":479,"column":70}}],"line":479},"26":{"loc":{"start":{"line":479,"column":34},"end":{"line":479,"column":55}},"type":"binary-expr","locations":[{"start":{"line":479,"column":34},"end":{"line":479,"column":45}},{"start":{"line":479,"column":49},"end":{"line":479,"column":55}}],"line":479},"27":{"loc":{"start":{"line":483,"column":25},"end":{"line":483,"column":51}},"type":"binary-expr","locations":[{"start":{"line":483,"column":25},"end":{"line":483,"column":30}},{"start":{"line":483,"column":34},"end":{"line":483,"column":51}}],"line":483},"28":{"loc":{"start":{"line":490,"column":33},"end":{"line":490,"column":70}},"type":"cond-expr","locations":[{"start":{"line":490,"column":59},"end":{"line":490,"column":65}},{"start":{"line":490,"column":68},"end":{"line":490,"column":70}}],"line":490},"29":{"loc":{"start":{"line":490,"column":34},"end":{"line":490,"column":55}},"type":"binary-expr","locations":[{"start":{"line":490,"column":34},"end":{"line":490,"column":45}},{"start":{"line":490,"column":49},"end":{"line":490,"column":55}}],"line":490},"30":{"loc":{"start":{"line":496,"column":28},"end":{"line":496,"column":119}},"type":"binary-expr","locations":[{"start":{"line":496,"column":29},"end":{"line":496,"column":34}},{"start":{"line":496,"column":38},"end":{"line":496,"column":112}},{"start":{"line":496,"column":117},"end":{"line":496,"column":119}}],"line":496},"31":{"loc":{"start":{"line":506,"column":33},"end":{"line":506,"column":70}},"type":"cond-expr","locations":[{"start":{"line":506,"column":59},"end":{"line":506,"column":65}},{"start":{"line":506,"column":68},"end":{"line":506,"column":70}}],"line":506},"32":{"loc":{"start":{"line":506,"column":34},"end":{"line":506,"column":55}},"type":"binary-expr","locations":[{"start":{"line":506,"column":34},"end":{"line":506,"column":45}},{"start":{"line":506,"column":49},"end":{"line":506,"column":55}}],"line":506},"33":{"loc":{"start":{"line":513,"column":25},"end":{"line":535,"column":32}},"type":"cond-expr","locations":[{"start":{"line":513,"column":34},"end":{"line":534,"column":28}},{"start":{"line":535,"column":26},"end":{"line":535,"column":32}}],"line":513},"34":{"loc":{"start":{"line":550,"column":42},"end":{"line":550,"column":61}},"type":"cond-expr","locations":[{"start":{"line":550,"column":56},"end":{"line":550,"column":57}},{"start":{"line":550,"column":60},"end":{"line":550,"column":61}}],"line":550},"35":{"loc":{"start":{"line":552,"column":16},"end":{"line":554,"column":32}},"type":"cond-expr","locations":[{"start":{"line":554,"column":24},"end":{"line":554,"column":25}},{"start":{"line":554,"column":28},"end":{"line":554,"column":32}}],"line":552},"36":{"loc":{"start":{"line":552,"column":17},"end":{"line":554,"column":20}},"type":"binary-expr","locations":[{"start":{"line":552,"column":17},"end":{"line":552,"column":28}},{"start":{"line":553,"column":12},"end":{"line":554,"column":20}}],"line":552},"37":{"loc":{"start":{"line":553,"column":37},"end":{"line":553,"column":56}},"type":"cond-expr","locations":[{"start":{"line":553,"column":51},"end":{"line":553,"column":52}},{"start":{"line":553,"column":55},"end":{"line":553,"column":56}}],"line":553}},"s":{"0":11,"1":20,"2":11,"3":20,"4":11,"5":20,"6":11,"7":15,"8":15,"9":15,"10":15,"11":15,"12":15,"13":8,"14":15,"15":1,"16":15,"17":0,"18":0,"19":0,"20":0,"21":11,"22":0,"23":0,"24":0,"25":0,"26":0,"27":0,"28":0,"29":0,"30":0,"31":11,"32":0,"33":0,"34":0,"35":0,"36":0,"37":0,"38":0,"39":0,"40":0,"41":0,"42":0,"43":0,"44":0,"45":0,"46":0,"47":0,"48":0,"49":0,"50":0,"51":0,"52":0,"53":0,"54":0,"55":20,"56":20,"57":20,"58":0,"59":20,"60":0,"61":20,"62":0,"63":20,"64":0,"65":20,"66":21,"67":21,"68":21,"69":21,"70":21,"71":21,"72":21,"73":21,"74":21,"75":15,"76":21,"77":1,"78":1,"79":21,"80":1,"81":21,"82":7,"83":7,"84":21,"85":0,"86":0,"87":21,"88":0,"89":21,"90":6,"91":21,"92":0,"93":0,"94":0,"95":21,"96":0,"97":0,"98":0,"99":0,"100":0,"101":0,"102":0,"103":0,"104":0,"105":0,"106":0},"f":{"0":20,"1":20,"2":20,"3":15,"4":0,"5":0,"6":0,"7":0,"8":20,"9":0,"10":0,"11":0,"12":0,"13":21,"14":15,"15":1,"16":1,"17":7,"18":0,"19":0,"20":6,"21":0,"22":0,"23":0,"24":0,"25":0,"26":0},"b":{"0":[15,0],"1":[15,0],"2":[8,7],"3":[1,14],"4":[0,0],"5":[0,0],"6":[0,0],"7":[0,0],"8":[0,0],"9":[0,0],"10":[0,20],"11":[0,20],"12":[0,20],"13":[0,20],"14":[7,0],"15":[7,7],"16":[0,7],"17":[0,21],"18":[20,1],"19":[21,21],"20":[0,0],"21":[0,0],"22":[0,0],"23":[0,0,0],"24":[0,0],"25":[0,0],"26":[0,0],"27":[0,0],"28":[0,0],"29":[0,0],"30":[0,0,0],"31":[0,0],"32":[0,0],"33":[0,0],"34":[0,21],"35":[21,0],"36":[21,21],"37":[0,21]},"_coverageSchema":"1a1c01bbd47fc00a2c39e90264f33305004495a9","hash":"47548bcb20f170fc4fbcdaf46b7517b78f71b3bb"}
}
