{"/Users/edmondpoon/Desktop/School/cse115/smartmeal/frontend/src/App.js": {"path":"/Users/edmondpoon/Desktop/School/cse115/smartmeal/frontend/src/App.js","statementMap":{"0":{"start":{"line":18,"column":2},"end":{"line":38,"column":4}},"1":{"start":{"line":41,"column":20},"end":{"line":47,"column":1}},"2":{"start":{"line":42,"column":15},"end":{"line":42,"column":55}},"3":{"start":{"line":43,"column":2},"end":{"line":45,"column":3}},"4":{"start":{"line":44,"column":4},"end":{"line":44,"column":35}},"5":{"start":{"line":46,"column":2},"end":{"line":46,"column":19}}},"fnMap":{"0":{"name":"App","decl":{"start":{"line":16,"column":9},"end":{"line":16,"column":12}},"loc":{"start":{"line":16,"column":15},"end":{"line":39,"column":1}},"line":16},"1":{"name":"(anonymous_1)","decl":{"start":{"line":41,"column":20},"end":{"line":41,"column":21}},"loc":{"start":{"line":41,"column":26},"end":{"line":47,"column":1}},"line":41}},"branchMap":{"0":{"loc":{"start":{"line":43,"column":2},"end":{"line":45,"column":3}},"type":"if","locations":[{"start":{"line":43,"column":2},"end":{"line":45,"column":3}},{"start":{},"end":{}}],"line":43}},"s":{"0":22,"1":11,"2":19,"3":19,"4":1,"5":18},"f":{"0":22,"1":19},"b":{"0":[1,18]},"_coverageSchema":"1a1c01bbd47fc00a2c39e90264f33305004495a9","hash":"617a873f5fe6a586b749e70f64c22259ddf63f57"}
,"/Users/edmondpoon/Desktop/School/cse115/smartmeal/frontend/src/components/CheckList.jsx": {"path":"/Users/edmondpoon/Desktop/School/cse115/smartmeal/frontend/src/components/CheckList.jsx","statementMap":{"0":{"start":{"line":11,"column":14},"end":{"line":21,"column":2}},"1":{"start":{"line":28,"column":17},"end":{"line":28,"column":27}},"2":{"start":{"line":30,"column":2},"end":{"line":44,"column":4}}},"fnMap":{"0":{"name":"ChecklistPage","decl":{"start":{"line":27,"column":9},"end":{"line":27,"column":22}},"loc":{"start":{"line":27,"column":25},"end":{"line":45,"column":1}},"line":27}},"branchMap":{},"s":{"0":11,"1":3,"2":3},"f":{"0":3},"b":{},"_coverageSchema":"1a1c01bbd47fc00a2c39e90264f33305004495a9","hash":"432c054eef75cff98908d477042baaa284fa375f"}
,"/Users/edmondpoon/Desktop/School/cse115/smartmeal/frontend/src/components/DimensionsProvider.jsx": {"path":"/Users/edmondpoon/Desktop/School/cse115/smartmeal/frontend/src/components/DimensionsProvider.jsx","statementMap":{"0":{"start":{"line":5,"column":26},"end":{"line":5,"column":41}},"1":{"start":{"line":7,"column":16},"end":{"line":10,"column":2}},"2":{"start":{"line":7,"column":23},"end":{"line":10,"column":1}},"3":{"start":{"line":12,"column":27},"end":{"line":26,"column":1}},"4":{"start":{"line":13,"column":38},"end":{"line":13,"column":55}},"5":{"start":{"line":14,"column":2},"end":{"line":20,"column":9}},"6":{"start":{"line":15,"column":25},"end":{"line":17,"column":5}},"7":{"start":{"line":16,"column":6},"end":{"line":16,"column":29}},"8":{"start":{"line":18,"column":4},"end":{"line":18,"column":52}},"9":{"start":{"line":19,"column":4},"end":{"line":19,"column":70}},"10":{"start":{"line":19,"column":18},"end":{"line":19,"column":68}},"11":{"start":{"line":21,"column":2},"end":{"line":25,"column":4}},"12":{"start":{"line":30,"column":29},"end":{"line":32,"column":1}},"13":{"start":{"line":31,"column":2},"end":{"line":31,"column":39}}},"fnMap":{"0":{"name":"(anonymous_0)","decl":{"start":{"line":7,"column":16},"end":{"line":7,"column":17}},"loc":{"start":{"line":7,"column":23},"end":{"line":10,"column":1}},"line":7},"1":{"name":"(anonymous_1)","decl":{"start":{"line":12,"column":27},"end":{"line":12,"column":28}},"loc":{"start":{"line":12,"column":43},"end":{"line":26,"column":1}},"line":12},"2":{"name":"(anonymous_2)","decl":{"start":{"line":14,"column":12},"end":{"line":14,"column":13}},"loc":{"start":{"line":14,"column":18},"end":{"line":20,"column":3}},"line":14},"3":{"name":"(anonymous_3)","decl":{"start":{"line":15,"column":25},"end":{"line":15,"column":26}},"loc":{"start":{"line":15,"column":31},"end":{"line":17,"column":5}},"line":15},"4":{"name":"(anonymous_4)","decl":{"start":{"line":19,"column":12},"end":{"line":19,"column":13}},"loc":{"start":{"line":19,"column":18},"end":{"line":19,"column":68}},"line":19},"5":{"name":"(anonymous_5)","decl":{"start":{"line":30,"column":29},"end":{"line":30,"column":30}},"loc":{"start":{"line":30,"column":35},"end":{"line":32,"column":1}},"line":30}},"branchMap":{},"s":{"0":11,"1":11,"2":23,"3":11,"4":23,"5":23,"6":22,"7":1,"8":22,"9":22,"10":22,"11":23,"12":11,"13":96},"f":{"0":23,"1":23,"2":22,"3":1,"4":22,"5":96},"b":{},"_coverageSchema":"1a1c01bbd47fc00a2c39e90264f33305004495a9","hash":"4fec22195e6a6c0870e280140663ee173d948c12"}
,"/Users/edmondpoon/Desktop/School/cse115/smartmeal/frontend/src/components/HomeLayout.jsx": {"path":"/Users/edmondpoon/Desktop/School/cse115/smartmeal/frontend/src/components/HomeLayout.jsx","statementMap":{"0":{"start":{"line":10,"column":14},"end":{"line":21,"column":2}},"1":{"start":{"line":25,"column":2},"end":{"line":36,"column":4}}},"fnMap":{"0":{"name":"HomeLayout","decl":{"start":{"line":24,"column":9},"end":{"line":24,"column":19}},"loc":{"start":{"line":24,"column":27},"end":{"line":37,"column":1}},"line":24}},"branchMap":{},"s":{"0":11,"1":18},"f":{"0":18},"b":{},"_coverageSchema":"1a1c01bbd47fc00a2c39e90264f33305004495a9","hash":"860b461274d002b553723798efe76945e1c53660"}
,"/Users/edmondpoon/Desktop/School/cse115/smartmeal/frontend/src/components/MealContextProvider.jsx": {"path":"/Users/edmondpoon/Desktop/School/cse115/smartmeal/frontend/src/components/MealContextProvider.jsx","statementMap":{"0":{"start":{"line":5,"column":21},"end":{"line":5,"column":36}},"1":{"start":{"line":8,"column":24},"end":{"line":33,"column":1}},"2":{"start":{"line":9,"column":15},"end":{"line":9,"column":43}},"3":{"start":{"line":10,"column":17},"end":{"line":10,"column":33}},"4":{"start":{"line":11,"column":22},"end":{"line":11,"column":54}},"5":{"start":{"line":14,"column":21},"end":{"line":14,"column":31}},"6":{"start":{"line":15,"column":21},"end":{"line":15,"column":40}},"7":{"start":{"line":16,"column":20},"end":{"line":16,"column":30}},"8":{"start":{"line":17,"column":2},"end":{"line":17,"column":55}},"9":{"start":{"line":18,"column":16},"end":{"line":18,"column":53}},"10":{"start":{"line":19,"column":2},"end":{"line":32,"column":7}},"11":{"start":{"line":28,"column":6},"end":{"line":28,"column":29}},"12":{"start":{"line":31,"column":6},"end":{"line":31,"column":38}},"13":{"start":{"line":36,"column":27},"end":{"line":78,"column":1}},"14":{"start":{"line":81,"column":29},"end":{"line":141,"column":1}},"15":{"start":{"line":83,"column":21},"end":{"line":83,"column":31}},"16":{"start":{"line":84,"column":21},"end":{"line":84,"column":40}},"17":{"start":{"line":85,"column":20},"end":{"line":85,"column":30}},"18":{"start":{"line":86,"column":2},"end":{"line":86,"column":55}},"19":{"start":{"line":87,"column":18},"end":{"line":87,"column":28}},"20":{"start":{"line":88,"column":2},"end":{"line":88,"column":59}},"21":{"start":{"line":89,"column":15},"end":{"line":91,"column":77}},"22":{"start":{"line":95,"column":30},"end":{"line":95,"column":50}},"23":{"start":{"line":98,"column":11},"end":{"line":98,"column":15}},"24":{"start":{"line":99,"column":15},"end":{"line":99,"column":43}},"25":{"start":{"line":100,"column":2},"end":{"line":103,"column":3}},"26":{"start":{"line":101,"column":19},"end":{"line":101,"column":35}},"27":{"start":{"line":102,"column":4},"end":{"line":102,"column":39}},"28":{"start":{"line":104,"column":26},"end":{"line":104,"column":44}},"29":{"start":{"line":106,"column":2},"end":{"line":111,"column":15}},"30":{"start":{"line":107,"column":4},"end":{"line":110,"column":5}},"31":{"start":{"line":109,"column":6},"end":{"line":109,"column":39}},"32":{"start":{"line":113,"column":46},"end":{"line":113,"column":58}},"33":{"start":{"line":114,"column":56},"end":{"line":114,"column":68}},"34":{"start":{"line":115,"column":40},"end":{"line":115,"column":52}},"35":{"start":{"line":116,"column":52},"end":{"line":124,"column":3}},"36":{"start":{"line":125,"column":2},"end":{"line":127,"column":9}},"37":{"start":{"line":126,"column":4},"end":{"line":126,"column":42}},"38":{"start":{"line":129,"column":2},"end":{"line":140,"column":4}},"39":{"start":{"line":148,"column":2},"end":{"line":148,"column":34}}},"fnMap":{"0":{"name":"(anonymous_0)","decl":{"start":{"line":8,"column":24},"end":{"line":8,"column":25}},"loc":{"start":{"line":8,"column":45},"end":{"line":33,"column":1}},"line":8},"1":{"name":"(anonymous_1)","decl":{"start":{"line":27,"column":10},"end":{"line":27,"column":11}},"loc":{"start":{"line":27,"column":24},"end":{"line":29,"column":5}},"line":27},"2":{"name":"(anonymous_2)","decl":{"start":{"line":30,"column":10},"end":{"line":30,"column":11}},"loc":{"start":{"line":30,"column":20},"end":{"line":32,"column":5}},"line":30},"3":{"name":"(anonymous_3)","decl":{"start":{"line":81,"column":29},"end":{"line":81,"column":30}},"loc":{"start":{"line":81,"column":45},"end":{"line":141,"column":1}},"line":81},"4":{"name":"(anonymous_4)","decl":{"start":{"line":106,"column":12},"end":{"line":106,"column":13}},"loc":{"start":{"line":106,"column":18},"end":{"line":111,"column":3}},"line":106},"5":{"name":"(anonymous_5)","decl":{"start":{"line":125,"column":12},"end":{"line":125,"column":13}},"loc":{"start":{"line":125,"column":18},"end":{"line":127,"column":3}},"line":125},"6":{"name":"useMeals","decl":{"start":{"line":147,"column":16},"end":{"line":147,"column":24}},"loc":{"start":{"line":147,"column":27},"end":{"line":149,"column":1}},"line":147}},"branchMap":{"0":{"loc":{"start":{"line":11,"column":22},"end":{"line":11,"column":54}},"type":"cond-expr","locations":[{"start":{"line":11,"column":31},"end":{"line":11,"column":49}},{"start":{"line":11,"column":52},"end":{"line":11,"column":54}}],"line":11},"1":{"loc":{"start":{"line":100,"column":2},"end":{"line":103,"column":3}},"type":"if","locations":[{"start":{"line":100,"column":2},"end":{"line":103,"column":3}},{"start":{},"end":{}}],"line":100},"2":{"loc":{"start":{"line":102,"column":9},"end":{"line":102,"column":38}},"type":"cond-expr","locations":[{"start":{"line":102,"column":18},"end":{"line":102,"column":31}},{"start":{"line":102,"column":34},"end":{"line":102,"column":38}}],"line":102},"3":{"loc":{"start":{"line":107,"column":4},"end":{"line":110,"column":5}},"type":"if","locations":[{"start":{"line":107,"column":4},"end":{"line":110,"column":5}},{"start":{},"end":{}}],"line":107}},"s":{"0":11,"1":11,"2":18,"3":18,"4":18,"5":18,"6":18,"7":18,"8":18,"9":18,"10":18,"11":18,"12":18,"13":11,"14":11,"15":73,"16":73,"17":73,"18":73,"19":73,"20":73,"21":73,"22":73,"23":73,"24":73,"25":73,"26":47,"27":47,"28":73,"29":73,"30":31,"31":18,"32":73,"33":73,"34":73,"35":73,"36":73,"37":22,"38":73,"39":168},"f":{"0":18,"1":18,"2":18,"3":73,"4":31,"5":22,"6":168},"b":{"0":[18,0],"1":[47,26],"2":[47,0],"3":[18,13]},"_coverageSchema":"1a1c01bbd47fc00a2c39e90264f33305004495a9","hash":"c3554131140d93cb7b152af87d88d11f1f6d7323"}
,"/Users/edmondpoon/Desktop/School/cse115/smartmeal/frontend/src/components/Page404.jsx": {"path":"/Users/edmondpoon/Desktop/School/cse115/smartmeal/frontend/src/components/Page404.jsx","statementMap":{"0":{"start":{"line":9,"column":2},"end":{"line":39,"column":4}}},"fnMap":{"0":{"name":"Error","decl":{"start":{"line":8,"column":9},"end":{"line":8,"column":14}},"loc":{"start":{"line":8,"column":17},"end":{"line":40,"column":1}},"line":8}},"branchMap":{},"s":{"0":0},"f":{"0":0},"b":{}}
,"/Users/edmondpoon/Desktop/School/cse115/smartmeal/frontend/src/components/PlansLayout.jsx": {"path":"/Users/edmondpoon/Desktop/School/cse115/smartmeal/frontend/src/components/PlansLayout.jsx","statementMap":{"0":{"start":{"line":9,"column":14},"end":{"line":19,"column":2}},"1":{"start":{"line":23,"column":2},"end":{"line":34,"column":4}}},"fnMap":{"0":{"name":"PlansLayout","decl":{"start":{"line":22,"column":9},"end":{"line":22,"column":20}},"loc":{"start":{"line":22,"column":28},"end":{"line":35,"column":1}},"line":22}},"branchMap":{},"s":{"0":11,"1":1},"f":{"0":1},"b":{},"_coverageSchema":"1a1c01bbd47fc00a2c39e90264f33305004495a9","hash":"910c898a3a624af25d0ad7d3ca52502321eb5777"}
,"/Users/edmondpoon/Desktop/School/cse115/smartmeal/frontend/src/components/parser.jsx": {"path":"/Users/edmondpoon/Desktop/School/cse115/smartmeal/frontend/src/components/parser.jsx","statementMap":{"0":{"start":{"line":7,"column":15},"end":{"line":7,"column":31}},"1":{"start":{"line":8,"column":19},"end":{"line":8,"column":49}},"2":{"start":{"line":9,"column":21},"end":{"line":9,"column":73}},"3":{"start":{"line":10,"column":16},"end":{"line":10,"column":48}},"4":{"start":{"line":12,"column":22},"end":{"line":23,"column":3}},"5":{"start":{"line":25,"column":21},"end":{"line":32,"column":3}},"6":{"start":{"line":35,"column":29},"end":{"line":35,"column":56}},"7":{"start":{"line":36,"column":20},"end":{"line":36,"column":50}},"8":{"start":{"line":38,"column":2},"end":{"line":64,"column":3}},"9":{"start":{"line":39,"column":20},"end":{"line":39,"column":57}},"10":{"start":{"line":41,"column":24},"end":{"line":41,"column":37}},"11":{"start":{"line":43,"column":4},"end":{"line":60,"column":5}},"12":{"start":{"line":45,"column":6},"end":{"line":45,"column":29}},"13":{"start":{"line":46,"column":6},"end":{"line":55,"column":7}},"14":{"start":{"line":47,"column":8},"end":{"line":54,"column":9}},"15":{"start":{"line":50,"column":10},"end":{"line":50,"column":57}},"16":{"start":{"line":53,"column":10},"end":{"line":53,"column":51}},"17":{"start":{"line":59,"column":6},"end":{"line":59,"column":42}},"18":{"start":{"line":63,"column":4},"end":{"line":63,"column":47}},"19":{"start":{"line":66,"column":2},"end":{"line":66,"column":20}}},"fnMap":{"0":{"name":"parsePlanData","decl":{"start":{"line":6,"column":9},"end":{"line":6,"column":22}},"loc":{"start":{"line":6,"column":38},"end":{"line":67,"column":1}},"line":6}},"branchMap":{"0":{"loc":{"start":{"line":43,"column":4},"end":{"line":60,"column":5}},"type":"if","locations":[{"start":{"line":43,"column":4},"end":{"line":60,"column":5}},{"start":{"line":56,"column":11},"end":{"line":60,"column":5}}],"line":43},"1":{"loc":{"start":{"line":47,"column":8},"end":{"line":54,"column":9}},"type":"if","locations":[{"start":{"line":47,"column":8},"end":{"line":54,"column":9}},{"start":{"line":51,"column":15},"end":{"line":54,"column":9}}],"line":47}},"s":{"0":18,"1":18,"2":18,"3":18,"4":18,"5":18,"6":18,"7":18,"8":18,"9":126,"10":126,"11":126,"12":0,"13":0,"14":0,"15":0,"16":0,"17":126,"18":126,"19":18},"f":{"0":18},"b":{"0":[0,126],"1":[0,0]},"_coverageSchema":"1a1c01bbd47fc00a2c39e90264f33305004495a9","hash":"7bd58b6889dc8a7108edec11b48be4f389c5ef44"}
,"/Users/edmondpoon/Desktop/School/cse115/smartmeal/frontend/src/components/CheckList/CheckListElements.jsx": {"path":"/Users/edmondpoon/Desktop/School/cse115/smartmeal/frontend/src/components/CheckList/CheckListElements.jsx","statementMap":{"0":{"start":{"line":11,"column":13},"end":{"line":18,"column":3}},"1":{"start":{"line":11,"column":41},"end":{"line":18,"column":1}},"2":{"start":{"line":25,"column":2},"end":{"line":43,"column":4}}},"fnMap":{"0":{"name":"(anonymous_0)","decl":{"start":{"line":11,"column":27},"end":{"line":11,"column":28}},"loc":{"start":{"line":11,"column":41},"end":{"line":18,"column":1}},"line":11},"1":{"name":"CheckListElement","decl":{"start":{"line":24,"column":9},"end":{"line":24,"column":25}},"loc":{"start":{"line":24,"column":28},"end":{"line":44,"column":1}},"line":24}},"branchMap":{},"s":{"0":11,"1":6,"2":3},"f":{"0":6,"1":3},"b":{},"_coverageSchema":"1a1c01bbd47fc00a2c39e90264f33305004495a9","hash":"f0e84653b309967e2ba120c235bb2681e9dd5e68"}
,"/Users/edmondpoon/Desktop/School/cse115/smartmeal/frontend/src/components/CheckList/Checkbox.jsx": {"path":"/Users/edmondpoon/Desktop/School/cse115/smartmeal/frontend/src/components/CheckList/Checkbox.jsx","statementMap":{"0":{"start":{"line":15,"column":16},"end":{"line":44,"column":1}},"1":{"start":{"line":16,"column":2},"end":{"line":43,"column":7}},"2":{"start":{"line":23,"column":6},"end":{"line":23,"column":29}},"3":{"start":{"line":26,"column":20},"end":{"line":26,"column":22}},"4":{"start":{"line":27,"column":6},"end":{"line":37,"column":7}},"5":{"start":{"line":28,"column":35},"end":{"line":28,"column":42}},"6":{"start":{"line":29,"column":8},"end":{"line":29,"column":63}},"7":{"start":{"line":30,"column":8},"end":{"line":36,"column":13}},"8":{"start":{"line":30,"column":57},"end":{"line":30,"column":77}},"9":{"start":{"line":32,"column":12},"end":{"line":35,"column":13}},"10":{"start":{"line":38,"column":6},"end":{"line":42,"column":7}},"11":{"start":{"line":39,"column":8},"end":{"line":39,"column":30}},"12":{"start":{"line":41,"column":8},"end":{"line":41,"column":30}},"13":{"start":{"line":48,"column":0},"end":{"line":66,"column":1}},"14":{"start":{"line":49,"column":25},"end":{"line":49,"column":27}},"15":{"start":{"line":50,"column":2},"end":{"line":50,"column":24}},"16":{"start":{"line":51,"column":2},"end":{"line":64,"column":7}},"17":{"start":{"line":53,"column":21},"end":{"line":53,"column":76}},"18":{"start":{"line":56,"column":6},"end":{"line":63,"column":9}},"19":{"start":{"line":57,"column":8},"end":{"line":62,"column":9}},"20":{"start":{"line":60,"column":10},"end":{"line":61,"column":48}},"21":{"start":{"line":65,"column":2},"end":{"line":65,"column":41}},"22":{"start":{"line":78,"column":6},"end":{"line":78,"column":16}},"23":{"start":{"line":80,"column":32},"end":{"line":80,"column":46}},"24":{"start":{"line":81,"column":17},"end":{"line":85,"column":3}},"25":{"start":{"line":82,"column":4},"end":{"line":84,"column":7}},"26":{"start":{"line":83,"column":6},"end":{"line":83,"column":59}},"27":{"start":{"line":86,"column":25},"end":{"line":90,"column":3}},"28":{"start":{"line":87,"column":4},"end":{"line":89,"column":7}},"29":{"start":{"line":88,"column":6},"end":{"line":88,"column":38}},"30":{"start":{"line":92,"column":23},"end":{"line":104,"column":3}},"31":{"start":{"line":93,"column":19},"end":{"line":93,"column":38}},"32":{"start":{"line":94,"column":4},"end":{"line":102,"column":5}},"33":{"start":{"line":96,"column":6},"end":{"line":96,"column":51}},"34":{"start":{"line":97,"column":6},"end":{"line":97,"column":45}},"35":{"start":{"line":99,"column":6},"end":{"line":100,"column":40}},"36":{"start":{"line":101,"column":6},"end":{"line":101,"column":44}},"37":{"start":{"line":103,"column":4},"end":{"line":103,"column":30}},"38":{"start":{"line":106,"column":30},"end":{"line":118,"column":3}},"39":{"start":{"line":107,"column":43},"end":{"line":107,"column":69}},"40":{"start":{"line":108,"column":17},"end":{"line":108,"column":73}},"41":{"start":{"line":109,"column":4},"end":{"line":114,"column":7}},"42":{"start":{"line":115,"column":4},"end":{"line":115,"column":42}},"43":{"start":{"line":116,"column":4},"end":{"line":117,"column":20}},"44":{"start":{"line":120,"column":28},"end":{"line":131,"column":3}},"45":{"start":{"line":121,"column":18},"end":{"line":121,"column":37}},"46":{"start":{"line":122,"column":43},"end":{"line":122,"column":69}},"47":{"start":{"line":123,"column":4},"end":{"line":129,"column":5}},"48":{"start":{"line":124,"column":6},"end":{"line":124,"column":73}},"49":{"start":{"line":125,"column":6},"end":{"line":125,"column":50}},"50":{"start":{"line":127,"column":6},"end":{"line":127,"column":72}},"51":{"start":{"line":128,"column":6},"end":{"line":128,"column":50}},"52":{"start":{"line":130,"column":4},"end":{"line":130,"column":29}},"53":{"start":{"line":132,"column":23},"end":{"line":136,"column":3}},"54":{"start":{"line":133,"column":19},"end":{"line":133,"column":38}},"55":{"start":{"line":134,"column":4},"end":{"line":134,"column":63}},"56":{"start":{"line":135,"column":4},"end":{"line":135,"column":30}},"57":{"start":{"line":138,"column":2},"end":{"line":140,"column":23}},"58":{"start":{"line":139,"column":4},"end":{"line":139,"column":22}},"59":{"start":{"line":141,"column":2},"end":{"line":198,"column":4}},"60":{"start":{"line":145,"column":8},"end":{"line":195,"column":15}},"61":{"start":{"line":164,"column":39},"end":{"line":164,"column":61}},"62":{"start":{"line":172,"column":15},"end":{"line":194,"column":20}}},"fnMap":{"0":{"name":"(anonymous_0)","decl":{"start":{"line":15,"column":16},"end":{"line":15,"column":17}},"loc":{"start":{"line":15,"column":48},"end":{"line":44,"column":1}},"line":15},"1":{"name":"(anonymous_1)","decl":{"start":{"line":22,"column":10},"end":{"line":22,"column":11}},"loc":{"start":{"line":22,"column":24},"end":{"line":24,"column":5}},"line":22},"2":{"name":"(anonymous_2)","decl":{"start":{"line":25,"column":10},"end":{"line":25,"column":11}},"loc":{"start":{"line":25,"column":20},"end":{"line":43,"column":5}},"line":25},"3":{"name":"(anonymous_3)","decl":{"start":{"line":30,"column":47},"end":{"line":30,"column":48}},"loc":{"start":{"line":30,"column":57},"end":{"line":30,"column":77}},"line":30},"4":{"name":"(anonymous_4)","decl":{"start":{"line":31,"column":15},"end":{"line":31,"column":16}},"loc":{"start":{"line":32,"column":12},"end":{"line":35,"column":13}},"line":32},"5":{"name":"(anonymous_5)","decl":{"start":{"line":48,"column":0},"end":{"line":48,"column":1}},"loc":{"start":{"line":48,"column":52},"end":{"line":66,"column":1}},"line":48},"6":{"name":"(anonymous_6)","decl":{"start":{"line":53,"column":12},"end":{"line":53,"column":13}},"loc":{"start":{"line":53,"column":21},"end":{"line":53,"column":76}},"line":53},"7":{"name":"(anonymous_7)","decl":{"start":{"line":55,"column":13},"end":{"line":55,"column":14}},"loc":{"start":{"line":55,"column":23},"end":{"line":64,"column":5}},"line":55},"8":{"name":"(anonymous_8)","decl":{"start":{"line":56,"column":24},"end":{"line":56,"column":25}},"loc":{"start":{"line":56,"column":39},"end":{"line":63,"column":7}},"line":56},"9":{"name":"IndeterminateCheckbox","decl":{"start":{"line":72,"column":9},"end":{"line":72,"column":30}},"loc":{"start":{"line":72,"column":33},"end":{"line":199,"column":1}},"line":72},"10":{"name":"(anonymous_10)","decl":{"start":{"line":81,"column":17},"end":{"line":81,"column":18}},"loc":{"start":{"line":81,"column":46},"end":{"line":85,"column":3}},"line":81},"11":{"name":"(anonymous_11)","decl":{"start":{"line":82,"column":57},"end":{"line":82,"column":58}},"loc":{"start":{"line":82,"column":66},"end":{"line":84,"column":5}},"line":82},"12":{"name":"(anonymous_12)","decl":{"start":{"line":86,"column":25},"end":{"line":86,"column":26}},"loc":{"start":{"line":86,"column":54},"end":{"line":90,"column":3}},"line":86},"13":{"name":"(anonymous_13)","decl":{"start":{"line":87,"column":42},"end":{"line":87,"column":43}},"loc":{"start":{"line":87,"column":48},"end":{"line":89,"column":5}},"line":87},"14":{"name":"(anonymous_14)","decl":{"start":{"line":92,"column":23},"end":{"line":92,"column":24}},"loc":{"start":{"line":92,"column":34},"end":{"line":104,"column":3}},"line":92},"15":{"name":"(anonymous_15)","decl":{"start":{"line":106,"column":30},"end":{"line":106,"column":31}},"loc":{"start":{"line":106,"column":41},"end":{"line":118,"column":3}},"line":106},"16":{"name":"(anonymous_16)","decl":{"start":{"line":120,"column":28},"end":{"line":120,"column":29}},"loc":{"start":{"line":120,"column":39},"end":{"line":131,"column":3}},"line":120},"17":{"name":"(anonymous_17)","decl":{"start":{"line":132,"column":23},"end":{"line":132,"column":24}},"loc":{"start":{"line":132,"column":37},"end":{"line":136,"column":3}},"line":132},"18":{"name":"(anonymous_18)","decl":{"start":{"line":138,"column":12},"end":{"line":138,"column":13}},"loc":{"start":{"line":138,"column":18},"end":{"line":140,"column":3}},"line":138},"19":{"name":"(anonymous_19)","decl":{"start":{"line":143,"column":39},"end":{"line":143,"column":40}},"loc":{"start":{"line":145,"column":8},"end":{"line":195,"column":15}},"line":145},"20":{"name":"(anonymous_20)","decl":{"start":{"line":164,"column":33},"end":{"line":164,"column":34}},"loc":{"start":{"line":164,"column":39},"end":{"line":164,"column":61}},"line":164},"21":{"name":"(anonymous_21)","decl":{"start":{"line":170,"column":17},"end":{"line":170,"column":18}},"loc":{"start":{"line":172,"column":15},"end":{"line":194,"column":20}},"line":172}},"branchMap":{"0":{"loc":{"start":{"line":27,"column":6},"end":{"line":37,"column":7}},"type":"if","locations":[{"start":{"line":27,"column":6},"end":{"line":37,"column":7}},{"start":{},"end":{}}],"line":27},"1":{"loc":{"start":{"line":38,"column":6},"end":{"line":42,"column":7}},"type":"if","locations":[{"start":{"line":38,"column":6},"end":{"line":42,"column":7}},{"start":{"line":40,"column":13},"end":{"line":42,"column":7}}],"line":38},"2":{"loc":{"start":{"line":57,"column":8},"end":{"line":62,"column":9}},"type":"if","locations":[{"start":{"line":57,"column":8},"end":{"line":62,"column":9}},{"start":{},"end":{}}],"line":57},"3":{"loc":{"start":{"line":57,"column":12},"end":{"line":59,"column":35}},"type":"binary-expr","locations":[{"start":{"line":57,"column":12},"end":{"line":57,"column":52}},{"start":{"line":58,"column":10},"end":{"line":59,"column":35}}],"line":57},"4":{"loc":{"start":{"line":94,"column":4},"end":{"line":102,"column":5}},"type":"if","locations":[{"start":{"line":94,"column":4},"end":{"line":102,"column":5}},{"start":{"line":98,"column":11},"end":{"line":102,"column":5}}],"line":94},"5":{"loc":{"start":{"line":123,"column":4},"end":{"line":129,"column":5}},"type":"if","locations":[{"start":{"line":123,"column":4},"end":{"line":129,"column":5}},{"start":{"line":126,"column":11},"end":{"line":129,"column":5}}],"line":123},"6":{"loc":{"start":{"line":155,"column":27},"end":{"line":156,"column":65}},"type":"cond-expr","locations":[{"start":{"line":155,"column":38},"end":{"line":156,"column":57}},{"start":{"line":156,"column":60},"end":{"line":156,"column":65}}],"line":155},"7":{"loc":{"start":{"line":157,"column":33},"end":{"line":160,"column":67}},"type":"cond-expr","locations":[{"start":{"line":158,"column":20},"end":{"line":160,"column":59}},{"start":{"line":160,"column":62},"end":{"line":160,"column":67}}],"line":157},"8":{"loc":{"start":{"line":158,"column":20},"end":{"line":160,"column":59}},"type":"binary-expr","locations":[{"start":{"line":158,"column":20},"end":{"line":158,"column":65}},{"start":{"line":159,"column":18},"end":{"line":160,"column":59}}],"line":158},"9":{"loc":{"start":{"line":165,"column":15},"end":{"line":166,"column":53}},"type":"cond-expr","locations":[{"start":{"line":166,"column":16},"end":{"line":166,"column":33}},{"start":{"line":166,"column":36},"end":{"line":166,"column":53}}],"line":165},"10":{"loc":{"start":{"line":169,"column":11},"end":{"line":194,"column":31}},"type":"cond-expr","locations":[{"start":{"line":169,"column":22},"end":{"line":194,"column":22}},{"start":{"line":194,"column":25},"end":{"line":194,"column":31}}],"line":169},"11":{"loc":{"start":{"line":172,"column":34},"end":{"line":173,"column":39}},"type":"cond-expr","locations":[{"start":{"line":173,"column":16},"end":{"line":173,"column":22}},{"start":{"line":173,"column":25},"end":{"line":173,"column":39}}],"line":172}},"s":{"0":11,"1":0,"2":0,"3":0,"4":0,"5":0,"6":0,"7":0,"8":0,"9":0,"10":0,"11":0,"12":0,"13":11,"14":0,"15":0,"16":0,"17":0,"18":0,"19":0,"20":0,"21":0,"22":5,"23":5,"24":5,"25":0,"26":0,"27":5,"28":0,"29":0,"30":5,"31":0,"32":0,"33":0,"34":0,"35":0,"36":0,"37":0,"38":5,"39":0,"40":0,"41":0,"42":0,"43":0,"44":5,"45":0,"46":0,"47":0,"48":0,"49":0,"50":0,"51":0,"52":0,"53":5,"54":0,"55":0,"56":0,"57":5,"58":3,"59":5,"60":12,"61":0,"62":12},"f":{"0":0,"1":0,"2":0,"3":0,"4":0,"5":0,"6":0,"7":0,"8":0,"9":5,"10":0,"11":0,"12":0,"13":0,"14":0,"15":0,"16":0,"17":0,"18":3,"19":12,"20":0,"21":12},"b":{"0":[0,0],"1":[0,0],"2":[0,0],"3":[0,0],"4":[0,0],"5":[0,0],"6":[9,3],"7":[9,3],"8":[9,3],"9":[0,12],"10":[9,3],"11":[0,12]},"_coverageSchema":"1a1c01bbd47fc00a2c39e90264f33305004495a9","hash":"4e0fbb24954789c706b66ddcee1a3c4cc8d1304a"}
,"/Users/edmondpoon/Desktop/School/cse115/smartmeal/frontend/src/components/CheckList/DisplayElement.jsx": {"path":"/Users/edmondpoon/Desktop/School/cse115/smartmeal/frontend/src/components/CheckList/DisplayElement.jsx","statementMap":{"0":{"start":{"line":19,"column":22},"end":{"line":52,"column":1}},"1":{"start":{"line":20,"column":23},"end":{"line":20,"column":37}},"2":{"start":{"line":21,"column":2},"end":{"line":21,"column":32}},"3":{"start":{"line":22,"column":2},"end":{"line":22,"column":31}},"4":{"start":{"line":23,"column":2},"end":{"line":23,"column":25}},"5":{"start":{"line":24,"column":2},"end":{"line":30,"column":5}},"6":{"start":{"line":25,"column":28},"end":{"line":25,"column":30}},"7":{"start":{"line":26,"column":4},"end":{"line":26,"column":37}},"8":{"start":{"line":27,"column":4},"end":{"line":27,"column":65}},"9":{"start":{"line":28,"column":4},"end":{"line":28,"column":67}},"10":{"start":{"line":29,"column":4},"end":{"line":29,"column":51}},"11":{"start":{"line":31,"column":15},"end":{"line":31,"column":43}},"12":{"start":{"line":32,"column":17},"end":{"line":32,"column":33}},"13":{"start":{"line":33,"column":22},"end":{"line":33,"column":54}},"14":{"start":{"line":34,"column":2},"end":{"line":34,"column":28}},"15":{"start":{"line":35,"column":2},"end":{"line":51,"column":3}},"16":{"start":{"line":44,"column":4},"end":{"line":46,"column":5}},"17":{"start":{"line":45,"column":6},"end":{"line":45,"column":23}},"18":{"start":{"line":47,"column":4},"end":{"line":47,"column":15}},"19":{"start":{"line":49,"column":4},"end":{"line":49,"column":20}},"20":{"start":{"line":63,"column":54},"end":{"line":63,"column":64}},"21":{"start":{"line":64,"column":54},"end":{"line":64,"column":68}},"22":{"start":{"line":65,"column":44},"end":{"line":65,"column":56}},"23":{"start":{"line":66,"column":38},"end":{"line":66,"column":49}},"24":{"start":{"line":67,"column":28},"end":{"line":67,"column":43}},"25":{"start":{"line":69,"column":23},"end":{"line":73,"column":3}},"26":{"start":{"line":70,"column":18},"end":{"line":70,"column":36}},"27":{"start":{"line":71,"column":4},"end":{"line":71,"column":39}},"28":{"start":{"line":72,"column":4},"end":{"line":72,"column":28}},"29":{"start":{"line":75,"column":23},"end":{"line":77,"column":3}},"30":{"start":{"line":76,"column":4},"end":{"line":76,"column":29}},"31":{"start":{"line":79,"column":23},"end":{"line":88,"column":3}},"32":{"start":{"line":80,"column":4},"end":{"line":85,"column":7}},"33":{"start":{"line":86,"column":4},"end":{"line":86,"column":23}},"34":{"start":{"line":87,"column":4},"end":{"line":87,"column":19}},"35":{"start":{"line":90,"column":23},"end":{"line":154,"column":3}},"36":{"start":{"line":92,"column":20},"end":{"line":92,"column":39}},"37":{"start":{"line":93,"column":27},"end":{"line":93,"column":63}},"38":{"start":{"line":95,"column":6},"end":{"line":95,"column":57}},"39":{"start":{"line":96,"column":35},"end":{"line":96,"column":54}},"40":{"start":{"line":97,"column":33},"end":{"line":97,"column":67}},"41":{"start":{"line":98,"column":26},"end":{"line":98,"column":51}},"42":{"start":{"line":100,"column":4},"end":{"line":100,"column":54}},"43":{"start":{"line":101,"column":4},"end":{"line":101,"column":54}},"44":{"start":{"line":104,"column":4},"end":{"line":114,"column":5}},"45":{"start":{"line":105,"column":6},"end":{"line":107,"column":7}},"46":{"start":{"line":106,"column":8},"end":{"line":106,"column":39}},"47":{"start":{"line":108,"column":6},"end":{"line":108,"column":30}},"48":{"start":{"line":110,"column":6},"end":{"line":110,"column":65}},"49":{"start":{"line":111,"column":6},"end":{"line":111,"column":25}},"50":{"start":{"line":113,"column":6},"end":{"line":113,"column":30}},"51":{"start":{"line":116,"column":4},"end":{"line":125,"column":5}},"52":{"start":{"line":117,"column":6},"end":{"line":117,"column":40}},"53":{"start":{"line":118,"column":6},"end":{"line":119,"column":33}},"54":{"start":{"line":120,"column":6},"end":{"line":120,"column":69}},"55":{"start":{"line":122,"column":28},"end":{"line":122,"column":50}},"56":{"start":{"line":123,"column":6},"end":{"line":123,"column":36}},"57":{"start":{"line":124,"column":6},"end":{"line":124,"column":72}},"58":{"start":{"line":128,"column":4},"end":{"line":128,"column":49}},"59":{"start":{"line":131,"column":4},"end":{"line":133,"column":5}},"60":{"start":{"line":132,"column":6},"end":{"line":132,"column":21}},"61":{"start":{"line":135,"column":4},"end":{"line":137,"column":5}},"62":{"start":{"line":136,"column":6},"end":{"line":136,"column":36}},"63":{"start":{"line":140,"column":21},"end":{"line":140,"column":57}},"64":{"start":{"line":143,"column":6},"end":{"line":143,"column":73}},"65":{"start":{"line":145,"column":4},"end":{"line":146,"column":56}},"66":{"start":{"line":148,"column":4},"end":{"line":148,"column":61}},"67":{"start":{"line":149,"column":4},"end":{"line":149,"column":51}},"68":{"start":{"line":150,"column":4},"end":{"line":150,"column":31}},"69":{"start":{"line":151,"column":4},"end":{"line":151,"column":32}},"70":{"start":{"line":152,"column":4},"end":{"line":152,"column":51}},"71":{"start":{"line":153,"column":4},"end":{"line":153,"column":22}},"72":{"start":{"line":157,"column":26},"end":{"line":192,"column":3}},"73":{"start":{"line":159,"column":20},"end":{"line":159,"column":39}},"74":{"start":{"line":160,"column":27},"end":{"line":160,"column":63}},"75":{"start":{"line":161,"column":27},"end":{"line":161,"column":53}},"76":{"start":{"line":162,"column":4},"end":{"line":172,"column":5}},"77":{"start":{"line":163,"column":6},"end":{"line":163,"column":33}},"78":{"start":{"line":164,"column":6},"end":{"line":166,"column":7}},"79":{"start":{"line":165,"column":8},"end":{"line":165,"column":42}},"80":{"start":{"line":167,"column":6},"end":{"line":168,"column":55}},"81":{"start":{"line":170,"column":6},"end":{"line":171,"column":46}},"82":{"start":{"line":173,"column":4},"end":{"line":176,"column":5}},"83":{"start":{"line":174,"column":6},"end":{"line":174,"column":57}},"84":{"start":{"line":175,"column":6},"end":{"line":175,"column":40}},"85":{"start":{"line":177,"column":4},"end":{"line":177,"column":51}},"86":{"start":{"line":180,"column":21},"end":{"line":180,"column":57}},"87":{"start":{"line":183,"column":4},"end":{"line":188,"column":7}},"88":{"start":{"line":184,"column":27},"end":{"line":184,"column":56}},"89":{"start":{"line":185,"column":6},"end":{"line":186,"column":58}},"90":{"start":{"line":187,"column":6},"end":{"line":187,"column":63}},"91":{"start":{"line":189,"column":4},"end":{"line":189,"column":31}},"92":{"start":{"line":190,"column":4},"end":{"line":190,"column":22}},"93":{"start":{"line":191,"column":4},"end":{"line":191,"column":19}},"94":{"start":{"line":195,"column":2},"end":{"line":204,"column":20}},"95":{"start":{"line":196,"column":4},"end":{"line":203,"column":5}},"96":{"start":{"line":197,"column":6},"end":{"line":197,"column":36}},"97":{"start":{"line":198,"column":6},"end":{"line":198,"column":34}},"98":{"start":{"line":199,"column":6},"end":{"line":199,"column":23}},"99":{"start":{"line":200,"column":6},"end":{"line":200,"column":20}},"100":{"start":{"line":202,"column":6},"end":{"line":202,"column":27}},"101":{"start":{"line":206,"column":21},"end":{"line":208,"column":3}},"102":{"start":{"line":207,"column":4},"end":{"line":207,"column":58}},"103":{"start":{"line":207,"column":38},"end":{"line":207,"column":56}},"104":{"start":{"line":210,"column":21},"end":{"line":212,"column":3}},"105":{"start":{"line":211,"column":4},"end":{"line":211,"column":58}},"106":{"start":{"line":211,"column":38},"end":{"line":211,"column":56}},"107":{"start":{"line":213,"column":15},"end":{"line":221,"column":3}},"108":{"start":{"line":222,"column":23},"end":{"line":226,"column":3}},"109":{"start":{"line":227,"column":2},"end":{"line":372,"column":4}},"110":{"start":{"line":316,"column":55},"end":{"line":316,"column":75}},"111":{"start":{"line":318,"column":16},"end":{"line":340,"column":23}},"112":{"start":{"line":324,"column":50},"end":{"line":324,"column":65}},"113":{"start":{"line":331,"column":20},"end":{"line":338,"column":33}},"114":{"start":{"line":335,"column":38},"end":{"line":335,"column":62}}},"fnMap":{"0":{"name":"(anonymous_0)","decl":{"start":{"line":19,"column":22},"end":{"line":19,"column":23}},"loc":{"start":{"line":19,"column":45},"end":{"line":52,"column":1}},"line":19},"1":{"name":"(anonymous_1)","decl":{"start":{"line":24,"column":45},"end":{"line":24,"column":46}},"loc":{"start":{"line":24,"column":61},"end":{"line":30,"column":3}},"line":24},"2":{"name":"(anonymous_2)","decl":{"start":{"line":43,"column":12},"end":{"line":43,"column":13}},"loc":{"start":{"line":43,"column":21},"end":{"line":48,"column":3}},"line":43},"3":{"name":"(anonymous_3)","decl":{"start":{"line":48,"column":10},"end":{"line":48,"column":11}},"loc":{"start":{"line":48,"column":18},"end":{"line":50,"column":3}},"line":48},"4":{"name":"DisplayElement","decl":{"start":{"line":59,"column":9},"end":{"line":59,"column":23}},"loc":{"start":{"line":59,"column":26},"end":{"line":373,"column":1}},"line":59},"5":{"name":"(anonymous_5)","decl":{"start":{"line":69,"column":23},"end":{"line":69,"column":24}},"loc":{"start":{"line":69,"column":30},"end":{"line":73,"column":3}},"line":69},"6":{"name":"(anonymous_6)","decl":{"start":{"line":75,"column":23},"end":{"line":75,"column":24}},"loc":{"start":{"line":75,"column":30},"end":{"line":77,"column":3}},"line":75},"7":{"name":"(anonymous_7)","decl":{"start":{"line":79,"column":23},"end":{"line":79,"column":24}},"loc":{"start":{"line":79,"column":29},"end":{"line":88,"column":3}},"line":79},"8":{"name":"(anonymous_8)","decl":{"start":{"line":90,"column":23},"end":{"line":90,"column":24}},"loc":{"start":{"line":90,"column":29},"end":{"line":154,"column":3}},"line":90},"9":{"name":"(anonymous_9)","decl":{"start":{"line":157,"column":26},"end":{"line":157,"column":27}},"loc":{"start":{"line":157,"column":32},"end":{"line":192,"column":3}},"line":157},"10":{"name":"(anonymous_10)","decl":{"start":{"line":183,"column":32},"end":{"line":183,"column":33}},"loc":{"start":{"line":183,"column":39},"end":{"line":188,"column":5}},"line":183},"11":{"name":"(anonymous_11)","decl":{"start":{"line":195,"column":12},"end":{"line":195,"column":13}},"loc":{"start":{"line":195,"column":18},"end":{"line":204,"column":3}},"line":195},"12":{"name":"(anonymous_12)","decl":{"start":{"line":206,"column":21},"end":{"line":206,"column":22}},"loc":{"start":{"line":206,"column":27},"end":{"line":208,"column":3}},"line":206},"13":{"name":"(anonymous_13)","decl":{"start":{"line":207,"column":18},"end":{"line":207,"column":19}},"loc":{"start":{"line":207,"column":38},"end":{"line":207,"column":56}},"line":207},"14":{"name":"(anonymous_14)","decl":{"start":{"line":210,"column":21},"end":{"line":210,"column":22}},"loc":{"start":{"line":210,"column":27},"end":{"line":212,"column":3}},"line":210},"15":{"name":"(anonymous_15)","decl":{"start":{"line":211,"column":18},"end":{"line":211,"column":19}},"loc":{"start":{"line":211,"column":38},"end":{"line":211,"column":56}},"line":211},"16":{"name":"(anonymous_16)","decl":{"start":{"line":316,"column":46},"end":{"line":316,"column":47}},"loc":{"start":{"line":316,"column":55},"end":{"line":316,"column":75}},"line":316},"17":{"name":"(anonymous_17)","decl":{"start":{"line":317,"column":19},"end":{"line":317,"column":20}},"loc":{"start":{"line":318,"column":16},"end":{"line":340,"column":23}},"line":318},"18":{"name":"(anonymous_18)","decl":{"start":{"line":324,"column":43},"end":{"line":324,"column":44}},"loc":{"start":{"line":324,"column":50},"end":{"line":324,"column":65}},"line":324},"19":{"name":"(anonymous_19)","decl":{"start":{"line":330,"column":54},"end":{"line":330,"column":55}},"loc":{"start":{"line":331,"column":20},"end":{"line":338,"column":33}},"line":331},"20":{"name":"(anonymous_20)","decl":{"start":{"line":335,"column":31},"end":{"line":335,"column":32}},"loc":{"start":{"line":335,"column":38},"end":{"line":335,"column":62}},"line":335}},"branchMap":{"0":{"loc":{"start":{"line":33,"column":22},"end":{"line":33,"column":54}},"type":"cond-expr","locations":[{"start":{"line":33,"column":31},"end":{"line":33,"column":49}},{"start":{"line":33,"column":52},"end":{"line":33,"column":54}}],"line":33},"1":{"loc":{"start":{"line":44,"column":4},"end":{"line":46,"column":5}},"type":"if","locations":[{"start":{"line":44,"column":4},"end":{"line":46,"column":5}},{"start":{},"end":{}}],"line":44},"2":{"loc":{"start":{"line":104,"column":4},"end":{"line":114,"column":5}},"type":"if","locations":[{"start":{"line":104,"column":4},"end":{"line":114,"column":5}},{"start":{"line":112,"column":11},"end":{"line":114,"column":5}}],"line":104},"3":{"loc":{"start":{"line":105,"column":6},"end":{"line":107,"column":7}},"type":"if","locations":[{"start":{"line":105,"column":6},"end":{"line":107,"column":7}},{"start":{},"end":{}}],"line":105},"4":{"loc":{"start":{"line":116,"column":4},"end":{"line":125,"column":5}},"type":"if","locations":[{"start":{"line":116,"column":4},"end":{"line":125,"column":5}},{"start":{"line":121,"column":11},"end":{"line":125,"column":5}}],"line":116},"5":{"loc":{"start":{"line":131,"column":4},"end":{"line":133,"column":5}},"type":"if","locations":[{"start":{"line":131,"column":4},"end":{"line":133,"column":5}},{"start":{},"end":{}}],"line":131},"6":{"loc":{"start":{"line":135,"column":4},"end":{"line":137,"column":5}},"type":"if","locations":[{"start":{"line":135,"column":4},"end":{"line":137,"column":5}},{"start":{},"end":{}}],"line":135},"7":{"loc":{"start":{"line":162,"column":4},"end":{"line":172,"column":5}},"type":"if","locations":[{"start":{"line":162,"column":4},"end":{"line":172,"column":5}},{"start":{"line":169,"column":11},"end":{"line":172,"column":5}}],"line":162},"8":{"loc":{"start":{"line":164,"column":6},"end":{"line":166,"column":7}},"type":"if","locations":[{"start":{"line":164,"column":6},"end":{"line":166,"column":7}},{"start":{},"end":{}}],"line":164},"9":{"loc":{"start":{"line":173,"column":4},"end":{"line":176,"column":5}},"type":"if","locations":[{"start":{"line":173,"column":4},"end":{"line":176,"column":5}},{"start":{},"end":{}}],"line":173},"10":{"loc":{"start":{"line":196,"column":4},"end":{"line":203,"column":5}},"type":"if","locations":[{"start":{"line":196,"column":4},"end":{"line":203,"column":5}},{"start":{"line":201,"column":11},"end":{"line":203,"column":5}}],"line":196},"11":{"loc":{"start":{"line":196,"column":8},"end":{"line":196,"column":59}},"type":"binary-expr","locations":[{"start":{"line":196,"column":8},"end":{"line":196,"column":20}},{"start":{"line":196,"column":24},"end":{"line":196,"column":59}}],"line":196},"12":{"loc":{"start":{"line":244,"column":17},"end":{"line":244,"column":79}},"type":"cond-expr","locations":[{"start":{"line":244,"column":42},"end":{"line":244,"column":64}},{"start":{"line":244,"column":67},"end":{"line":244,"column":79}}],"line":244},"13":{"loc":{"start":{"line":249,"column":9},"end":{"line":274,"column":21}},"type":"cond-expr","locations":[{"start":{"line":250,"column":10},"end":{"line":274,"column":12}},{"start":{"line":274,"column":15},"end":{"line":274,"column":21}}],"line":249},"14":{"loc":{"start":{"line":262,"column":47},"end":{"line":263,"column":68}},"type":"cond-expr","locations":[{"start":{"line":263,"column":51},"end":{"line":263,"column":53}},{"start":{"line":263,"column":56},"end":{"line":263,"column":68}}],"line":262},"15":{"loc":{"start":{"line":270,"column":46},"end":{"line":271,"column":39}},"type":"cond-expr","locations":[{"start":{"line":271,"column":22},"end":{"line":271,"column":24}},{"start":{"line":271,"column":27},"end":{"line":271,"column":39}}],"line":270},"16":{"loc":{"start":{"line":278,"column":11},"end":{"line":311,"column":35}},"type":"cond-expr","locations":[{"start":{"line":279,"column":12},"end":{"line":310,"column":18}},{"start":{"line":311,"column":12},"end":{"line":311,"column":35}}],"line":278},"17":{"loc":{"start":{"line":280,"column":15},"end":{"line":296,"column":26}},"type":"cond-expr","locations":[{"start":{"line":281,"column":16},"end":{"line":296,"column":18}},{"start":{"line":296,"column":20},"end":{"line":296,"column":26}}],"line":280},"18":{"loc":{"start":{"line":300,"column":23},"end":{"line":300,"column":68}},"type":"binary-expr","locations":[{"start":{"line":300,"column":23},"end":{"line":300,"column":41}},{"start":{"line":300,"column":45},"end":{"line":300,"column":68}}],"line":300},"19":{"loc":{"start":{"line":315,"column":11},"end":{"line":341,"column":25}},"type":"cond-expr","locations":[{"start":{"line":316,"column":12},"end":{"line":341,"column":16}},{"start":{"line":341,"column":19},"end":{"line":341,"column":25}}],"line":315},"20":{"loc":{"start":{"line":325,"column":25},"end":{"line":326,"column":77}},"type":"cond-expr","locations":[{"start":{"line":326,"column":26},"end":{"line":326,"column":50}},{"start":{"line":326,"column":53},"end":{"line":326,"column":77}}],"line":325},"21":{"loc":{"start":{"line":332,"column":36},"end":{"line":333,"column":38}},"type":"cond-expr","locations":[{"start":{"line":332,"column":62},"end":{"line":332,"column":68}},{"start":{"line":333,"column":24},"end":{"line":333,"column":38}}],"line":332},"22":{"loc":{"start":{"line":347,"column":19},"end":{"line":348,"column":34}},"type":"cond-expr","locations":[{"start":{"line":348,"column":12},"end":{"line":348,"column":25}},{"start":{"line":348,"column":28},"end":{"line":348,"column":34}}],"line":347},"23":{"loc":{"start":{"line":354,"column":11},"end":{"line":360,"column":27}},"type":"cond-expr","locations":[{"start":{"line":355,"column":12},"end":{"line":360,"column":19}},{"start":{"line":360,"column":21},"end":{"line":360,"column":27}}],"line":354},"24":{"loc":{"start":{"line":361,"column":11},"end":{"line":367,"column":27}},"type":"cond-expr","locations":[{"start":{"line":362,"column":12},"end":{"line":367,"column":19}},{"start":{"line":367,"column":21},"end":{"line":367,"column":27}}],"line":361}},"s":{"0":11,"1":0,"2":0,"3":0,"4":0,"5":0,"6":0,"7":0,"8":0,"9":0,"10":0,"11":0,"12":0,"13":0,"14":0,"15":0,"16":0,"17":0,"18":0,"19":0,"20":4,"21":4,"22":4,"23":4,"24":4,"25":4,"26":0,"27":0,"28":0,"29":4,"30":0,"31":4,"32":0,"33":0,"34":0,"35":4,"36":0,"37":0,"38":0,"39":0,"40":0,"41":0,"42":0,"43":0,"44":0,"45":0,"46":0,"47":0,"48":0,"49":0,"50":0,"51":0,"52":0,"53":0,"54":0,"55":0,"56":0,"57":0,"58":0,"59":0,"60":0,"61":0,"62":0,"63":0,"64":0,"65":0,"66":0,"67":0,"68":0,"69":0,"70":0,"71":0,"72":4,"73":0,"74":0,"75":0,"76":0,"77":0,"78":0,"79":0,"80":0,"81":0,"82":0,"83":0,"84":0,"85":0,"86":0,"87":0,"88":0,"89":0,"90":0,"91":0,"92":0,"93":0,"94":4,"95":2,"96":0,"97":0,"98":0,"99":0,"100":2,"101":4,"102":0,"103":0,"104":4,"105":0,"106":0,"107":4,"108":4,"109":4,"110":0,"111":0,"112":0,"113":0,"114":0},"f":{"0":0,"1":0,"2":0,"3":0,"4":4,"5":0,"6":0,"7":0,"8":0,"9":0,"10":0,"11":2,"12":0,"13":0,"14":0,"15":0,"16":0,"17":0,"18":0,"19":0,"20":0},"b":{"0":[0,0],"1":[0,0],"2":[0,0],"3":[0,0],"4":[0,0],"5":[0,0],"6":[0,0],"7":[0,0],"8":[0,0],"9":[0,0],"10":[0,2],"11":[2,2],"12":[0,4],"13":[0,4],"14":[0,0],"15":[0,0],"16":[0,4],"17":[0,0],"18":[0,0],"19":[0,4],"20":[0,0],"21":[0,0],"22":[0,4],"23":[0,4],"24":[0,4]},"_coverageSchema":"1a1c01bbd47fc00a2c39e90264f33305004495a9","hash":"0437d8421f41993f71d6c2cf1bcff198feb4ea3b"}
,"/Users/edmondpoon/Desktop/School/cse115/smartmeal/frontend/src/components/Homepage/Calendar.jsx": {"path":"/Users/edmondpoon/Desktop/School/cse115/smartmeal/frontend/src/components/Homepage/Calendar.jsx","statementMap":{"0":{"start":{"line":14,"column":13},"end":{"line":20,"column":3}},"1":{"start":{"line":14,"column":41},"end":{"line":20,"column":1}},"2":{"start":{"line":23,"column":16},"end":{"line":74,"column":1}},"3":{"start":{"line":24,"column":15},"end":{"line":24,"column":43}},"4":{"start":{"line":25,"column":17},"end":{"line":25,"column":33}},"5":{"start":{"line":26,"column":22},"end":{"line":26,"column":54}},"6":{"start":{"line":27,"column":17},"end":{"line":27,"column":44}},"7":{"start":{"line":30,"column":19},"end":{"line":30,"column":56}},"8":{"start":{"line":31,"column":29},"end":{"line":31,"column":48}},"9":{"start":{"line":34,"column":19},"end":{"line":34,"column":49}},"10":{"start":{"line":35,"column":2},"end":{"line":35,"column":49}},"11":{"start":{"line":38,"column":16},"end":{"line":38,"column":48}},"12":{"start":{"line":41,"column":17},"end":{"line":45,"column":3}},"13":{"start":{"line":47,"column":2},"end":{"line":50,"column":3}},"14":{"start":{"line":48,"column":17},"end":{"line":48,"column":27}},"15":{"start":{"line":49,"column":4},"end":{"line":49,"column":41}},"16":{"start":{"line":54,"column":4},"end":{"line":56,"column":38}},"17":{"start":{"line":58,"column":15},"end":{"line":63,"column":3}},"18":{"start":{"line":65,"column":2},"end":{"line":73,"column":5}},"19":{"start":{"line":84,"column":4},"end":{"line":84,"column":42}},"20":{"start":{"line":85,"column":30},"end":{"line":85,"column":40}},"21":{"start":{"line":93,"column":34},"end":{"line":93,"column":91}},"22":{"start":{"line":94,"column":32},"end":{"line":94,"column":86}},"23":{"start":{"line":96,"column":2},"end":{"line":101,"column":21}},"24":{"start":{"line":97,"column":4},"end":{"line":100,"column":5}},"25":{"start":{"line":98,"column":6},"end":{"line":98,"column":33}},"26":{"start":{"line":99,"column":6},"end":{"line":99,"column":31}},"27":{"start":{"line":103,"column":21},"end":{"line":103,"column":73}},"28":{"start":{"line":105,"column":21},"end":{"line":120,"column":3}},"29":{"start":{"line":107,"column":4},"end":{"line":119,"column":5}},"30":{"start":{"line":108,"column":19},"end":{"line":108,"column":37}},"31":{"start":{"line":109,"column":6},"end":{"line":109,"column":35}},"32":{"start":{"line":110,"column":6},"end":{"line":110,"column":42}},"33":{"start":{"line":112,"column":6},"end":{"line":112,"column":63}},"34":{"start":{"line":114,"column":6},"end":{"line":118,"column":7}},"35":{"start":{"line":115,"column":8},"end":{"line":115,"column":26}},"36":{"start":{"line":117,"column":8},"end":{"line":117,"column":50}},"37":{"start":{"line":122,"column":16},"end":{"line":122,"column":48}},"38":{"start":{"line":124,"column":2},"end":{"line":204,"column":4}},"39":{"start":{"line":133,"column":8},"end":{"line":201,"column":14}},"40":{"start":{"line":155,"column":33},"end":{"line":155,"column":50}},"41":{"start":{"line":156,"column":30},"end":{"line":157,"column":64}},"42":{"start":{"line":158,"column":16},"end":{"line":197,"column":18}},"43":{"start":{"line":167,"column":24},"end":{"line":167,"column":65}}},"fnMap":{"0":{"name":"(anonymous_0)","decl":{"start":{"line":14,"column":27},"end":{"line":14,"column":28}},"loc":{"start":{"line":14,"column":41},"end":{"line":20,"column":1}},"line":14},"1":{"name":"(anonymous_1)","decl":{"start":{"line":23,"column":16},"end":{"line":23,"column":17}},"loc":{"start":{"line":23,"column":60},"end":{"line":74,"column":1}},"line":23},"2":{"name":"Calendar","decl":{"start":{"line":82,"column":9},"end":{"line":82,"column":17}},"loc":{"start":{"line":82,"column":25},"end":{"line":205,"column":1}},"line":82},"3":{"name":"(anonymous_3)","decl":{"start":{"line":96,"column":18},"end":{"line":96,"column":19}},"loc":{"start":{"line":96,"column":24},"end":{"line":101,"column":3}},"line":96},"4":{"name":"(anonymous_4)","decl":{"start":{"line":105,"column":21},"end":{"line":105,"column":22}},"loc":{"start":{"line":105,"column":52},"end":{"line":120,"column":3}},"line":105},"5":{"name":"(anonymous_5)","decl":{"start":{"line":132,"column":22},"end":{"line":132,"column":23}},"loc":{"start":{"line":133,"column":8},"end":{"line":201,"column":14}},"line":133},"6":{"name":"(anonymous_6)","decl":{"start":{"line":154,"column":59},"end":{"line":154,"column":60}},"loc":{"start":{"line":154,"column":74},"end":{"line":198,"column":15}},"line":154},"7":{"name":"(anonymous_7)","decl":{"start":{"line":166,"column":31},"end":{"line":166,"column":32}},"loc":{"start":{"line":167,"column":24},"end":{"line":167,"column":65}},"line":167}},"branchMap":{"0":{"loc":{"start":{"line":15,"column":19},"end":{"line":15,"column":69}},"type":"cond-expr","locations":[{"start":{"line":15,"column":51},"end":{"line":15,"column":60}},{"start":{"line":15,"column":63},"end":{"line":15,"column":69}}],"line":15},"1":{"loc":{"start":{"line":26,"column":22},"end":{"line":26,"column":54}},"type":"cond-expr","locations":[{"start":{"line":26,"column":31},"end":{"line":26,"column":49}},{"start":{"line":26,"column":52},"end":{"line":26,"column":54}}],"line":26},"2":{"loc":{"start":{"line":27,"column":17},"end":{"line":27,"column":44}},"type":"cond-expr","locations":[{"start":{"line":27,"column":26},"end":{"line":27,"column":39}},{"start":{"line":27,"column":42},"end":{"line":27,"column":44}}],"line":27},"3":{"loc":{"start":{"line":93,"column":49},"end":{"line":93,"column":90}},"type":"binary-expr","locations":[{"start":{"line":93,"column":50},"end":{"line":93,"column":62}},{"start":{"line":93,"column":66},"end":{"line":93,"column":81}},{"start":{"line":93,"column":86},"end":{"line":93,"column":90}}],"line":93},"4":{"loc":{"start":{"line":94,"column":47},"end":{"line":94,"column":85}},"type":"binary-expr","locations":[{"start":{"line":94,"column":48},"end":{"line":94,"column":60}},{"start":{"line":94,"column":64},"end":{"line":94,"column":79}},{"start":{"line":94,"column":84},"end":{"line":94,"column":85}}],"line":94},"5":{"loc":{"start":{"line":97,"column":4},"end":{"line":100,"column":5}},"type":"if","locations":[{"start":{"line":97,"column":4},"end":{"line":100,"column":5}},{"start":{},"end":{}}],"line":97},"6":{"loc":{"start":{"line":107,"column":4},"end":{"line":119,"column":5}},"type":"if","locations":[{"start":{"line":107,"column":4},"end":{"line":119,"column":5}},{"start":{},"end":{}}],"line":107},"7":{"loc":{"start":{"line":114,"column":6},"end":{"line":118,"column":7}},"type":"if","locations":[{"start":{"line":114,"column":6},"end":{"line":118,"column":7}},{"start":{"line":116,"column":13},"end":{"line":118,"column":7}}],"line":114},"8":{"loc":{"start":{"line":128,"column":17},"end":{"line":128,"column":66}},"type":"cond-expr","locations":[{"start":{"line":128,"column":32},"end":{"line":128,"column":49}},{"start":{"line":128,"column":52},"end":{"line":128,"column":66}}],"line":128},"9":{"loc":{"start":{"line":130,"column":27},"end":{"line":130,"column":51}},"type":"cond-expr","locations":[{"start":{"line":130,"column":38},"end":{"line":130,"column":40}},{"start":{"line":130,"column":43},"end":{"line":130,"column":51}}],"line":130},"10":{"loc":{"start":{"line":142,"column":25},"end":{"line":142,"column":69}},"type":"cond-expr","locations":[{"start":{"line":142,"column":41},"end":{"line":142,"column":53}},{"start":{"line":142,"column":56},"end":{"line":142,"column":69}}],"line":142},"11":{"loc":{"start":{"line":149,"column":17},"end":{"line":149,"column":53}},"type":"cond-expr","locations":[{"start":{"line":149,"column":32},"end":{"line":149,"column":48}},{"start":{"line":149,"column":51},"end":{"line":149,"column":53}}],"line":149},"12":{"loc":{"start":{"line":151,"column":25},"end":{"line":151,"column":72}},"type":"cond-expr","locations":[{"start":{"line":151,"column":41},"end":{"line":151,"column":66}},{"start":{"line":151,"column":70},"end":{"line":151,"column":72}}],"line":151},"13":{"loc":{"start":{"line":154,"column":15},"end":{"line":198,"column":16}},"type":"binary-expr","locations":[{"start":{"line":154,"column":15},"end":{"line":154,"column":23}},{"start":{"line":154,"column":27},"end":{"line":198,"column":16}}],"line":154},"14":{"loc":{"start":{"line":156,"column":30},"end":{"line":157,"column":64}},"type":"cond-expr","locations":[{"start":{"line":157,"column":18},"end":{"line":157,"column":29}},{"start":{"line":157,"column":32},"end":{"line":157,"column":64}}],"line":156},"15":{"loc":{"start":{"line":191,"column":43},"end":{"line":191,"column":73}},"type":"cond-expr","locations":[{"start":{"line":191,"column":62},"end":{"line":191,"column":64}},{"start":{"line":191,"column":67},"end":{"line":191,"column":73}}],"line":191}},"s":{"0":11,"1":1008,"2":11,"3":1,"4":1,"5":1,"6":1,"7":1,"8":1,"9":1,"10":1,"11":1,"12":1,"13":1,"14":3,"15":3,"16":1,"17":1,"18":1,"19":72,"20":72,"21":72,"22":72,"23":72,"24":22,"25":2,"26":2,"27":72,"28":72,"29":1,"30":1,"31":1,"32":1,"33":1,"34":1,"35":1,"36":0,"37":72,"38":72,"39":504,"40":945,"41":945,"42":945,"43":1},"f":{"0":1008,"1":1,"2":72,"3":22,"4":1,"5":504,"6":945,"7":1},"b":{"0":[0,1008],"1":[1,0],"2":[1,0],"3":[72,4,68],"4":[72,4,72],"5":[2,20],"6":[1,0],"7":[1,0],"8":[65,7],"9":[45,27],"10":[72,432],"11":[455,49],"12":[455,49],"13":[504,315],"14":[0,945],"15":[1,944]},"_coverageSchema":"1a1c01bbd47fc00a2c39e90264f33305004495a9","hash":"bf91e549dca19dd8225c8fd9e0e7c995c4bf58d3"}
,"/Users/edmondpoon/Desktop/School/cse115/smartmeal/frontend/src/components/Homepage/Home.jsx": {"path":"/Users/edmondpoon/Desktop/School/cse115/smartmeal/frontend/src/components/Homepage/Home.jsx","statementMap":{"0":{"start":{"line":15,"column":20},"end":{"line":15,"column":41}},"1":{"start":{"line":18,"column":24},"end":{"line":38,"column":1}},"2":{"start":{"line":19,"column":15},"end":{"line":19,"column":43}},"3":{"start":{"line":20,"column":17},"end":{"line":20,"column":33}},"4":{"start":{"line":21,"column":22},"end":{"line":21,"column":54}},"5":{"start":{"line":23,"column":15},"end":{"line":27,"column":3}},"6":{"start":{"line":29,"column":2},"end":{"line":37,"column":5}},"7":{"start":{"line":41,"column":24},"end":{"line":60,"column":1}},"8":{"start":{"line":42,"column":15},"end":{"line":42,"column":43}},"9":{"start":{"line":43,"column":17},"end":{"line":43,"column":33}},"10":{"start":{"line":44,"column":22},"end":{"line":44,"column":54}},"11":{"start":{"line":46,"column":2},"end":{"line":59,"column":7}},"12":{"start":{"line":55,"column":6},"end":{"line":55,"column":29}},"13":{"start":{"line":58,"column":6},"end":{"line":58,"column":25}},"14":{"start":{"line":69,"column":55},"end":{"line":69,"column":65}},"15":{"start":{"line":70,"column":18},"end":{"line":70,"column":33}},"16":{"start":{"line":72,"column":19},"end":{"line":72,"column":68}},"17":{"start":{"line":74,"column":38},"end":{"line":74,"column":58}},"18":{"start":{"line":76,"column":30},"end":{"line":76,"column":48}},"19":{"start":{"line":78,"column":34},"end":{"line":78,"column":55}},"20":{"start":{"line":81,"column":4},"end":{"line":81,"column":62}},"21":{"start":{"line":83,"column":38},"end":{"line":83,"column":59}},"22":{"start":{"line":85,"column":32},"end":{"line":85,"column":53}},"23":{"start":{"line":87,"column":36},"end":{"line":87,"column":57}},"24":{"start":{"line":89,"column":37},"end":{"line":89,"column":55}},"25":{"start":{"line":91,"column":2},"end":{"line":93,"column":15}},"26":{"start":{"line":92,"column":4},"end":{"line":92,"column":42}},"27":{"start":{"line":95,"column":2},"end":{"line":103,"column":45}},"28":{"start":{"line":96,"column":4},"end":{"line":102,"column":5}},"29":{"start":{"line":98,"column":11},"end":{"line":102,"column":5}},"30":{"start":{"line":99,"column":6},"end":{"line":99,"column":20}},"31":{"start":{"line":100,"column":11},"end":{"line":102,"column":5}},"32":{"start":{"line":101,"column":6},"end":{"line":101,"column":36}},"33":{"start":{"line":105,"column":2},"end":{"line":107,"column":14}},"34":{"start":{"line":106,"column":4},"end":{"line":106,"column":59}},"35":{"start":{"line":109,"column":23},"end":{"line":115,"column":3}},"36":{"start":{"line":111,"column":4},"end":{"line":114,"column":5}},"37":{"start":{"line":113,"column":6},"end":{"line":113,"column":24}},"38":{"start":{"line":117,"column":27},"end":{"line":128,"column":3}},"39":{"start":{"line":119,"column":4},"end":{"line":127,"column":5}},"40":{"start":{"line":121,"column":6},"end":{"line":121,"column":27}},"41":{"start":{"line":122,"column":6},"end":{"line":122,"column":51}},"42":{"start":{"line":123,"column":6},"end":{"line":125,"column":7}},"43":{"start":{"line":124,"column":8},"end":{"line":124,"column":22}},"44":{"start":{"line":126,"column":6},"end":{"line":126,"column":51}},"45":{"start":{"line":130,"column":21},"end":{"line":133,"column":3}},"46":{"start":{"line":131,"column":20},"end":{"line":131,"column":32}},"47":{"start":{"line":132,"column":4},"end":{"line":132,"column":19}},"48":{"start":{"line":135,"column":21},"end":{"line":137,"column":3}},"49":{"start":{"line":136,"column":4},"end":{"line":136,"column":24}},"50":{"start":{"line":139,"column":2},"end":{"line":186,"column":4}},"51":{"start":{"line":174,"column":27},"end":{"line":174,"column":46}}},"fnMap":{"0":{"name":"(anonymous_0)","decl":{"start":{"line":18,"column":24},"end":{"line":18,"column":25}},"loc":{"start":{"line":18,"column":52},"end":{"line":38,"column":1}},"line":18},"1":{"name":"(anonymous_1)","decl":{"start":{"line":41,"column":24},"end":{"line":41,"column":25}},"loc":{"start":{"line":41,"column":50},"end":{"line":60,"column":1}},"line":41},"2":{"name":"(anonymous_2)","decl":{"start":{"line":54,"column":10},"end":{"line":54,"column":11}},"loc":{"start":{"line":54,"column":24},"end":{"line":56,"column":5}},"line":54},"3":{"name":"(anonymous_3)","decl":{"start":{"line":57,"column":10},"end":{"line":57,"column":11}},"loc":{"start":{"line":57,"column":20},"end":{"line":59,"column":5}},"line":57},"4":{"name":"Homepage","decl":{"start":{"line":68,"column":9},"end":{"line":68,"column":17}},"loc":{"start":{"line":68,"column":25},"end":{"line":187,"column":1}},"line":68},"5":{"name":"(anonymous_5)","decl":{"start":{"line":91,"column":18},"end":{"line":91,"column":19}},"loc":{"start":{"line":91,"column":24},"end":{"line":93,"column":3}},"line":91},"6":{"name":"(anonymous_6)","decl":{"start":{"line":95,"column":18},"end":{"line":95,"column":19}},"loc":{"start":{"line":95,"column":24},"end":{"line":103,"column":3}},"line":95},"7":{"name":"(anonymous_7)","decl":{"start":{"line":105,"column":18},"end":{"line":105,"column":19}},"loc":{"start":{"line":105,"column":24},"end":{"line":107,"column":3}},"line":105},"8":{"name":"(anonymous_8)","decl":{"start":{"line":109,"column":23},"end":{"line":109,"column":24}},"loc":{"start":{"line":109,"column":34},"end":{"line":115,"column":3}},"line":109},"9":{"name":"(anonymous_9)","decl":{"start":{"line":117,"column":27},"end":{"line":117,"column":28}},"loc":{"start":{"line":117,"column":38},"end":{"line":128,"column":3}},"line":117},"10":{"name":"(anonymous_10)","decl":{"start":{"line":130,"column":21},"end":{"line":130,"column":22}},"loc":{"start":{"line":130,"column":32},"end":{"line":133,"column":3}},"line":130},"11":{"name":"(anonymous_11)","decl":{"start":{"line":135,"column":21},"end":{"line":135,"column":22}},"loc":{"start":{"line":135,"column":27},"end":{"line":137,"column":3}},"line":135},"12":{"name":"(anonymous_12)","decl":{"start":{"line":174,"column":21},"end":{"line":174,"column":22}},"loc":{"start":{"line":174,"column":27},"end":{"line":174,"column":46}},"line":174}},"branchMap":{"0":{"loc":{"start":{"line":21,"column":22},"end":{"line":21,"column":54}},"type":"cond-expr","locations":[{"start":{"line":21,"column":31},"end":{"line":21,"column":49}},{"start":{"line":21,"column":52},"end":{"line":21,"column":54}}],"line":21},"1":{"loc":{"start":{"line":44,"column":22},"end":{"line":44,"column":54}},"type":"cond-expr","locations":[{"start":{"line":44,"column":31},"end":{"line":44,"column":49}},{"start":{"line":44,"column":52},"end":{"line":44,"column":54}}],"line":44},"2":{"loc":{"start":{"line":72,"column":32},"end":{"line":72,"column":67}},"type":"cond-expr","locations":[{"start":{"line":72,"column":49},"end":{"line":72,"column":60}},{"start":{"line":72,"column":64},"end":{"line":72,"column":67}}],"line":72},"3":{"loc":{"start":{"line":81,"column":19},"end":{"line":81,"column":61}},"type":"binary-expr","locations":[{"start":{"line":81,"column":20},"end":{"line":81,"column":28}},{"start":{"line":81,"column":32},"end":{"line":81,"column":52}},{"start":{"line":81,"column":57},"end":{"line":81,"column":61}}],"line":81},"4":{"loc":{"start":{"line":96,"column":4},"end":{"line":102,"column":5}},"type":"if","locations":[{"start":{"line":96,"column":4},"end":{"line":102,"column":5}},{"start":{"line":98,"column":11},"end":{"line":102,"column":5}}],"line":96},"5":{"loc":{"start":{"line":96,"column":8},"end":{"line":96,"column":44}},"type":"binary-expr","locations":[{"start":{"line":96,"column":9},"end":{"line":96,"column":17}},{"start":{"line":96,"column":21},"end":{"line":96,"column":29}},{"start":{"line":96,"column":34},"end":{"line":96,"column":44}}],"line":96},"6":{"loc":{"start":{"line":98,"column":11},"end":{"line":102,"column":5}},"type":"if","locations":[{"start":{"line":98,"column":11},"end":{"line":102,"column":5}},{"start":{"line":100,"column":11},"end":{"line":102,"column":5}}],"line":98},"7":{"loc":{"start":{"line":98,"column":15},"end":{"line":98,"column":75}},"type":"binary-expr","locations":[{"start":{"line":98,"column":15},"end":{"line":98,"column":23}},{"start":{"line":98,"column":27},"end":{"line":98,"column":54}},{"start":{"line":98,"column":58},"end":{"line":98,"column":75}}],"line":98},"8":{"loc":{"start":{"line":100,"column":11},"end":{"line":102,"column":5}},"type":"if","locations":[{"start":{"line":100,"column":11},"end":{"line":102,"column":5}},{"start":{},"end":{}}],"line":100},"9":{"loc":{"start":{"line":100,"column":15},"end":{"line":100,"column":60}},"type":"binary-expr","locations":[{"start":{"line":100,"column":15},"end":{"line":100,"column":23}},{"start":{"line":100,"column":27},"end":{"line":100,"column":60}}],"line":100},"10":{"loc":{"start":{"line":106,"column":23},"end":{"line":106,"column":58}},"type":"cond-expr","locations":[{"start":{"line":106,"column":40},"end":{"line":106,"column":51}},{"start":{"line":106,"column":55},"end":{"line":106,"column":58}}],"line":106},"11":{"loc":{"start":{"line":111,"column":4},"end":{"line":114,"column":5}},"type":"if","locations":[{"start":{"line":111,"column":4},"end":{"line":114,"column":5}},{"start":{},"end":{}}],"line":111},"12":{"loc":{"start":{"line":111,"column":8},"end":{"line":112,"column":41}},"type":"binary-expr","locations":[{"start":{"line":111,"column":8},"end":{"line":111,"column":53}},{"start":{"line":112,"column":6},"end":{"line":112,"column":18}},{"start":{"line":112,"column":22},"end":{"line":112,"column":41}}],"line":111},"13":{"loc":{"start":{"line":119,"column":4},"end":{"line":127,"column":5}},"type":"if","locations":[{"start":{"line":119,"column":4},"end":{"line":127,"column":5}},{"start":{},"end":{}}],"line":119},"14":{"loc":{"start":{"line":119,"column":8},"end":{"line":120,"column":16}},"type":"binary-expr","locations":[{"start":{"line":119,"column":8},"end":{"line":119,"column":53}},{"start":{"line":120,"column":6},"end":{"line":120,"column":16}}],"line":119},"15":{"loc":{"start":{"line":123,"column":6},"end":{"line":125,"column":7}},"type":"if","locations":[{"start":{"line":123,"column":6},"end":{"line":125,"column":7}},{"start":{},"end":{}}],"line":123},"16":{"loc":{"start":{"line":148,"column":7},"end":{"line":150,"column":84}},"type":"binary-expr","locations":[{"start":{"line":148,"column":7},"end":{"line":148,"column":16}},{"start":{"line":149,"column":8},"end":{"line":150,"column":84}}],"line":148},"17":{"loc":{"start":{"line":164,"column":19},"end":{"line":164,"column":33}},"type":"binary-expr","locations":[{"start":{"line":164,"column":19},"end":{"line":164,"column":27}},{"start":{"line":164,"column":31},"end":{"line":164,"column":33}}],"line":164},"18":{"loc":{"start":{"line":168,"column":23},"end":{"line":168,"column":47}},"type":"cond-expr","locations":[{"start":{"line":168,"column":36},"end":{"line":168,"column":38}},{"start":{"line":168,"column":41},"end":{"line":168,"column":47}}],"line":168},"19":{"loc":{"start":{"line":175,"column":29},"end":{"line":175,"column":53}},"type":"cond-expr","locations":[{"start":{"line":175,"column":42},"end":{"line":175,"column":48}},{"start":{"line":175,"column":51},"end":{"line":175,"column":53}}],"line":175}},"s":{"0":11,"1":11,"2":1,"3":1,"4":1,"5":1,"6":1,"7":11,"8":18,"9":18,"10":18,"11":18,"12":18,"13":18,"14":70,"15":70,"16":70,"17":70,"18":70,"19":70,"20":70,"21":70,"22":70,"23":70,"24":70,"25":70,"26":18,"27":70,"28":52,"29":36,"30":1,"31":35,"32":17,"33":70,"34":19,"35":70,"36":2,"37":0,"38":70,"39":2,"40":1,"41":1,"42":1,"43":1,"44":1,"45":70,"46":1,"47":1,"48":70,"49":0,"50":70,"51":1},"f":{"0":1,"1":18,"2":18,"3":18,"4":70,"5":18,"6":52,"7":19,"8":2,"9":2,"10":1,"11":0,"12":1},"b":{"0":[1,0],"1":[18,0],"2":[6,64],"3":[70,43,30],"4":[16,36],"5":[52,34,37],"6":[1,35],"7":[36,18,1],"8":[17,18],"9":[35,17],"10":[1,18],"11":[0,2],"12":[2,0,0],"13":[1,1],"14":[2,2],"15":[1,0],"16":[70,0],"17":[70,46],"18":[2,68],"19":[2,68]},"_coverageSchema":"1a1c01bbd47fc00a2c39e90264f33305004495a9","hash":"654622f1878fb70f277ecab7ff2a383de6093670"}
,"/Users/edmondpoon/Desktop/School/cse115/smartmeal/frontend/src/components/Homepage/Menu.jsx": {"path":"/Users/edmondpoon/Desktop/School/cse115/smartmeal/frontend/src/components/Homepage/Menu.jsx","statementMap":{"0":{"start":{"line":20,"column":13},"end":{"line":26,"column":3}},"1":{"start":{"line":20,"column":41},"end":{"line":26,"column":1}},"2":{"start":{"line":30,"column":19},"end":{"line":57,"column":1}},"3":{"start":{"line":31,"column":15},"end":{"line":31,"column":43}},"4":{"start":{"line":32,"column":17},"end":{"line":32,"column":33}},"5":{"start":{"line":33,"column":22},"end":{"line":33,"column":54}},"6":{"start":{"line":34,"column":2},"end":{"line":56,"column":7}},"7":{"start":{"line":52,"column":6},"end":{"line":52,"column":29}},"8":{"start":{"line":55,"column":6},"end":{"line":55,"column":25}},"9":{"start":{"line":60,"column":22},"end":{"line":78,"column":1}},"10":{"start":{"line":61,"column":15},"end":{"line":61,"column":43}},"11":{"start":{"line":62,"column":15},"end":{"line":62,"column":31}},"12":{"start":{"line":63,"column":22},"end":{"line":63,"column":50}},"13":{"start":{"line":64,"column":17},"end":{"line":64,"column":40}},"14":{"start":{"line":65,"column":2},"end":{"line":77,"column":7}},"15":{"start":{"line":73,"column":6},"end":{"line":73,"column":29}},"16":{"start":{"line":76,"column":6},"end":{"line":76,"column":20}},"17":{"start":{"line":87,"column":18},"end":{"line":87,"column":31}},"18":{"start":{"line":91,"column":6},"end":{"line":91,"column":44}},"19":{"start":{"line":94,"column":29},"end":{"line":94,"column":47}},"20":{"start":{"line":96,"column":15},"end":{"line":96,"column":16}},"21":{"start":{"line":98,"column":2},"end":{"line":100,"column":16}},"22":{"start":{"line":99,"column":4},"end":{"line":99,"column":33}},"23":{"start":{"line":102,"column":23},"end":{"line":102,"column":51}},"24":{"start":{"line":103,"column":19},"end":{"line":103,"column":68}},"25":{"start":{"line":105,"column":2},"end":{"line":107,"column":14}},"26":{"start":{"line":106,"column":4},"end":{"line":106,"column":59}},"27":{"start":{"line":109,"column":2},"end":{"line":114,"column":15}},"28":{"start":{"line":111,"column":4},"end":{"line":113,"column":5}},"29":{"start":{"line":112,"column":6},"end":{"line":112,"column":37}},"30":{"start":{"line":116,"column":2},"end":{"line":121,"column":27}},"31":{"start":{"line":118,"column":4},"end":{"line":120,"column":5}},"32":{"start":{"line":119,"column":6},"end":{"line":119,"column":35}},"33":{"start":{"line":123,"column":20},"end":{"line":130,"column":3}},"34":{"start":{"line":125,"column":4},"end":{"line":129,"column":5}},"35":{"start":{"line":126,"column":6},"end":{"line":126,"column":24}},"36":{"start":{"line":128,"column":6},"end":{"line":128,"column":29}},"37":{"start":{"line":133,"column":18},"end":{"line":133,"column":33}},"38":{"start":{"line":134,"column":18},"end":{"line":134,"column":33}},"39":{"start":{"line":136,"column":26},"end":{"line":138,"column":3}},"40":{"start":{"line":137,"column":4},"end":{"line":137,"column":58}},"41":{"start":{"line":140,"column":26},"end":{"line":142,"column":3}},"42":{"start":{"line":141,"column":4},"end":{"line":141,"column":58}},"43":{"start":{"line":144,"column":2},"end":{"line":245,"column":4}},"44":{"start":{"line":157,"column":31},"end":{"line":157,"column":78}},"45":{"start":{"line":158,"column":32},"end":{"line":158,"column":63}},"46":{"start":{"line":159,"column":32},"end":{"line":159,"column":68}},"47":{"start":{"line":160,"column":14},"end":{"line":223,"column":16}},"48":{"start":{"line":178,"column":37},"end":{"line":178,"column":63}},"49":{"start":{"line":179,"column":24},"end":{"line":181,"column":25}},"50":{"start":{"line":180,"column":26},"end":{"line":180,"column":58}},"51":{"start":{"line":183,"column":38},"end":{"line":184,"column":61}},"52":{"start":{"line":185,"column":24},"end":{"line":219,"column":26}},"53":{"start":{"line":188,"column":43},"end":{"line":188,"column":58}},"54":{"start":{"line":229,"column":37},"end":{"line":229,"column":57}}},"fnMap":{"0":{"name":"(anonymous_0)","decl":{"start":{"line":20,"column":27},"end":{"line":20,"column":28}},"loc":{"start":{"line":20,"column":41},"end":{"line":26,"column":1}},"line":20},"1":{"name":"(anonymous_1)","decl":{"start":{"line":30,"column":19},"end":{"line":30,"column":20}},"loc":{"start":{"line":30,"column":41},"end":{"line":57,"column":1}},"line":30},"2":{"name":"(anonymous_2)","decl":{"start":{"line":41,"column":10},"end":{"line":41,"column":11}},"loc":{"start":{"line":41,"column":24},"end":{"line":53,"column":5}},"line":41},"3":{"name":"(anonymous_3)","decl":{"start":{"line":54,"column":10},"end":{"line":54,"column":11}},"loc":{"start":{"line":54,"column":20},"end":{"line":56,"column":5}},"line":54},"4":{"name":"(anonymous_4)","decl":{"start":{"line":60,"column":22},"end":{"line":60,"column":23}},"loc":{"start":{"line":60,"column":42},"end":{"line":78,"column":1}},"line":60},"5":{"name":"(anonymous_5)","decl":{"start":{"line":72,"column":10},"end":{"line":72,"column":11}},"loc":{"start":{"line":72,"column":24},"end":{"line":74,"column":5}},"line":72},"6":{"name":"(anonymous_6)","decl":{"start":{"line":75,"column":10},"end":{"line":75,"column":11}},"loc":{"start":{"line":75,"column":20},"end":{"line":77,"column":5}},"line":75},"7":{"name":"Menu","decl":{"start":{"line":86,"column":9},"end":{"line":86,"column":13}},"loc":{"start":{"line":86,"column":21},"end":{"line":246,"column":1}},"line":86},"8":{"name":"(anonymous_8)","decl":{"start":{"line":98,"column":18},"end":{"line":98,"column":19}},"loc":{"start":{"line":98,"column":24},"end":{"line":100,"column":3}},"line":98},"9":{"name":"(anonymous_9)","decl":{"start":{"line":105,"column":18},"end":{"line":105,"column":19}},"loc":{"start":{"line":105,"column":24},"end":{"line":107,"column":3}},"line":105},"10":{"name":"(anonymous_10)","decl":{"start":{"line":109,"column":18},"end":{"line":109,"column":19}},"loc":{"start":{"line":109,"column":24},"end":{"line":114,"column":3}},"line":109},"11":{"name":"(anonymous_11)","decl":{"start":{"line":116,"column":18},"end":{"line":116,"column":19}},"loc":{"start":{"line":116,"column":24},"end":{"line":121,"column":3}},"line":116},"12":{"name":"(anonymous_12)","decl":{"start":{"line":123,"column":20},"end":{"line":123,"column":21}},"loc":{"start":{"line":123,"column":30},"end":{"line":130,"column":3}},"line":123},"13":{"name":"(anonymous_13)","decl":{"start":{"line":136,"column":26},"end":{"line":136,"column":27}},"loc":{"start":{"line":136,"column":38},"end":{"line":138,"column":3}},"line":136},"14":{"name":"(anonymous_14)","decl":{"start":{"line":140,"column":26},"end":{"line":140,"column":27}},"loc":{"start":{"line":140,"column":38},"end":{"line":142,"column":3}},"line":140},"15":{"name":"(anonymous_15)","decl":{"start":{"line":156,"column":17},"end":{"line":156,"column":18}},"loc":{"start":{"line":156,"column":31},"end":{"line":224,"column":13}},"line":156},"16":{"name":"(anonymous_16)","decl":{"start":{"line":177,"column":27},"end":{"line":177,"column":28}},"loc":{"start":{"line":177,"column":39},"end":{"line":220,"column":23}},"line":177},"17":{"name":"(anonymous_17)","decl":{"start":{"line":188,"column":37},"end":{"line":188,"column":38}},"loc":{"start":{"line":188,"column":43},"end":{"line":188,"column":58}},"line":188},"18":{"name":"(anonymous_18)","decl":{"start":{"line":229,"column":31},"end":{"line":229,"column":32}},"loc":{"start":{"line":229,"column":37},"end":{"line":229,"column":57}},"line":229}},"branchMap":{"0":{"loc":{"start":{"line":21,"column":19},"end":{"line":21,"column":69}},"type":"cond-expr","locations":[{"start":{"line":21,"column":51},"end":{"line":21,"column":60}},{"start":{"line":21,"column":63},"end":{"line":21,"column":69}}],"line":21},"1":{"loc":{"start":{"line":33,"column":22},"end":{"line":33,"column":54}},"type":"cond-expr","locations":[{"start":{"line":33,"column":31},"end":{"line":33,"column":49}},{"start":{"line":33,"column":52},"end":{"line":33,"column":54}}],"line":33},"2":{"loc":{"start":{"line":63,"column":22},"end":{"line":63,"column":50}},"type":"cond-expr","locations":[{"start":{"line":63,"column":29},"end":{"line":63,"column":45}},{"start":{"line":63,"column":48},"end":{"line":63,"column":50}}],"line":63},"3":{"loc":{"start":{"line":64,"column":17},"end":{"line":64,"column":40}},"type":"cond-expr","locations":[{"start":{"line":64,"column":24},"end":{"line":64,"column":35}},{"start":{"line":64,"column":38},"end":{"line":64,"column":40}}],"line":64},"4":{"loc":{"start":{"line":102,"column":23},"end":{"line":102,"column":51}},"type":"binary-expr","locations":[{"start":{"line":102,"column":23},"end":{"line":102,"column":35}},{"start":{"line":102,"column":39},"end":{"line":102,"column":51}}],"line":102},"5":{"loc":{"start":{"line":103,"column":32},"end":{"line":103,"column":67}},"type":"cond-expr","locations":[{"start":{"line":103,"column":49},"end":{"line":103,"column":60}},{"start":{"line":103,"column":64},"end":{"line":103,"column":67}}],"line":103},"6":{"loc":{"start":{"line":106,"column":23},"end":{"line":106,"column":58}},"type":"cond-expr","locations":[{"start":{"line":106,"column":40},"end":{"line":106,"column":51}},{"start":{"line":106,"column":55},"end":{"line":106,"column":58}}],"line":106},"7":{"loc":{"start":{"line":111,"column":4},"end":{"line":113,"column":5}},"type":"if","locations":[{"start":{"line":111,"column":4},"end":{"line":113,"column":5}},{"start":{},"end":{}}],"line":111},"8":{"loc":{"start":{"line":118,"column":4},"end":{"line":120,"column":5}},"type":"if","locations":[{"start":{"line":118,"column":4},"end":{"line":120,"column":5}},{"start":{},"end":{}}],"line":118},"9":{"loc":{"start":{"line":125,"column":4},"end":{"line":129,"column":5}},"type":"if","locations":[{"start":{"line":125,"column":4},"end":{"line":129,"column":5}},{"start":{"line":127,"column":11},"end":{"line":129,"column":5}}],"line":125},"10":{"loc":{"start":{"line":157,"column":31},"end":{"line":157,"column":78}},"type":"cond-expr","locations":[{"start":{"line":157,"column":45},"end":{"line":157,"column":60}},{"start":{"line":157,"column":63},"end":{"line":157,"column":78}}],"line":157},"11":{"loc":{"start":{"line":158,"column":32},"end":{"line":158,"column":63}},"type":"cond-expr","locations":[{"start":{"line":158,"column":46},"end":{"line":158,"column":53}},{"start":{"line":158,"column":56},"end":{"line":158,"column":63}}],"line":158},"12":{"loc":{"start":{"line":159,"column":32},"end":{"line":159,"column":68}},"type":"cond-expr","locations":[{"start":{"line":159,"column":46},"end":{"line":159,"column":63}},{"start":{"line":159,"column":66},"end":{"line":159,"column":68}}],"line":159},"13":{"loc":{"start":{"line":166,"column":30},"end":{"line":166,"column":71}},"type":"cond-expr","locations":[{"start":{"line":166,"column":60},"end":{"line":166,"column":62}},{"start":{"line":166,"column":65},"end":{"line":166,"column":71}}],"line":166},"14":{"loc":{"start":{"line":179,"column":24},"e
[...]
rt":{"line":150,"column":19},"end":{"line":154,"column":5}},"46":{"start":{"line":156,"column":4},"end":{"line":158,"column":5}},"47":{"start":{"line":157,"column":6},"end":{"line":157,"column":43}},"48":{"start":{"line":162,"column":6},"end":{"line":164,"column":40}},"49":{"start":{"line":166,"column":26},"end":{"line":166,"column":44}},"50":{"start":{"line":167,"column":4},"end":{"line":167,"column":63}},"51":{"start":{"line":169,"column":17},"end":{"line":174,"column":5}},"52":{"start":{"line":176,"column":4},"end":{"line":184,"column":7}},"53":{"start":{"line":195,"column":16},"end":{"line":195,"column":26}},"54":{"start":{"line":196,"column":51},"end":{"line":196,"column":56}},"55":{"start":{"line":198,"column":37},"end":{"line":201,"column":3}},"56":{"start":{"line":200,"column":4},"end":{"line":200,"column":27}},"57":{"start":{"line":203,"column":32},"end":{"line":206,"column":3}},"58":{"start":{"line":205,"column":4},"end":{"line":205,"column":34}},"59":{"start":{"line":208,"column":32},"end":{"line":211,"column":3}},"60":{"start":{"line":210,"column":4},"end":{"line":210,"column":34}},"61":{"start":{"line":213,"column":36},"end":{"line":216,"column":3}},"62":{"start":{"line":215,"column":4},"end":{"line":215,"column":73}},"63":{"start":{"line":218,"column":2},"end":{"line":259,"column":4}},"64":{"start":{"line":268,"column":18},"end":{"line":268,"column":33}},"65":{"start":{"line":269,"column":31},"end":{"line":269,"column":41}},"66":{"start":{"line":270,"column":18},"end":{"line":270,"column":31}},"67":{"start":{"line":272,"column":26},"end":{"line":272,"column":43}},"68":{"start":{"line":274,"column":38},"end":{"line":274,"column":56}},"69":{"start":{"line":276,"column":42},"end":{"line":276,"column":59}},"70":{"start":{"line":278,"column":35},"end":{"line":278,"column":55}},"71":{"start":{"line":281,"column":26},"end":{"line":281,"column":44}},"72":{"start":{"line":283,"column":2},"end":{"line":285,"column":32}},"73":{"start":{"line":284,"column":4},"end":{"line":284,"column":50}},"74":{"start":{"line":288,"column":22},"end":{"line":291,"column":3}},"75":{"start":{"line":289,"column":20},"end":{"line":289,"column":32}},"76":{"start":{"line":290,"column":4},"end":{"line":290,"column":25}},"77":{"start":{"line":293,"column":22},"end":{"line":295,"column":3}},"78":{"start":{"line":294,"column":4},"end":{"line":294,"column":22}},"79":{"start":{"line":297,"column":2},"end":{"line":305,"column":56}},"80":{"start":{"line":301,"column":4},"end":{"line":304,"column":5}},"81":{"start":{"line":303,"column":6},"end":{"line":303,"column":17}},"82":{"start":{"line":308,"column":35},"end":{"line":311,"column":3}},"83":{"start":{"line":309,"column":4},"end":{"line":309,"column":54}},"84":{"start":{"line":310,"column":4},"end":{"line":310,"column":15}},"85":{"start":{"line":314,"column":21},"end":{"line":316,"column":3}},"86":{"start":{"line":315,"column":4},"end":{"line":315,"column":21}},"87":{"start":{"line":319,"column":21},"end":{"line":321,"column":3}},"88":{"start":{"line":320,"column":4},"end":{"line":320,"column":28}},"89":{"start":{"line":323,"column":23},"end":{"line":327,"column":3}},"90":{"start":{"line":324,"column":4},"end":{"line":324,"column":33}},"91":{"start":{"line":325,"column":4},"end":{"line":325,"column":39}},"92":{"start":{"line":326,"column":4},"end":{"line":326,"column":21}},"93":{"start":{"line":329,"column":2},"end":{"line":557,"column":4}},"94":{"start":{"line":401,"column":28},"end":{"line":401,"column":75}},"95":{"start":{"line":403,"column":18},"end":{"line":403,"column":69}},"96":{"start":{"line":404,"column":16},"end":{"line":406,"column":17}},"97":{"start":{"line":405,"column":18},"end":{"line":405,"column":62}},"98":{"start":{"line":407,"column":16},"end":{"line":409,"column":17}},"99":{"start":{"line":408,"column":18},"end":{"line":408,"column":71}},"100":{"start":{"line":410,"column":16},"end":{"line":537,"column":18}},"101":{"start":{"line":430,"column":39},"end":{"line":430,"column":58}},"102":{"start":{"line":449,"column":28},"end":{"line":467,"column":30}},"103":{"start":{"line":493,"column":39},"end":{"line":493,"column":58}},"104":{"start":{"line":511,"column":28},"end":{"line":529,"column":30}}},"fnMap":{"0":{"name":"(anonymous_0)","decl":{"start":{"line":31,"column":29},"end":{"line":31,"column":30}},"loc":{"start":{"line":31,"column":43},"end":{"line":44,"column":1}},"line":31},"1":{"name":"(anonymous_1)","decl":{"start":{"line":46,"column":42},"end":{"line":46,"column":43}},"loc":{"start":{"line":46,"column":56},"end":{"line":59,"column":1}},"line":46},"2":{"name":"(anonymous_2)","decl":{"start":{"line":61,"column":40},"end":{"line":61,"column":41}},"loc":{"start":{"line":61,"column":54},"end":{"line":69,"column":1}},"line":61},"3":{"name":"(anonymous_3)","decl":{"start":{"line":73,"column":20},"end":{"line":73,"column":21}},"loc":{"start":{"line":73,"column":54},"end":{"line":105,"column":1}},"line":73},"4":{"name":"(anonymous_4)","decl":{"start":{"line":95,"column":10},"end":{"line":95,"column":11}},"loc":{"start":{"line":95,"column":24},"end":{"line":101,"column":5}},"line":95},"5":{"name":"(anonymous_5)","decl":{"start":{"line":102,"column":10},"end":{"line":102,"column":11}},"loc":{"start":{"line":102,"column":20},"end":{"line":104,"column":5}},"line":102},"6":{"name":"(anonymous_6)","decl":{"start":{"line":108,"column":19},"end":{"line":108,"column":20}},"loc":{"start":{"line":108,"column":29},"end":{"line":124,"column":1}},"line":108},"7":{"name":"(anonymous_7)","decl":{"start":{"line":127,"column":26},"end":{"line":127,"column":27}},"loc":{"start":{"line":127,"column":46},"end":{"line":186,"column":1}},"line":127},"8":{"name":"TablePaginationActions","decl":{"start":{"line":194,"column":9},"end":{"line":194,"column":31}},"loc":{"start":{"line":194,"column":39},"end":{"line":260,"column":1}},"line":194},"9":{"name":"(anonymous_9)","decl":{"start":{"line":198,"column":37},"end":{"line":198,"column":38}},"loc":{"start":{"line":198,"column":48},"end":{"line":201,"column":3}},"line":198},"10":{"name":"(anonymous_10)","decl":{"start":{"line":203,"column":32},"end":{"line":203,"column":33}},"loc":{"start":{"line":203,"column":43},"end":{"line":206,"column":3}},"line":203},"11":{"name":"(anonymous_11)","decl":{"start":{"line":208,"column":32},"end":{"line":208,"column":33}},"loc":{"start":{"line":208,"column":43},"end":{"line":211,"column":3}},"line":208},"12":{"name":"(anonymous_12)","decl":{"start":{"line":213,"column":36},"end":{"line":213,"column":37}},"loc":{"start":{"line":213,"column":47},"end":{"line":216,"column":3}},"line":213},"13":{"name":"ViewMeals","decl":{"start":{"line":267,"column":9},"end":{"line":267,"column":18}},"loc":{"start":{"line":267,"column":26},"end":{"line":558,"column":1}},"line":267},"14":{"name":"(anonymous_14)","decl":{"start":{"line":283,"column":18},"end":{"line":283,"column":19}},"loc":{"start":{"line":283,"column":24},"end":{"line":285,"column":3}},"line":283},"15":{"name":"(anonymous_15)","decl":{"start":{"line":288,"column":22},"end":{"line":288,"column":23}},"loc":{"start":{"line":288,"column":33},"end":{"line":291,"column":3}},"line":288},"16":{"name":"(anonymous_16)","decl":{"start":{"line":293,"column":22},"end":{"line":293,"column":23}},"loc":{"start":{"line":293,"column":28},"end":{"line":295,"column":3}},"line":293},"17":{"name":"(anonymous_17)","decl":{"start":{"line":297,"column":18},"end":{"line":297,"column":19}},"loc":{"start":{"line":297,"column":24},"end":{"line":305,"column":3}},"line":297},"18":{"name":"(anonymous_18)","decl":{"start":{"line":308,"column":35},"end":{"line":308,"column":36}},"loc":{"start":{"line":308,"column":46},"end":{"line":311,"column":3}},"line":308},"19":{"name":"(anonymous_19)","decl":{"start":{"line":314,"column":21},"end":{"line":314,"column":22}},"loc":{"start":{"line":314,"column":41},"end":{"line":316,"column":3}},"line":314},"20":{"name":"(anonymous_20)","decl":{"start":{"line":319,"column":21},"end":{"line":319,"column":22}},"loc":{"start":{"line":319,"column":27},"end":{"line":321,"column":3}},"line":319},"21":{"name":"(anonymous_21)","decl":{"start":{"line":323,"column":23},"end":{"line":323,"column":24}},"loc":{"start":{"line":323,"column":33},"end":{"line":327,"column":3}},"line":323},"22":{"name":"(anonymous_22)","decl":{"start":{"line":400,"column":19},"end":{"line":400,"column":20}},"loc":{"start":{"line":400,"column":33},"end":{"line":538,"column":15}},"line":400},"23":{"name":"(anonymous_23)","decl":{"start":{"line":430,"column":33},"end":{"line":430,"column":34}},"loc":{"start":{"line":430,"column":39},"end":{"line":430,"column":58}},"line":430},"24":{"name":"(anonymous_24)","decl":{"start":{"line":448,"column":31},"end":{"line":448,"column":32}},"loc":{"start":{"line":448,"column":45},"end":{"line":468,"column":27}},"line":448},"25":{"name":"(anonymous_25)","decl":{"start":{"line":493,"column":33},"end":{"line":493,"column":34}},"loc":{"start":{"line":493,"column":39},"end":{"line":493,"column":58}},"line":493},"26":{"name":"(anonymous_26)","decl":{"start":{"line":510,"column":31},"end":{"line":510,"column":32}},"loc":{"start":{"line":510,"column":45},"end":{"line":530,"column":27}},"line":510}},"branchMap":{"0":{"loc":{"start":{"line":76,"column":22},"end":{"line":76,"column":50}},"type":"cond-expr","locations":[{"start":{"line":76,"column":29},"end":{"line":76,"column":45}},{"start":{"line":76,"column":48},"end":{"line":76,"column":50}}],"line":76},"1":{"loc":{"start":{"line":77,"column":17},"end":{"line":77,"column":40}},"type":"cond-expr","locations":[{"start":{"line":77,"column":24},"end":{"line":77,"column":35}},{"start":{"line":77,"column":38},"end":{"line":77,"column":40}}],"line":77},"2":{"loc":{"start":{"line":80,"column":2},"end":{"line":82,"column":3}},"type":"if","locations":[{"start":{"line":80,"column":2},"end":{"line":82,"column":3}},{"start":{},"end":{}}],"line":80},"3":{"loc":{"start":{"line":84,"column":2},"end":{"line":86,"column":3}},"type":"if","locations":[{"start":{"line":84,"column":2},"end":{"line":86,"column":3}},{"start":{},"end":{}}],"line":84},"4":{"loc":{"start":{"line":96,"column":6},"end":{"line":99,"column":7}},"type":"if","locations":[{"start":{"line":96,"column":6},"end":{"line":99,"column":7}},{"start":{},"end":{}}],"line":96},"5":{"loc":{"start":{"line":110,"column":2},"end":{"line":113,"column":3}},"type":"if","locations":[{"start":{"line":110,"column":2},"end":{"line":113,"column":3}},{"start":{},"end":{}}],"line":110},"6":{"loc":{"start":{"line":116,"column":4},"end":{"line":118,"column":5}},"type":"if","locations":[{"start":{"line":116,"column":4},"end":{"line":118,"column":5}},{"start":{},"end":{}}],"line":116},"7":{"loc":{"start":{"line":130,"column":22},"end":{"line":130,"column":54}},"type":"cond-expr","locations":[{"start":{"line":130,"column":31},"end":{"line":130,"column":49}},{"start":{"line":130,"column":52},"end":{"line":130,"column":54}}],"line":130},"8":{"loc":{"start":{"line":131,"column":17},"end":{"line":131,"column":44}},"type":"cond-expr","locations":[{"start":{"line":131,"column":26},"end":{"line":131,"column":39}},{"start":{"line":131,"column":42},"end":{"line":131,"column":44}}],"line":131},"9":{"loc":{"start":{"line":141,"column":4},"end":{"line":143,"column":5}},"type":"if","locations":[{"start":{"line":141,"column":4},"end":{"line":143,"column":5}},{"start":{},"end":{}}],"line":141},"10":{"loc":{"start":{"line":227,"column":9},"end":{"line":228,"column":46}},"type":"cond-expr","locations":[{"start":{"line":228,"column":10},"end":{"line":228,"column":26}},{"start":{"line":228,"column":29},"end":{"line":228,"column":46}}],"line":227},"11":{"loc":{"start":{"line":236,"column":9},"end":{"line":237,"column":56}},"type":"cond-expr","locations":[{"start":{"line":237,"column":10},"end":{"line":237,"column":32}},{"start":{"line":237,"column":35},"end":{"line":237,"column":56}}],"line":236},"12":{"loc":{"start":{"line":245,"column":9},"end":{"line":246,"column":56}},"type":"cond-expr","locations":[{"start":{"line":246,"column":10},"end":{"line":246,"column":31}},{"start":{"line":246,"column":34},"end":{"line":246,"column":56}}],"line":245},"13":{"loc":{"start":{"line":255,"column":9},"end":{"line":256,"column":46}},"type":"cond-expr","locations":[{"start":{"line":256,"column":10},"end":{"line":256,"column":27}},{"start":{"line":256,"column":30},"end":{"line":256,"column":46}}],"line":255},"14":{"loc":{"start":{"line":301,"column":4},"end":{"line":304,"column":5}},"type":"if","locations":[{"start":{"line":301,"column":4},"end":{"line":304,"column":5}},{"start":{},"end":{}}],"line":301},"15":{"loc":{"start":{"line":301,"column":8},"end":{"line":302,"column":77}},"type":"binary-expr","locations":[{"start":{"line":301,"column":8},"end":{"line":301,"column":19}},{"start":{"line":302,"column":6},"end":{"line":302,"column":77}}],"line":301},"16":{"loc":{"start":{"line":302,"column":31},"end":{"line":302,"column":50}},"type":"cond-expr","locations":[{"start":{"line":302,"column":45},"end":{"line":302,"column":46}},{"start":{"line":302,"column":49},"end":{"line":302,"column":50}}],"line":302},"17":{"loc":{"start":{"line":341,"column":22},"end":{"line":341,"column":47}},"type":"cond-expr","locations":[{"start":{"line":341,"column":36},"end":{"line":341,"column":42}},{"start":{"line":341,"column":45},"end":{"line":341,"column":47}}],"line":341},"18":{"loc":{"start":{"line":369,"column":28},"end":{"line":369,"column":55}},"type":"cond-expr","locations":[{"start":{"line":369,"column":42},"end":{"line":369,"column":50}},{"start":{"line":369,"column":53},"end":{"line":369,"column":55}}],"line":369},"19":{"loc":{"start":{"line":398,"column":11},"end":{"line":538,"column":16}},"type":"binary-expr","locations":[{"start":{"line":398,"column":11},"end":{"line":398,"column":15}},{"start":{"line":399,"column":12},"end":{"line":538,"column":16}}],"line":398},"20":{"loc":{"start":{"line":404,"column":16},"end":{"line":406,"column":17}},"type":"if","locations":[{"start":{"line":404,"column":16},"end":{"line":406,"column":17}},{"start":{},"end":{}}],"line":404},"21":{"loc":{"start":{"line":407,"column":16},"end":{"line":409,"column":17}},"type":"if","locations":[{"start":{"line":407,"column":16},"end":{"line":409,"column":17}},{"start":{},"end":{}}],"line":407},"22":{"loc":{"start":{"line":407,"column":20},"end":{"line":407,"column":36}},"type":"binary-expr","locations":[{"start":{"line":407,"column":20},"end":{"line":407,"column":26}},{"start":{"line":407,"column":30},"end":{"line":407,"column":36}}],"line":407},"23":{"loc":{"start":{"line":429,"column":28},"end":{"line":429,"column":115}},"type":"binary-expr","locations":[{"start":{"line":429,"column":29},"end":{"line":429,"column":34}},{"start":{"line":429,"column":38},"end":{"line":429,"column":108}},{"start":{"line":429,"column":113},"end":{"line":429,"column":115}}],"line":429},"24":{"loc":{"start":{"line":441,"column":39},"end":{"line":441,"column":64}},"type":"cond-expr","locations":[{"start":{"line":441,"column":53},"end":{"line":441,"column":55}},{"start":{"line":441,"column":58},"end":{"line":441,"column":64}}],"line":441},"25":{"loc":{"start":{"line":475,"column":33},"end":{"line":475,"column":70}},"type":"cond-expr","locations":[{"start":{"line":475,"column":59},"end":{"line":475,"column":65}},{"start":{"line":475,"column":68},"end":{"line":475,"column":70}}],"line":475},"26":{"loc":{"start":{"line":475,"column":34},"end":{"line":475,"column":55}},"type":"binary-expr","locations":[{"start":{"line":475,"column":34},"end":{"line":475,"column":45}},{"start":{"line":475,"column":49},"end":{"line":475,"column":55}}],"line":475},"27":{"loc":{"start":{"line":479,"column":25},"end":{"line":479,"column":51}},"type":"binary-expr","locations":[{"start":{"line":479,"column":25},"end":{"line":479,"column":30}},{"start":{"line":479,"column":34},"end":{"line":479,"column":51}}],"line":479},"28":{"loc":{"start":{"line":486,"column":33},"end":{"line":486,"column":70}},"type":"cond-expr","locations":[{"start":{"line":486,"column":59},"end":{"line":486,"column":65}},{"start":{"line":486,"column":68},"end":{"line":486,"column":70}}],"line":486},"29":{"loc":{"start":{"line":486,"column":34},"end":{"line":486,"column":55}},"type":"binary-expr","locations":[{"start":{"line":486,"column":34},"end":{"line":486,"column":45}},{"start":{"line":486,"column":49},"end":{"line":486,"column":55}}],"line":486},"30":{"loc":{"start":{"line":492,"column":28},"end":{"line":492,"column":119}},"type":"binary-expr","locations":[{"start":{"line":492,"column":29},"end":{"line":492,"column":34}},{"start":{"line":492,"column":38},"end":{"line":492,"column":112}},{"start":{"line":492,"column":117},"end":{"line":492,"column":119}}],"line":492},"31":{"loc":{"start":{"line":502,"column":33},"end":{"line":502,"column":70}},"type":"cond-expr","locations":[{"start":{"line":502,"column":59},"end":{"line":502,"column":65}},{"start":{"line":502,"column":68},"end":{"line":502,"column":70}}],"line":502},"32":{"loc":{"start":{"line":502,"column":34},"end":{"line":502,"column":55}},"type":"binary-expr","locations":[{"start":{"line":502,"column":34},"end":{"line":502,"column":45}},{"start":{"line":502,"column":49},"end":{"line":502,"column":55}}],"line":502},"33":{"loc":{"start":{"line":509,"column":25},"end":{"line":531,"column":32}},"type":"cond-expr","locations":[{"start":{"line":509,"column":34},"end":{"line":530,"column":28}},{"start":{"line":531,"column":26},"end":{"line":531,"column":32}}],"line":509},"34":{"loc":{"start":{"line":546,"column":42},"end":{"line":546,"column":61}},"type":"cond-expr","locations":[{"start":{"line":546,"column":56},"end":{"line":546,"column":57}},{"start":{"line":546,"column":60},"end":{"line":546,"column":61}}],"line":546},"35":{"loc":{"start":{"line":548,"column":16},"end":{"line":550,"column":32}},"type":"cond-expr","locations":[{"start":{"line":550,"column":24},"end":{"line":550,"column":25}},{"start":{"line":550,"column":28},"end":{"line":550,"column":32}}],"line":548},"36":{"loc":{"start":{"line":548,"column":17},"end":{"line":550,"column":20}},"type":"binary-expr","locations":[{"start":{"line":548,"column":17},"end":{"line":548,"column":28}},{"start":{"line":549,"column":12},"end":{"line":550,"column":20}}],"line":548},"37":{"loc":{"start":{"line":549,"column":37},"end":{"line":549,"column":56}},"type":"cond-expr","locations":[{"start":{"line":549,"column":51},"end":{"line":549,"column":52}},{"start":{"line":549,"column":55},"end":{"line":549,"column":56}}],"line":549}},"s":{"0":11,"1":1,"2":11,"3":1,"4":11,"5":1,"6":11,"7":1,"8":1,"9":1,"10":1,"11":1,"12":1,"13":0,"14":1,"15":0,"16":1,"17":0,"18":0,"19":0,"20":0,"21":11,"22":0,"23":0,"24":0,"25":0,"26":0,"27":0,"28":0,"29":0,"30":0,"31":11,"32":0,"33":0,"34":0,"35":0,"36":0,"37":0,"38":0,"39":0,"40":0,"41":0,"42":0,"43":0,"44":0,"45":0,"46":0,"47":0,"48":0,"49":0,"50":0,"51":0,"52":0,"53":1,"54":1,"55":1,"56":0,"57":1,"58":0,"59":1,"60":0,"61":1,"62":0,"63":1,"64":1,"65":1,"66":1,"67":1,"68":1,"69":1,"70":1,"71":1,"72":1,"73":1,"74":1,"75":0,"76":0,"77":1,"78":0,"79":1,"80":1,"81":1,"82":1,"83":0,"84":0,"85":1,"86":0,"87":1,"88":0,"89":1,"90":0,"91":0,"92":0,"93":1,"94":0,"95":0,"96":0,"97":0,"98":0,"99":0,"100":0,"101":0,"102":0,"103":0,"104":0},"f":{"0":1,"1":1,"2":1,"3":1,"4":0,"5":0,"6":0,"7":0,"8":1,"9":0,"10":0,"11":0,"12":0,"13":1,"14":1,"15":0,"16":0,"17":1,"18":0,"19":0,"20":0,"21":0,"22":0,"23":0,"24":0,"25":0,"26":0},"b":{"0":[1,0],"1":[1,0],"2":[0,1],"3":[0,1],"4":[0,0],"5":[0,0],"6":[0,0],"7":[0,0],"8":[0,0],"9":[0,0],"10":[0,1],"11":[0,1],"12":[0,1],"13":[0,1],"14":[1,0],"15":[1,1],"16":[0,1],"17":[0,1],"18":[1,0],"19":[1,1],"20":[0,0],"21":[0,0],"22":[0,0],"23":[0,0,0],"24":[0,0],"25":[0,0],"26":[0,0],"27":[0,0],"28":[0,0],"29":[0,0],"30":[0,0,0],"31":[0,0],"32":[0,0],"33":[0,0],"34":[0,1],"35":[1,0],"36":[1,1],"37":[0,1]},"_coverageSchema":"1a1c01bbd47fc00a2c39e90264f33305004495a9","hash":"2d185aa33326fad4c0d7157a66dec5c45276d4f3"}
}
