TN:
SF:src/App.js
FN:17,App
FN:42,(anonymous_1)
FNF:2
FNH:2
FNDA:27,App
FNDA:24,(anonymous_1)
DA:19,27
DA:42,11
DA:43,24
DA:44,24
DA:45,0
DA:47,24
LF:6
LH:5
BRDA:44,0,0,0
BRDA:44,0,1,24
BRF:2
BRH:1
end_of_record
TN:
SF:src/components/CheckList.jsx
FN:27,ChecklistPage
FNF:1
FNH:1
FNDA:2,ChecklistPage
DA:11,11
DA:28,2
DA:30,2
LF:3
LH:3
BRF:0
BRH:0
end_of_record
TN:
SF:src/components/DimensionsProvider.jsx
FN:7,(anonymous_0)
FN:12,(anonymous_1)
FN:14,(anonymous_2)
FN:15,(anonymous_3)
FN:19,(anonymous_4)
FN:30,(anonymous_5)
FNF:6
FNH:6
FNDA:28,(anonymous_0)
FNDA:28,(anonymous_1)
FNDA:27,(anonymous_2)
FNDA:1,(anonymous_3)
FNDA:27,(anonymous_4)
FNDA:171,(anonymous_5)
DA:5,11
DA:7,28
DA:12,11
DA:13,28
DA:14,28
DA:15,27
DA:16,1
DA:18,27
DA:19,27
DA:21,28
DA:30,11
DA:31,171
LF:12
LH:12
BRF:0
BRH:0
end_of_record
TN:
SF:src/components/GenerateList.jsx
FN:1,(anonymous_0)
FN:14,(anonymous_1)
FN:20,(anonymous_2)
FNF:3
FNH:3
FNDA:24,(anonymous_0)
FNDA:19,(anonymous_1)
FNDA:18,(anonymous_2)
DA:1,11
DA:2,24
DA:3,24
DA:4,24
DA:5,24
DA:6,24
DA:7,24
DA:15,19
DA:16,0
DA:18,19
DA:21,18
LF:11
LH:10
BRDA:6,0,0,24
BRDA:6,0,1,0
BRDA:15,1,0,0
BRDA:15,1,1,19
BRDA:21,2,0,18
BRDA:21,2,1,18
BRF:6
BRH:4
end_of_record
TN:
SF:src/components/HomeLayout.jsx
FN:27,HomeLayout
FNF:1
FNH:1
FNDA:19,HomeLayout
DA:10,11
DA:28,19
LF:2
LH:2
BRF:0
BRH:0
end_of_record
TN:
SF:src/components/MealContextProvider.jsx
FN:9,(anonymous_0)
FN:36,(anonymous_1)
FN:39,(anonymous_2)
FN:44,(anonymous_3)
FN:68,(anonymous_4)
FN:108,useMeals
FNF:6
FNH:6
FNDA:24,(anonymous_0)
FNDA:19,(anonymous_1)
FNDA:19,(anonymous_2)
FNDA:64,(anonymous_3)
FNDA:37,(anonymous_4)
FNDA:319,useMeals
DA:6,11
DA:9,11
DA:10,24
DA:11,24
DA:12,24
DA:15,24
DA:16,24
DA:17,24
DA:18,24
DA:19,24
DA:21,24
DA:22,24
DA:24,24
DA:25,0
DA:27,24
DA:28,24
DA:37,19
DA:40,19
DA:44,11
DA:46,64
DA:47,64
DA:48,64
DA:49,64
DA:50,64
DA:51,64
DA:52,64
DA:58,64
DA:61,64
DA:62,64
DA:63,64
DA:64,51
DA:65,51
DA:67,64
DA:68,64
DA:69,37
DA:71,24
DA:72,24
DA:73,24
DA:77,64
DA:78,64
DA:79,64
DA:80,64
DA:90,64
DA:109,319
LF:44
LH:43
BRDA:12,0,0,24
BRDA:12,0,1,0
BRDA:21,1,0,24
BRDA:21,1,1,0
BRDA:24,2,0,0
BRDA:24,2,1,24
BRDA:63,3,0,51
BRDA:63,3,1,13
BRDA:65,4,0,51
BRDA:65,4,1,0
BRDA:69,5,0,24
BRDA:69,5,1,13
BRF:12
BRH:8
end_of_record
TN:
SF:src/components/Page404.jsx
FN:8,Error
FNF:1
FNH:0
FNDA:0,Error
DA:9,0
LF:1
LH:0
BRF:0
BRH:0
end_of_record
TN:
SF:src/components/PlansLayout.jsx
FN:24,PlansLayout
FNF:1
FNH:1
FNDA:7,PlansLayout
DA:9,11
DA:25,7
LF:2
LH:2
BRF:0
BRH:0
end_of_record
TN:
SF:src/components/parser.jsx
FN:6,parsePlanData
FNF:1
FNH:1
FNDA:19,parsePlanData
DA:7,19
DA:8,19
DA:9,19
DA:10,19
DA:12,19
DA:25,19
DA:35,19
DA:36,19
DA:38,19
DA:39,133
DA:40,133
DA:41,133
DA:43,133
DA:44,0
DA:46,133
DA:48,133
DA:50,133
DA:52,0
DA:53,0
DA:54,0
DA:57,0
DA:60,0
DA:66,133
DA:70,133
DA:73,19
LF:25
LH:19
BRDA:40,0,0,133
BRDA:40,0,1,0
BRDA:43,1,0,0
BRDA:43,1,1,133
BRDA:50,2,0,0
BRDA:50,2,1,133
BRDA:54,3,0,0
BRDA:54,3,1,0
BRDA:54,4,0,0
BRDA:54,4,1,0
BRF:10
BRH:3
end_of_record
TN:
SF:src/components/CheckList/CheckListElements.jsx
FN:11,(anonymous_0)
FN:24,CheckListElement
FNF:2
FNH:2
FNDA:4,(anonymous_0)
FNDA:2,CheckListElement
DA:11,11
DA:25,2
LF:2
LH:2
BRF:0
BRH:0
end_of_record
TN:
SF:src/components/CheckList/Checkbox.jsx
FN:15,(anonymous_0)
FN:22,(anonymous_1)
FN:25,(anonymous_2)
FN:30,(anonymous_3)
FN:31,(anonymous_4)
FN:48,(anonymous_5)
FN:53,(anonymous_6)
FN:55,(anonymous_7)
FN:56,(anonymous_8)
FN:73,IndeterminateCheckbox
FN:82,(anonymous_10)
FN:90,(anonymous_11)
FN:112,(anonymous_12)
FN:113,(anonymous_13)
FN:118,(anonymous_14)
FN:132,(anonymous_15)
FN:147,(anonymous_16)
FN:181,(anonymous_17)
FN:187,(anonymous_18)
FN:192,(anonymous_19)
FN:214,(anonymous_20)
FN:220,(anonymous_21)
FN:232,(anonymous_22)
FNF:23
FNH:4
FNDA:0,(anonymous_0)
FNDA:0,(anonymous_1)
FNDA:0,(anonymous_2)
FNDA:0,(anonymous_3)
FNDA:0,(anonymous_4)
FNDA:0,(anonymous_5)
FNDA:0,(anonymous_6)
FNDA:0,(anonymous_7)
FNDA:0,(anonymous_8)
FNDA:4,IndeterminateCheckbox
FNDA:0,(anonymous_10)
FNDA:0,(anonymous_11)
FNDA:0,(anonymous_12)
FNDA:0,(anonymous_13)
FNDA:0,(anonymous_14)
FNDA:0,(anonymous_15)
FNDA:0,(anonymous_16)
FNDA:0,(anonymous_17)
FNDA:2,(anonymous_18)
FNDA:10,(anonymous_19)
FNDA:0,(anonymous_20)
FNDA:17,(anonymous_21)
FNDA:0,(anonymous_22)
DA:15,11
DA:16,0
DA:23,0
DA:26,0
DA:27,0
DA:28,0
DA:29,0
DA:30,0
DA:32,0
DA:38,0
DA:39,0
DA:41,0
DA:48,11
DA:49,0
DA:50,0
DA:51,0
DA:53,0
DA:56,0
DA:57,0
DA:61,0
DA:66,0
DA:79,4
DA:81,4
DA:82,4
DA:83,0
DA:84,0
DA:85,0
DA:86,0
DA:87,0
DA:88,0
DA:89,0
DA:90,0
DA:91,0
DA:92,0
DA:99,0
DA:109,0
DA:112,4
DA:113,0
DA:114,0
DA:118,4
DA:119,0
DA:120,0
DA:122,0
DA:123,0
DA:125,0
DA:127,0
DA:129,0
DA:132,4
DA:133,0
DA:134,0
DA:135,0
DA:141,0
DA:142,0
DA:143,0
DA:147,4
DA:148,0
DA:149,0
DA:150,0
DA:151,0
DA:153,0
DA:154,0
DA:156,0
DA:157,0
DA:158,0
DA:159,0
DA:161,0
DA:162,0
DA:163,0
DA:170,0
DA:179,0
DA:181,4
DA:182,0
DA:183,0
DA:184,0
DA:187,4
DA:188,2
DA:190,4
DA:194,10
DA:214,0
DA:222,17
DA:233,0
LF:81
LH:15
BRDA:27,0,0,0
BRDA:27,0,1,0
BRDA:38,1,0,0
BRDA:38,1,1,0
BRDA:57,2,0,0
BRDA:57,2,1,0
BRDA:57,3,0,0
BRDA:57,3,1,0
BRDA:57,3,2,0
BRDA:85,4,0,0
BRDA:85,4,1,0
BRDA:86,5,0,0
BRDA:86,5,1,0
BRDA:91,6,0,0
BRDA:91,6,1,0
BRDA:120,7,0,0
BRDA:120,7,1,0
BRDA:149,8,0,0
BRDA:149,8,1,0
BRDA:158,9,0,0
BRDA:158,9,1,0
BRDA:159,10,0,0
BRDA:159,10,1,0
BRDA:205,11,0,5
BRDA:205,11,1,5
BRDA:207,12,0,5
BRDA:207,12,1,5
BRDA:208,13,0,5
BRDA:208,13,1,0
BRDA:215,14,0,0
BRDA:215,14,1,10
BRDA:219,15,0,5
BRDA:219,15,1,5
BRDA:222,16,0,0
BRDA:222,16,1,17
BRF:35
BRH:9
end_of_record
TN:
SF:src/components/CheckList/DisplayElement.jsx
FN:26,DisplayElement
FN:37,(anonymous_1)
FN:43,(anonymous_2)
FN:47,(anonymous_3)
FN:58,(anonymous_4)
FN:130,(anonymous_5)
FN:157,(anonymous_6)
FN:176,(anonymous_7)
FN:187,(anonymous_8)
FN:188,(anonymous_9)
FN:191,(anonymous_10)
FN:192,(anonymous_11)
FN:297,(anonymous_12)
FN:298,(anonymous_13)
FN:305,(anonymous_14)
FN:311,(anonymous_15)
FN:317,(anonymous_16)
FNF:17
FNH:2
FNDA:4,DisplayElement
FNDA:0,(anonymous_1)
FNDA:0,(anonymous_2)
FNDA:0,(anonymous_3)
FNDA:0,(anonymous_4)
FNDA:0,(anonymous_5)
FNDA:0,(anonymous_6)
FNDA:2,(anonymous_7)
FNDA:0,(anonymous_8)
FNDA:0,(anonymous_9)
FNDA:0,(anonymous_10)
FNDA:0,(anonymous_11)
FNDA:0,(anonymous_12)
FNDA:0,(anonymous_13)
FNDA:0,(anonymous_14)
FNDA:0,(anonymous_15)
FNDA:0,(anonymous_16)
DA:31,4
DA:32,4
DA:33,4
DA:34,4
DA:35,4
DA:37,4
DA:38,0
DA:39,0
DA:40,0
DA:43,4
DA:44,0
DA:47,4
DA:48,0
DA:54,0
DA:55,0
DA:58,4
DA:60,0
DA:61,0
DA:63,0
DA:64,0
DA:65,0
DA:66,0
DA:68,0
DA:69,0
DA:72,0
DA:73,0
DA:74,0
DA:76,0
DA:78,0
DA:79,0
DA:81,0
DA:84,0
DA:85,0
DA:86,0
DA:88,0
DA:90,0
DA:91,0
DA:92,0
DA:96,0
DA:99,0
DA:100,0
DA:103,0
DA:104,0
DA:108,0
DA:111,0
DA:113,0
DA:115,0
DA:119,0
DA:120,0
DA:121,0
DA:123,0
DA:124,0
DA:125,0
DA:126,0
DA:130,4
DA:132,0
DA:133,0
DA:134,0
DA:135,0
DA:136,0
DA:137,0
DA:138,0
DA:140,0
DA:143,0
DA:146,0
DA:147,0
DA:148,0
DA:150,0
DA:153,0
DA:155,0
DA:157,0
DA:158,0
DA:159,0
DA:161,0
DA:163,0
DA:165,0
DA:166,0
DA:168,0
DA:169,0
DA:170,0
DA:172,0
DA:176,4
DA:177,2
DA:178,0
DA:179,0
DA:180,0
DA:181,0
DA:183,2
DA:187,4
DA:188,0
DA:191,4
DA:192,0
DA:194,4
DA:203,4
DA:208,4
DA:297,0
DA:299,0
DA:305,0
DA:312,0
DA:317,0
LF:100
LH:18
BRDA:72,0,0,0
BRDA:72,0,1,0
BRDA:73,1,0,0
BRDA:73,1,1,0
BRDA:84,2,0,0
BRDA:84,2,1,0
BRDA:99,3,0,0
BRDA:99,3,1,0
BRDA:103,4,0,0
BRDA:103,4,1,0
BRDA:135,5,0,0
BRDA:135,5,1,0
BRDA:137,6,0,0
BRDA:137,6,1,0
BRDA:146,7,0,0
BRDA:146,7,1,0
BRDA:177,8,0,0
BRDA:177,8,1,2
BRDA:177,9,0,2
BRDA:177,9,1,2
BRDA:225,10,0,0
BRDA:225,10,1,4
BRDA:230,11,0,0
BRDA:230,11,1,4
BRDA:243,12,0,0
BRDA:243,12,1,0
BRDA:251,13,0,0
BRDA:251,13,1,0
BRDA:259,14,0,0
BRDA:259,14,1,4
BRDA:261,15,0,0
BRDA:261,15,1,0
BRDA:281,16,0,0
BRDA:281,16,1,0
BRDA:296,17,0,0
BRDA:296,17,1,4
BRDA:306,18,0,0
BRDA:306,18,1,0
BRDA:313,19,0,0
BRDA:313,19,1,0
BRDA:329,20,0,0
BRDA:329,20,1,4
BRDA:336,21,0,0
BRDA:336,21,1,4
BRDA:343,22,0,0
BRDA:343,22,1,4
BRF:46
BRH:10
end_of_record
TN:
SF:src/components/CheckList/HandleUpdate.jsx
FN:1,(anonymous_0)
FN:14,(anonymous_1)
FN:19,(anonymous_2)
FN:54,(anonymous_3)
FN:60,(anonymous_4)
FN:85,(anonymous_5)
FN:101,(anonymous_6)
FN:113,(anonymous_7)
FN:118,(anonymous_8)
FN:134,(anonymous_9)
FN:140,(anonymous_10)
FN:141,(anonymous_11)
FN:146,(anonymous_12)
FN:147,(anonymous_13)
FN:149,(anonymous_14)
FN:151,(anonymous_15)
FN:157,(anonymous_16)
FN:158,(anonymous_17)
FNF:18
FNH:0
FNDA:0,(anonymous_0)
FNDA:0,(anonymous_1)
FNDA:0,(anonymous_2)
FNDA:0,(anonymous_3)
FNDA:0,(anonymous_4)
FNDA:0,(anonymous_5)
FNDA:0,(anonymous_6)
FNDA:0,(anonymous_7)
FNDA:0,(anonymous_8)
FNDA:0,(anonymous_9)
FNDA:0,(anonymous_10)
FNDA:0,(anonymous_11)
FNDA:0,(anonymous_12)
FNDA:0,(anonymous_13)
FNDA:0,(anonymous_14)
FNDA:0,(anonymous_15)
FNDA:0,(anonymous_16)
FNDA:0,(anonymous_17)
DA:1,11
DA:2,0
DA:11,0
DA:14,11
DA:16,0
DA:17,0
DA:18,0
DA:19,0
DA:20,0
DA:21,0
DA:22,0
DA:23,0
DA:24,0
DA:27,0
DA:29,0
DA:30,0
DA:31,0
DA:33,0
DA:38,0
DA:39,0
DA:40,0
DA:42,0
DA:43,0
DA:44,0
DA:45,0
DA:46,0
DA:55,0
DA:56,0
DA:58,0
DA:61,0
DA:64,0
DA:67,0
DA:73,0
DA:85,11
DA:87,0
DA:96,0
DA:98,0
DA:100,0
DA:101,0
DA:102,0
DA:103,0
DA:105,0
DA:106,0
DA:109,0
DA:110,0
DA:111,0
DA:112,0
DA:113,0
DA:114,0
DA:115,0
DA:116,0
DA:117,0
DA:118,0
DA:119,0
DA:120,0
DA:121,0
DA:122,0
DA:123,0
DA:125,0
DA:126,0
DA:135,0
DA:136,0
DA:138,0
DA:141,0
DA:142,0
DA:147,0
DA:148,0
DA:149,0
DA:150,0
DA:151,0
DA:152,0
DA:158,0
DA:159,0
DA:161,0
DA:166,0
DA:167,0
DA:168,0
DA:169,0
DA:170,0
DA:173,0
DA:176,0
DA:182,0
LF:82
LH:3
BRDA:45,0,0,0
BRDA:45,0,1,0
BRDA:55,1,0,0
BRDA:55,1,1,0
BRDA:102,2,0,0
BRDA:102,2,1,0
BRDA:112,3,0,0
BRDA:112,3,1,0
BRDA:135,4,0,0
BRDA:135,4,1,0
BRDA:148,5,0,0
BRDA:148,5,1,0
BRDA:153,6,0,0
BRDA:153,6,1,0
BRDA:159,7,0,0
BRDA:159,7,1,0
BRF:16
BRH:0
end_of_record
TN:
SF:src/components/Homepage/Calendar.jsx
FN:14,(anonymous_0)
FN:23,(anonymous_1)
FN:93,Calendar
FN:109,(anonymous_3)
FN:119,(anonymous_4)
FN:146,(anonymous_5)
FN:168,(anonymous_6)
FN:188,(anonymous_7)
FNF:8
FNH:8
FNDA:1386,(anonymous_0)
FNDA:1,(anonymous_1)
FNDA:99,Calendar
FNDA:23,(anonymous_3)
FNDA:1,(anonymous_4)
FNDA:693,(anonymous_5)
FNDA:1281,(anonymous_6)
FNDA:1,(anonymous_7)
DA:14,1386
DA:23,11
DA:24,1
DA:25,1
DA:26,1
DA:27,1
DA:30,1
DA:31,1
DA:32,1
DA:34,1
DA:35,0
DA:39,1
DA:40,1
DA:41,1
DA:42,1
DA:43,1
DA:45,1
DA:46,0
DA:49,1
DA:52,1
DA:58,1
DA:59,3
DA:60,3
DA:65,1
DA:69,1
DA:76,1
DA:95,99
DA:96,99
DA:105,99
DA:107,99
DA:109,99
DA:111,23
DA:112,2
DA:113,2
DA:117,99
DA:119,99
DA:121,1
DA:122,1
DA:123,1
DA:124,1
DA:126,1
DA:128,1
DA:129,1
DA:131,0
DA:136,99
DA:138,99
DA:147,693
DA:169,1281
DA:170,1281
DA:172,1281
DA:173,1
DA:174,1
DA:178,1280
DA:180,1281
DA:189,1
LF:55
LH:52
BRDA:15,0,0,0
BRDA:15,0,1,1386
BRDA:26,1,0,1
BRDA:26,1,1,0
BRDA:27,2,0,1
BRDA:27,2,1,0
BRDA:31,3,0,1
BRDA:31,3,1,0
BRDA:34,4,0,0
BRDA:34,4,1,1
BRDA:42,5,0,1
BRDA:42,5,1,0
BRDA:45,6,0,0
BRDA:45,6,1,1
BRDA:105,7,0,99
BRDA:105,7,1,4
BRDA:105,7,2,95
BRDA:107,8,0,99
BRDA:107,8,1,4
BRDA:107,8,2,99
BRDA:111,9,0,2
BRDA:111,9,1,21
BRDA:121,10,0,1
BRDA:121,10,1,0
BRDA:128,11,0,1
BRDA:128,11,1,0
BRDA:142,12,0,85
BRDA:142,12,1,14
BRDA:144,13,0,61
BRDA:144,13,1,38
BRDA:156,14,0,99
BRDA:156,14,1,594
BRDA:163,15,0,595
BRDA:163,15,1,98
BRDA:165,16,0,595
BRDA:165,16,1,98
BRDA:168,17,0,693
BRDA:168,17,1,427
BRDA:172,18,0,1
BRDA:172,18,1,1280
BRDA:173,19,0,1
BRDA:173,19,1,0
BRDA:210,20,0,1
BRDA:210,20,1,1280
BRF:44
BRH:34
end_of_record
TN:
SF:src/components/Homepage/Home.jsx
FN:18,(anonymous_0)
FN:51,(anonymous_1)
FN:64,(anonymous_2)
FN:67,(anonymous_3)
FN:78,Homepage
FN:103,(anonymous_5)
FN:107,(anonymous_6)
FN:118,(anonymous_7)
FN:122,(anonymous_8)
FN:130,(anonymous_9)
FN:143,(anonymous_10)
FN:148,(anonymous_11)
FN:189,(anonymous_12)
FNF:13
FNH:12
FNDA:2,(anonymous_0)
FNDA:19,(anonymous_1)
FNDA:19,(anonymous_2)
FNDA:19,(anonymous_3)
FNDA:118,Homepage
FNDA:19,(anonymous_5)
FNDA:63,(anonymous_6)
FNDA:20,(anonymous_7)
FNDA:3,(anonymous_8)
FNDA:3,(anonymous_9)
FNDA:2,(anonymous_10)
FNDA:0,(anonymous_11)
FNDA:2,(anonymous_12)
DA:15,11
DA:18,11
DA:19,2
DA:20,2
DA:21,2
DA:25,2
DA:26,2
DA:27,2
DA:29,2
DA:30,0
DA:33,2
DA:39,2
DA:51,11
DA:52,19
DA:53,19
DA:54,19
DA:56,19
DA:65,19
DA:68,19
DA:79,118
DA:80,118
DA:82,118
DA:84,118
DA:86,118
DA:88,118
DA:91,118
DA:93,118
DA:95,118
DA:97,118
DA:99,118
DA:101,118
DA:103,118
DA:104,19
DA:107,118
DA:109,63
DA:111,38
DA:112,1
DA:113,37
DA:114,18
DA:118,118
DA:119,20
DA:122,118
DA:124,3
DA:126,0
DA:130,118
DA:132,3
DA:134,2
DA:135,2
DA:136,2
DA:137,1
DA:139,2
DA:143,118
DA:144,2
DA:145,2
DA:148,118
DA:149,0
DA:152,118
DA:189,2
LF:58
LH:55
BRDA:21,0,0,2
BRDA:21,0,1,0
BRDA:26,1,0,2
BRDA:26,1,1,0
BRDA:29,2,0,0
BRDA:29,2,1,2
BRDA:54,3,0,19
BRDA:54,3,1,0
BRDA:82,4,0,15
BRDA:82,4,1,103
BRDA:91,5,0,118
BRDA:91,5,1,61
BRDA:91,5,2,60
BRDA:109,6,0,25
BRDA:109,6,1,38
BRDA:109,7,0,63
BRDA:109,7,1,44
BRDA:109,7,2,39
BRDA:111,8,0,1
BRDA:111,8,1,37
BRDA:111,9,0,38
BRDA:111,9,1,19
BRDA:111,9,2,1
BRDA:113,10,0,18
BRDA:113,10,1,19
BRDA:113,11,0,37
BRDA:113,11,1,18
BRDA:119,12,0,2
BRDA:119,12,1,18
BRDA:124,13,0,0
BRDA:124,13,1,3
BRDA:124,14,0,3
BRDA:124,14,1,0
BRDA:124,14,2,0
BRDA:132,15,0,2
BRDA:132,15,1,1
BRDA:132,16,0,3
BRDA:132,16,1,3
BRDA:136,17,0,1
BRDA:136,17,1,1
BRDA:161,18,0,118
BRDA:161,18,1,1
BRDA:179,19,0,118
BRDA:179,19,1,77
BRDA:183,20,0,4
BRDA:183,20,1,114
BRDA:190,21,0,4
BRDA:190,21,1,114
BRF:48
BRH:41
end_of_record
TN:
SF:src/components/Homepage/Menu.jsx
FN:31,(anonymous_0)
FN:41,(anonymous_1)
FN:53,(anonymous_2)
FN:66,(anonymous_3)
FN:72,(anonymous_4)
FN:84,(anonymous_5)
FN:87,(anonymous_6)
FN:98,Menu
FN:114,(anonymous_8)
FN:122,(anonymous_9)
FN:126,(anonymous_10)
FN:135,(anonymous_11)
FN:142,(anonymous_12)
FN:148,(anonymous_13)
FN:158,(anonymous_14)
FN:164,(anonymous_15)
FN:176,(anonymous_16)
FN:180,(anonymous_17)
FN:200,(anonymous_18)
FN:237,(anonymous_19)
FN:258,(anonymous_20)
FN:279,(anonymous_21)
FN:294,(anonymous_22)
FN:315,(anonymous_23)
FNF:24
FNH:20
FNDA:194,(anonymous_0)
FNDA:82,(anonymous_1)
FNDA:76,(anonymous_2)
FNDA:73,(anonymous_3)
FNDA:3,(anonymous_4)
FNDA:2,(anonymous_5)
FNDA:2,(anonymous_6)
FNDA:97,Menu
FNDA:19,(anonymous_8)
FNDA:20,(anonymous_9)
FNDA:23,(anonymous_10)
FNDA:20,(anonymous_11)
FNDA:42,(anonymous_12)
FNDA:3,(anonymous_13)
FNDA:0,(anonymous_14)
FNDA:0,(anonymous_15)
FNDA:1,(anonymous_16)
FNDA:1,(anonymous_17)
FNDA:0,(anonymous_18)
FNDA:194,(anonymous_19)
FNDA:354,(anonymous_20)
FNDA:3,(anonymous_21)
FNDA:0,(anonymous_22)
FNDA:1,(anonymous_23)
DA:31,194
DA:41,11
DA:42,82
DA:43,82
DA:44,82
DA:45,82
DA:46,82
DA:64,76
DA:67,73
DA:72,11
DA:73,3
DA:74,3
DA:75,3
DA:76,3
DA:77,3
DA:85,2
DA:88,2
DA:99,97
DA:104,97
DA:107,97
DA:109,97
DA:110,97
DA:112,97
DA:114,97
DA:115,19
DA:119,97
DA:120,97
DA:122,97
DA:123,20
DA:126,97
DA:128,23
DA:129,3
DA:131,20
DA:135,97
DA:137,20
DA:138,1
DA:142,97
DA:144,42
DA:145,42
DA:148,97
DA:150,3
DA:151,1
DA:153,2
DA:158,97
DA:159,0
DA:160,0
DA:164,97
DA:165,0
DA:166,0
DA:169,97
DA:170,97
DA:173,97
DA:174,97
DA:176,97
DA:177,1
DA:180,97
DA:181,1
DA:184,97
DA:201,0
DA:202,0
DA:203,0
DA:204,0
DA:207,0
DA:209,0
DA:238,194
DA:239,194
DA:240,194
DA:241,194
DA:259,354
DA:260,354
DA:261,59
DA:264,295
DA:265,295
DA:266,295
DA:267,295
DA:271,0
DA:273,295
DA:279,3
DA:294,0
DA:315,1
LF:80
LH:68
BRDA:32,0,0,0
BRDA:32,0,1,194
BRDA:44,1,0,82
BRDA:44,1,1,0
BRDA:45,2,0,82
BRDA:45,2,1,0
BRDA:75,3,0,3
BRDA:75,3,1,0
BRDA:76,4,0,3
BRDA:76,4,1,0
BRDA:119,5,0,97
BRDA:119,5,1,95
BRDA:120,6,0,13
BRDA:120,6,1,84
BRDA:123,7,0,2
BRDA:123,7,1,18
BRDA:128,8,0,3
BRDA:128,8,1,20
BRDA:137,9,0,1
BRDA:137,9,1,19
BRDA:150,10,0,1
BRDA:150,10,1,2
BRDA:192,11,0,0
BRDA:192,11,1,97
BRDA:199,12,0,97
BRDA:199,12,1,0
BRDA:202,13,0,0
BRDA:202,13,1,0
BRDA:203,14,0,0
BRDA:203,14,1,0
BRDA:204,15,0,0
BRDA:204,15,1,0
BRDA:205,16,0,0
BRDA:205,16,1,0
BRDA:238,17,0,97
BRDA:238,17,1,97
BRDA:239,18,0,97
BRDA:239,18,1,97
BRDA:240,19,0,97
BRDA:240,19,1,97
BRDA:247,20,0,118
BRDA:247,20,1,76
BRDA:260,21,0,59
BRDA:260,21,1,295
BRDA:264,22,0,295
BRDA:264,22,1,0
BRDA:266,23,0,295
BRDA:266,23,1,0
BRDA:285,24,0,2
BRDA:285,24,1,293
BRF:50
BRH:33
end_of_record
TN:
SF:src/components/Homepage/Tools.jsx
FN:16,(anonymous_0)
FN:31,(anonymous_1)
FN:46,(anonymous_2)
FN:61,Tools
FN:65,(anonymous_4)
FN:86,(anonymous_5)
FN:115,(anonymous_6)
FNF:7
FNH:7
FNDA:97,(anonymous_0)
FNDA:97,(anonymous_1)
FNDA:97,(anonymous_2)
FNDA:97,Tools
FNDA:3,(anonymous_4)
FNDA:1,(anonymous_5)
FNDA:1,(anonymous_6)
DA:16,97
DA:31,97
DA:46,97
DA:63,97
DA:65,97
DA:66,3
DA:67,3
DA:70,97
DA:86,1
DA:115,1
LF:10
LH:10
BRDA:89,0,0,94
BRDA:89,0,1,3
BRF:2
BRH:2
end_of_record
TN:
SF:src/components/Homepage/AddRecipe/AddMealDialog.jsx
FN:40,AddMealDialog
FN:83,nameArray
FN:88,(anonymous_2)
FN:108,(anonymous_3)
FN:149,(anonymous_4)
FN:154,(anonymous_5)
FN:159,(anonymous_6)
FN:164,(anonymous_7)
FN:166,(anonymous_8)
FN:175,readFileDataAsBase64
FN:178,(anonymous_10)
FN:181,(anonymous_11)
FN:185,(anonymous_12)
FN:190,(anonymous_13)
FN:194,(anonymous_14)
FN:200,(anonymous_15)
FN:205,(anonymous_16)
FN:220,formatIngredients
FN:222,(anonymous_18)
FN:239,recipeIsCorrect
FN:243,(anonymous_20)
FN:336,(anonymous_21)
FN:338,(anonymous_22)
FN:423,(anonymous_23)
FN:439,(anonymous_24)
FN:455,(anonymous_25)
FN:480,(anonymous_26)
FN:504,(anonymous_27)
FNF:28
FNH:25
FNDA:123,AddMealDialog
FNDA:7,nameArray
FNDA:1,(anonymous_2)
FNDA:13,(anonymous_3)
FNDA:1,(anonymous_4)
FNDA:1,(anonymous_5)
FNDA:1,(anonymous_6)
FNDA:1,(anonymous_7)
FNDA:1,(anonymous_8)
FNDA:1,readFileDataAsBase64
FNDA:1,(anonymous_10)
FNDA:0,(anonymous_11)
FNDA:0,(anonymous_12)
FNDA:0,(anonymous_13)
FNDA:1,(anonymous_14)
FNDA:1,(anonymous_15)
FNDA:1,(anonymous_16)
FNDA:2,formatIngredients
FNDA:1,(anonymous_18)
FNDA:2,recipeIsCorrect
FNDA:2,(anonymous_20)
FNDA:15,(anonymous_21)
FNDA:492,(anonymous_22)
FNDA:3,(anonymous_23)
FNDA:6,(anonymous_24)
FNDA:1407,(anonymous_25)
FNDA:13,(anonymous_26)
FNDA:1,(anonymous_27)
DA:42,123
DA:43,123
DA:46,123
DA:50,123
DA:55,123
DA:56,123
DA:57,123
DA:58,123
DA:59,123
DA:60,123
DA:61,123
DA:63,123
DA:64,123
DA:67,123
DA:69,123
DA:71,123
DA:72,123
DA:73,123
DA:84,7
DA:88,123
DA:90,1
DA:91,1
DA:92,1
DA:93,1
DA:94,1
DA:95,1
DA:96,1
DA:97,1
DA:98,1
DA:99,1
DA:100,1
DA:101,1
DA:102,1
DA:104,1
DA:108,123
DA:109,13
DA:111,13
DA:112,5
DA:113,8
DA:115,4
DA:116,4
DA:117,4
DA:119,1
DA:120,1
DA:121,1
DA:122,3
DA:124,1
DA:125,1
DA:126,1
DA:127,1
DA:130,2
DA:136,2
DA:138,2
DA:139,2
DA:140,2
DA:141,2
DA:142,2
DA:143,2
DA:144,2
DA:149,123
DA:150,1
DA:154,123
DA:155,1
DA:156,1
DA:159,123
DA:160,1
DA:164,123
DA:165,1
DA:166,1
DA:167,1
DA:176,1
DA:178,1
DA:179,1
DA:181,1
DA:182,0
DA:185,1
DA:186,0
DA:189,1
DA:190,0
DA:194,123
DA:195,1
DA:196,1
DA:197,1
DA:200,123
DA:201,1
DA:202,1
DA:205,123
DA:208,1
DA:209,1
DA:221,2
DA:222,2
DA:224,1
DA:225,0
DA:227,1
DA:229,1
DA:231,2
DA:240,2
DA:243,123
DA:245,2
DA:254,2
DA:256,1
DA:257,1
DA:258,1
DA:261,1
DA:271,1
DA:272,1
DA:273,1
DA:274,1
DA:275,1
DA:276,1
DA:277,1
DA:278,1
DA:279,1
DA:280,1
DA:281,1
DA:282,1
DA:283,1
DA:285,1
DA:286,1
DA:287,1
DA:289,1
DA:294,123
DA:336,15
DA:339,492
DA:423,3
DA:439,6
DA:456,1407
DA:481,13
DA:504,1
LF:129
LH:125
BRDA:111,0,0,5
BRDA:111,0,1,8
BRDA:113,1,0,4
BRDA:113,1,1,4
BRDA:117,2,0,1
BRDA:117,2,1,3
BRDA:117,3,0,4
BRDA:117,3,1,4
BRDA:122,4,0,1
BRDA:122,4,1,2
BRDA:211,5,0,0
BRDA:211,5,1,1
BRDA:224,6,0,0
BRDA:224,6,1,1
BRDA:240,7,0,2
BRDA:240,7,1,2
BRDA:247,8,0,2
BRDA:247,8,1,0
BRDA:248,9,0,2
BRDA:248,9,1,0
BRDA:249,10,0,0
BRDA:249,10,1,2
BRDA:250,11,0,0
BRDA:250,11,1,2
BRDA:251,12,0,0
BRDA:251,12,1,2
BRDA:254,13,0,1
BRDA:254,13,1,1
BRDA:258,14,0,1
BRDA:258,14,1,0
BRDA:420,15,0,123
BRDA:420,15,1,113
BRDA:421,16,0,6
BRDA:421,16,1,117
BRDA:455,17,0,96
BRDA:455,17,1,27
BRF:36
BRH:28
end_of_record
TN:
SF:src/components/Homepage/Filter/Filter.jsx
FN:23,(anonymous_0)
FN:52,Filter
FN:56,(anonymous_2)
FN:71,(anonymous_3)
FN:73,(anonymous_4)
FN:77,(anonymous_5)
FN:79,(anonymous_6)
FN:86,(anonymous_7)
FN:87,(anonymous_8)
FN:92,(anonymous_9)
FNF:10
FNH:9
FNDA:1,(anonymous_0)
FNDA:97,Filter
FNDA:1,(anonymous_2)
FNDA:232,(anonymous_3)
FNDA:78,(anonymous_4)
FNDA:0,(anonymous_5)
FNDA:97,(anonymous_6)
FNDA:232,(anonymous_7)
FNDA:71,(anonymous_8)
FNDA:1,(anonymous_9)
DA:11,11
DA:12,11
DA:13,11
DA:23,11
DA:24,1
DA:25,1
DA:26,1
DA:27,1
DA:29,1
DA:35,1
DA:54,97
DA:56,97
DA:58,1
DA:59,1
DA:60,1
DA:63,97
DA:71,232
DA:74,78
DA:77,0
DA:80,97
DA:86,232
DA:88,71
DA:92,1
LF:23
LH:22
BRDA:26,0,0,1
BRDA:26,0,1,0
BRDA:27,1,0,1
BRDA:27,1,1,0
BRF:4
BRH:2
end_of_record
TN:
SF:src/components/Homepage/Filter/Tags.jsx
FN:21,(anonymous_0)
FN:49,Toggles
FN:60,(anonymous_2)
FN:75,(anonymous_3)
FN:85,(anonymous_4)
FN:102,Tags
FN:108,(anonymous_6)
FN:108,(anonymous_7)
FN:112,(anonymous_8)
FN:124,(anonymous_9)
FN:135,(anonymous_10)
FN:173,(anonymous_11)
FN:179,(anonymous_12)
FNF:13
FNH:13
FNDA:10,(anonymous_0)
FNDA:12,Toggles
FNDA:2,(anonymous_2)
FNDA:1,(anonymous_3)
FNDA:1,(anonymous_4)
FNDA:97,Tags
FNDA:291,(anonymous_6)
FNDA:1,(anonymous_7)
FNDA:2,(anonymous_8)
FNDA:97,(anonymous_9)
FNDA:232,(anonymous_10)
FNDA:1,(anonymous_11)
FNDA:1,(anonymous_12)
DA:21,11
DA:22,10
DA:23,10
DA:24,10
DA:25,10
DA:27,10
DA:33,10
DA:51,12
DA:54,12
DA:55,12
DA:60,12
DA:62,2
DA:63,2
DA:64,2
DA:67,12
DA:75,1
DA:85,1
DA:105,97
DA:108,291
DA:109,1
DA:112,97
DA:114,2
DA:115,2
DA:116,8
DA:117,8
DA:119,2
DA:120,2
DA:124,97
DA:125,97
DA:136,232
DA:160,97
DA:173,1
DA:179,1
LF:33
LH:33
BRDA:24,0,0,10
BRDA:24,0,1,0
BRDA:25,1,0,10
BRDA:25,1,1,0
BRDA:78,2,0,9
BRDA:78,2,1,3
BRDA:88,3,0,9
BRDA:88,3,1,3
BRF:8
BRH:6
end_of_record
TN:
SF:src/components/LandingPage/HeaderBar.jsx
FN:10,HeaderBar
FNF:1
FNH:1
FNDA:12,HeaderBar
DA:11,12
LF:1
LH:1
BRF:0
BRH:0
end_of_record
TN:
SF:src/components/LandingPage/HeaderButtons.jsx
FN:12,HeaderButtons
FNF:1
FNH:1
FNDA:12,HeaderButtons
DA:13,12
LF:1
LH:1
BRF:0
BRH:0
end_of_record
TN:
SF:src/components/LandingPage/LandingPage.jsx
FN:13,LandingPage
FNF:1
FNH:1
FNDA:12,LandingPage
DA:14,12
LF:1
LH:1
BRF:0
BRH:0
end_of_record
TN:
SF:src/components/LandingPage/ScreenshotCard.jsx
FN:14,MediaCard
FNF:1
FNH:1
FNDA:12,MediaCard
DA:15,12
LF:1
LH:1
BRF:0
BRH:0
end_of_record
TN:
SF:src/components/LandingPage/ScreenshotCard2.jsx
FN:13,MediaCard
FNF:1
FNH:1
FNDA:12,MediaCard
DA:14,12
LF:1
LH:1
BRF:0
BRH:0
end_of_record
TN:
SF:src/components/Login_Registration/Login.jsx
FN:20,Login
FN:28,(anonymous_1)
FN:35,(anonymous_2)
FN:44,(anonymous_3)
FN:50,(anonymous_4)
FN:54,(anonymous_5)
FN:59,(anonymous_6)
FNF:7
FNH:7
FNDA:12,Login
FNDA:22,(anonymous_1)
FNDA:11,(anonymous_2)
FNDA:11,(anonymous_3)
FNDA:10,(anonymous_4)
FNDA:1,(anonymous_5)
FNDA:12,(anonymous_6)
DA:21,12
DA:23,12
DA:25,12
DA:26,12
DA:28,12
DA:29,22
DA:30,22
DA:31,22
DA:32,22
DA:35,12
DA:36,11
DA:37,11
DA:45,11
DA:46,1
DA:48,10
DA:51,10
DA:52,10
DA:53,10
DA:55,1
DA:59,12
DA:60,12
DA:61,0
DA:64,12
LF:23
LH:22
BRDA:45,0,0,1
BRDA:45,0,1,10
BRDA:60,1,0,0
BRDA:60,1,1,12
BRDA:119,2,0,0
BRDA:119,2,1,12
BRF:6
BRH:4
end_of_record
TN:
SF:src/components/Login_Registration/Registration.jsx
FN:14,(anonymous_0)
FN:22,(anonymous_1)
FN:31,SignUp
FN:39,(anonymous_3)
FN:48,(anonymous_4)
FN:61,(anonymous_5)
FN:67,(anonymous_6)
FN:69,(anonymous_7)
FNF:8
FNH:8
FNDA:10,(anonymous_0)
FNDA:4,(anonymous_1)
FNDA:5,SignUp
FNDA:10,(anonymous_3)
FNDA:2,(anonymous_4)
FNDA:2,(anonymous_5)
FNDA:1,(anonymous_6)
FNDA:1,(anonymous_7)
DA:14,11
DA:15,10
DA:16,10
DA:17,6
DA:19,4
DA:22,11
DA:23,4
DA:24,4
DA:32,5
DA:33,5
DA:34,5
DA:35,5
DA:39,5
DA:40,10
DA:41,10
DA:42,10
DA:43,10
DA:46,10
DA:48,5
DA:49,2
DA:50,2
DA:51,2
DA:52,2
DA:53,2
DA:54,2
DA:62,2
DA:63,1
DA:65,1
DA:68,1
DA:70,1
DA:73,5
LF:31
LH:31
BRDA:16,0,0,6
BRDA:16,0,1,4
BRDA:43,1,0,10
BRDA:43,1,1,6
BRDA:43,1,2,4
BRDA:62,2,0,1
BRDA:62,2,1,1
BRDA:157,3,0,1
BRDA:157,3,1,4
BRF:9
BRH:9
end_of_record
TN:
SF:src/components/Sidebar/DrawerContent.jsx
FN:25,DrawerContent
FN:30,(anonymous_1)
FN:34,(anonymous_2)
FN:39,(anonymous_3)
FN:49,(anonymous_4)
FN:62,(anonymous_5)
FN:84,(anonymous_6)
FNF:7
FNH:5
FNDA:59,DrawerContent
FNDA:1,(anonymous_1)
FNDA:0,(anonymous_2)
FNDA:1,(anonymous_3)
FNDA:177,(anonymous_4)
FNDA:0,(anonymous_5)
FNDA:118,(anonymous_6)
DA:27,59
DA:28,59
DA:29,59
DA:30,59
DA:31,1
DA:32,1
DA:34,59
DA:35,0
DA:36,0
DA:39,59
DA:40,1
DA:43,59
DA:44,59
DA:46,59
DA:50,177
DA:62,0
DA:85,118
LF:17
LH:14
BRDA:35,0,0,0
BRDA:35,0,1,0
BRDA:59,1,0,3
BRDA:59,1,1,174
BRDA:67,2,0,3
BRDA:67,2,1,174
BRDA:74,3,0,3
BRDA:74,3,1,174
BRDA:90,4,0,59
BRDA:90,4,1,59
BRDA:95,5,0,2
BRDA:95,5,1,116
BRDA:102,6,0,2
BRDA:102,6,1,116
BRDA:106,7,0,59
BRDA:106,7,1,59
BRDA:109,8,0,2
BRDA:109,8,1,116
BRF:18
BRH:16
end_of_record
TN:
SF:src/components/Sidebar/Settings.jsx
FN:20,Settings
FN:35,(anonymous_1)
FN:40,(anonymous_2)
FN:61,(anonymous_3)
FN:67,(anonymous_4)
FNF:5
FNH:5
FNDA:33,Settings
FNDA:1,(anonymous_1)
FNDA:1,(anonymous_2)
FNDA:99,(anonymous_3)
FNDA:1,(anonymous_4)
DA:21,33
DA:24,33
DA:27,33
DA:32,33
DA:33,33
DA:35,33
DA:36,1
DA:40,33
DA:41,1
DA:42,1
DA:45,33
DA:62,99
DA:67,1
LF:13
LH:13
BRF:0
BRH:0
end_of_record
TN:
SF:src/components/Sidebar/SideBar.jsx
FN:20,(anonymous_0)
FN:29,(anonymous_1)
FN:42,(anonymous_2)
FN:52,(anonymous_3)
FN:53,(anonymous_4)
FN:76,TheDrawer
FN:81,(anonymous_6)
FNF:7
FNH:7
FNDA:2,(anonymous_0)
FNDA:62,(anonymous_1)
FNDA:32,(anonymous_2)
FNDA:171,(anonymous_3)
FNDA:32,(anonymous_4)
FNDA:32,TheDrawer
FNDA:1,(anonymous_6)
DA:17,11
DA:18,11
DA:20,11
DA:29,62
DA:42,32
DA:51,11
DA:52,171
DA:53,32
DA:77,32
DA:78,32
DA:79,32
DA:81,32
DA:82,1
DA:85,32
LF:14
LH:14
BRDA:59,0,0,32
BRDA:59,0,1,1
BRDA:63,1,0,32
BRDA:63,1,1,31
BRDA:99,2,0,5
BRDA:99,2,1,27
BRDA:99,3,0,32
BRDA:99,3,1,31
BRDA:106,4,0,1
BRDA:106,4,1,31
BRF:10
BRH:10
end_of_record
TN:
SF:src/components/ViewPlans/ViewPlans.jsx
FN:31,(anonymous_0)
FN:46,(anonymous_1)
FN:61,(anonymous_2)
FN:73,(anonymous_3)
FN:95,(anonymous_4)
FN:102,(anonymous_5)
FN:108,(anonymous_6)
FN:132,(anonymous_7)
FN:220,TablePaginationActions
FN:224,(anonymous_9)
FN:229,(anonymous_10)
FN:234,(anonymous_11)
FN:239,(anonymous_12)
FN:293,ViewMeals
FN:309,(anonymous_14)
FN:318,(anonymous_15)
FN:324,(anonymous_16)
FN:328,(anonymous_17)
FN:339,(anonymous_18)
FN:345,(anonymous_19)
FN:350,(anonymous_20)
FN:355,(anonymous_21)
FN:432,(anonymous_22)
FN:464,(anonymous_23)
FN:482,(anonymous_24)
FN:530,(anonymous_25)
FN:547,(anonymous_26)
FNF:27
FNH:11
FNDA:15,(anonymous_0)
FNDA:15,(anonymous_1)
FNDA:15,(anonymous_2)
FNDA:15,(anonymous_3)
FNDA:0,(anonymous_4)
FNDA:0,(anonymous_5)
FNDA:0,(anonymous_6)
FNDA:0,(anonymous_7)
FNDA:15,TablePaginationActions
FNDA:0,(anonymous_9)
FNDA:0,(anonymous_10)
FNDA:0,(anonymous_11)
FNDA:0,(anonymous_12)
FNDA:21,ViewMeals
FNDA:15,(anonymous_14)
FNDA:1,(anonymous_15)
FNDA:1,(anonymous_16)
FNDA:7,(anonymous_17)
FNDA:0,(anonymous_18)
FNDA:0,(anonymous_19)
FNDA:6,(anonymous_20)
FNDA:0,(anonymous_21)
FNDA:0,(anonymous_22)
FNDA:0,(anonymous_23)
FNDA:0,(anonymous_24)
FNDA:0,(anonymous_25)
FNDA:0,(anonymous_26)
DA:31,15
DA:46,15
DA:61,15
DA:73,11
DA:74,15
DA:75,15
DA:76,15
DA:77,15
DA:79,15
DA:80,15
DA:81,8
DA:84,15
DA:85,1
DA:88,15
DA:96,0
DA:98,0
DA:100,0
DA:103,0
DA:108,11
DA:109,0
DA:110,0
DA:113,0
DA:116,0
DA:117,0
DA:119,0
DA:121,0
DA:123,0
DA:124,0
DA:128,0
DA:132,11
DA:133,0
DA:134,0
DA:135,0
DA:136,0
DA:139,0
DA:140,0
DA:141,0
DA:143,0
DA:144,0
DA:146,0
DA:150,0
DA:151,0
DA:153,0
DA:154,0
DA:156,0
DA:160,0
DA:162,0
DA:163,0
DA:166,0
DA:172,0
DA:174,0
DA:179,0
DA:184,0
DA:185,0
DA:186,0
DA:187,0
DA:188,0
DA:190,0
DA:191,0
DA:193,0
DA:195,0
DA:202,0
DA:221,15
DA:222,15
DA:224,15
DA:226,0
DA:229,15
DA:231,0
DA:234,15
DA:236,0
DA:239,15
DA:241,0
DA:244,15
DA:294,21
DA:295,21
DA:296,21
DA:298,21
DA:300,21
DA:302,21
DA:304,21
DA:307,21
DA:309,21
DA:314,15
DA:318,21
DA:319,1
DA:320,1
DA:324,21
DA:325,1
DA:328,21
DA:332,7
DA:334,7
DA:339,21
DA:340,0
DA:341,0
DA:345,21
DA:346,0
DA:350,21
DA:351,6
DA:355,21
DA:356,0
DA:357,0
DA:358,0
DA:361,21
DA:433,0
DA:435,0
DA:436,0
DA:437,0
DA:439,0
DA:440,0
DA:442,0
DA:464,0
DA:483,0
DA:484,0
DA:487,0
DA:530,0
DA:548,0
DA:549,0
DA:552,0
LF:118
LH:47
BRDA:76,0,0,15
BRDA:76,0,1,0
BRDA:77,1,0,15
BRDA:77,1,1,0
BRDA:80,2,0,8
BRDA:80,2,1,7
BRDA:84,3,0,1
BRDA:84,3,1,14
BRDA:96,4,0,0
BRDA:96,4,1,0
BRDA:110,5,0,0
BRDA:110,5,1,0
BRDA:117,6,0,0
BRDA:117,6,1,0
BRDA:123,7,0,0
BRDA:123,7,1,0
BRDA:135,8,0,0
BRDA:135,8,1,0
BRDA:136,9,0,0
BRDA:136,9,1,0
BRDA:140,10,0,0
BRDA:140,10,1,0
BRDA:143,11,0,0
BRDA:143,11,1,0
BRDA:154,12,0,0
BRDA:154,12,1,0
BRDA:187,13,0,0
BRDA:187,13,1,0
BRDA:190,14,0,0
BRDA:190,14,1,0
BRDA:253,15,0,0
BRDA:253,15,1,15
BRDA:262,16,0,0
BRDA:262,16,1,15
BRDA:271,17,0,0
BRDA:271,17,1,15
BRDA:281,18,0,0
BRDA:281,18,1,15
BRDA:332,19,0,7
BRDA:332,19,1,0
BRDA:332,20,0,7
BRDA:332,20,1,7
BRDA:333,21,0,0
BRDA:333,21,1,7
BRDA:373,22,0,0
BRDA:373,22,1,21
BRDA:401,23,0,20
BRDA:401,23,1,1
BRDA:430,24,0,21
BRDA:430,24,1,21
BRDA:436,25,0,0
BRDA:436,25,1,0
BRDA:439,26,0,0
BRDA:439,26,1,0
BRDA:439,27,0,0
BRDA:439,27,1,0
BRDA:461,28,0,0
BRDA:461,28,1,0
BRDA:461,28,2,0
BRDA:475,29,0,0
BRDA:475,29,1,0
BRDA:483,30,0,0
BRDA:483,30,1,0
BRDA:510,31,0,0
BRDA:510,31,1,0
BRDA:510,32,0,0
BRDA:510,32,1,0
BRDA:514,33,0,0
BRDA:514,33,1,0
BRDA:521,34,0,0
BRDA:521,34,1,0
BRDA:521,35,0,0
BRDA:521,35,1,0
BRDA:527,36,0,0
BRDA:527,36,1,0
BRDA:527,36,2,0
BRDA:539,37,0,0
BRDA:539,37,1,0
BRDA:539,38,0,0
BRDA:539,38,1,0
BRDA:546,39,0,0
BRDA:546,39,1,0
BRDA:548,40,0,0
BRDA:548,40,1,0
BRDA:587,41,0,0
BRDA:587,41,1,21
BRDA:589,42,0,21
BRDA:589,42,1,0
BRDA:589,43,0,21
BRDA:589,43,1,21
BRDA:590,44,0,0
BRDA:590,44,1,21
BRF:92
BRH:24
end_of_record
