TN:
SF:src/App.js
FN:16,App
FN:41,(anonymous_1)
FNF:2
FNH:2
FNDA:6,App
FNDA:5,(anonymous_1)
DA:18,6
DA:41,3
DA:42,5
DA:43,5
DA:44,0
DA:46,5
LF:6
LH:5
BRDA:43,0,0,0
BRDA:43,0,1,5
BRF:2
BRH:1
end_of_record
TN:
SF:src/components/MealContextProvider.jsx
FN:8,(anonymous_0)
FN:27,(anonymous_1)
FN:30,(anonymous_2)
FN:81,(anonymous_3)
FN:106,(anonymous_4)
FN:123,(anonymous_5)
FN:145,useMeals
FNF:7
FNH:7
FNDA:9,(anonymous_0)
FNDA:9,(anonymous_1)
FNDA:9,(anonymous_2)
FNDA:23,(anonymous_3)
FNDA:9,(anonymous_4)
FNDA:6,(anonymous_5)
FNDA:52,useMeals
DA:5,3
DA:8,3
DA:9,9
DA:10,9
DA:11,9
DA:14,9
DA:15,9
DA:16,9
DA:17,9
DA:18,9
DA:19,9
DA:28,9
DA:31,9
DA:36,3
DA:81,3
DA:83,23
DA:84,23
DA:85,23
DA:86,23
DA:87,23
DA:88,23
DA:89,23
DA:95,23
DA:98,23
DA:99,23
DA:100,23
DA:101,15
DA:102,15
DA:104,23
DA:106,23
DA:108,9
DA:111,23
DA:112,23
DA:113,23
DA:114,23
DA:123,23
DA:124,6
DA:127,23
DA:146,52
LF:39
LH:39
BRDA:11,0,0,5
BRDA:11,0,1,4
BRDA:100,1,0,15
BRDA:100,1,1,8
BRDA:102,2,0,15
BRDA:102,2,1,0
BRF:6
BRH:5
end_of_record
TN:
SF:src/components/parser.jsx
FN:6,parsePlanData
FNF:1
FNH:1
FNDA:9,parsePlanData
DA:7,9
DA:8,9
DA:9,9
DA:10,9
DA:12,9
DA:25,9
DA:35,9
DA:37,9
DA:38,63
DA:40,63
DA:42,63
DA:44,0
DA:45,0
DA:46,0
DA:49,0
DA:52,0
DA:58,63
DA:62,63
DA:65,9
LF:19
LH:14
BRDA:42,0,0,0
BRDA:42,0,1,63
BRDA:46,1,0,0
BRDA:46,1,1,0
BRF:4
BRH:1
end_of_record
TN:
SF:src/components/CheckList/Checkbox.jsx
FN:15,(anonymous_0)
FN:22,(anonymous_1)
FN:25,(anonymous_2)
FN:30,(anonymous_3)
FN:31,(anonymous_4)
FN:48,(anonymous_5)
FN:53,(anonymous_6)
FN:55,(anonymous_7)
FN:56,(anonymous_8)
FN:72,IndeterminateCheckbox
FN:81,(anonymous_10)
FN:82,(anonymous_11)
FN:86,(anonymous_12)
FN:87,(anonymous_13)
FN:92,(anonymous_14)
FN:106,(anonymous_15)
FN:120,(anonymous_16)
FN:132,(anonymous_17)
FN:138,(anonymous_18)
FN:143,(anonymous_19)
FN:164,(anonymous_20)
FN:170,(anonymous_21)
FNF:22
FNH:0
FNDA:0,(anonymous_0)
FNDA:0,(anonymous_1)
FNDA:0,(anonymous_2)
FNDA:0,(anonymous_3)
FNDA:0,(anonymous_4)
FNDA:0,(anonymous_5)
FNDA:0,(anonymous_6)
FNDA:0,(anonymous_7)
FNDA:0,(anonymous_8)
FNDA:0,IndeterminateCheckbox
FNDA:0,(anonymous_10)
FNDA:0,(anonymous_11)
FNDA:0,(anonymous_12)
FNDA:0,(anonymous_13)
FNDA:0,(anonymous_14)
FNDA:0,(anonymous_15)
FNDA:0,(anonymous_16)
FNDA:0,(anonymous_17)
FNDA:0,(anonymous_18)
FNDA:0,(anonymous_19)
FNDA:0,(anonymous_20)
FNDA:0,(anonymous_21)
DA:15,3
DA:16,0
DA:23,0
DA:26,0
DA:27,0
DA:28,0
DA:29,0
DA:30,0
DA:32,0
DA:38,0
DA:39,0
DA:41,0
DA:48,3
DA:49,0
DA:50,0
DA:51,0
DA:53,0
DA:56,0
DA:57,0
DA:60,0
DA:65,0
DA:78,0
DA:80,0
DA:81,0
DA:82,0
DA:83,0
DA:86,0
DA:87,0
DA:88,0
DA:92,0
DA:93,0
DA:94,0
DA:96,0
DA:97,0
DA:99,0
DA:101,0
DA:103,0
DA:106,0
DA:107,0
DA:108,0
DA:109,0
DA:115,0
DA:116,0
DA:120,0
DA:121,0
DA:122,0
DA:123,0
DA:124,0
DA:125,0
DA:127,0
DA:128,0
DA:130,0
DA:132,0
DA:133,0
DA:134,0
DA:135,0
DA:138,0
DA:139,0
DA:141,0
DA:145,0
DA:164,0
DA:172,0
LF:62
LH:2
BRDA:27,0,0,0
BRDA:27,0,1,0
BRDA:38,1,0,0
BRDA:38,1,1,0
BRDA:57,2,0,0
BRDA:57,2,1,0
BRDA:57,3,0,0
BRDA:57,3,1,0
BRDA:94,4,0,0
BRDA:94,4,1,0
BRDA:123,5,0,0
BRDA:123,5,1,0
BRDA:155,6,0,0
BRDA:155,6,1,0
BRDA:157,7,0,0
BRDA:157,7,1,0
BRDA:158,8,0,0
BRDA:158,8,1,0
BRDA:165,9,0,0
BRDA:165,9,1,0
BRDA:169,10,0,0
BRDA:169,10,1,0
BRDA:172,11,0,0
BRDA:172,11,1,0
BRF:24
BRH:0
end_of_record
TN:
SF:src/components/CheckList/DisplayElement.jsx
FN:19,(anonymous_0)
FN:24,(anonymous_1)
FN:43,(anonymous_2)
FN:48,(anonymous_3)
FN:59,DisplayElement
FN:69,(anonymous_5)
FN:75,(anonymous_6)
FN:79,(anonymous_7)
FN:90,(anonymous_8)
FN:157,(anonymous_9)
FN:183,(anonymous_10)
FN:195,(anonymous_11)
FN:206,(anonymous_12)
FN:207,(anonymous_13)
FN:210,(anonymous_14)
FN:211,(anonymous_15)
FN:316,(anonymous_16)
FN:317,(anonymous_17)
FN:324,(anonymous_18)
FN:330,(anonymous_19)
FN:335,(anonymous_20)
FNF:21
FNH:0
FNDA:0,(anonymous_0)
FNDA:0,(anonymous_1)
FNDA:0,(anonymous_2)
FNDA:0,(anonymous_3)
FNDA:0,DisplayElement
FNDA:0,(anonymous_5)
FNDA:0,(anonymous_6)
FNDA:0,(anonymous_7)
FNDA:0,(anonymous_8)
FNDA:0,(anonymous_9)
FNDA:0,(anonymous_10)
FNDA:0,(anonymous_11)
FNDA:0,(anonymous_12)
FNDA:0,(anonymous_13)
FNDA:0,(anonymous_14)
FNDA:0,(anonymous_15)
FNDA:0,(anonymous_16)
FNDA:0,(anonymous_17)
FNDA:0,(anonymous_18)
FNDA:0,(anonymous_19)
FNDA:0,(anonymous_20)
DA:19,3
DA:20,0
DA:21,0
DA:22,0
DA:23,0
DA:24,0
DA:25,0
DA:26,0
DA:27,0
DA:28,0
DA:29,0
DA:31,0
DA:32,0
DA:33,0
DA:34,0
DA:35,0
DA:44,0
DA:45,0
DA:47,0
DA:49,0
DA:63,0
DA:64,0
DA:65,0
DA:66,0
DA:67,0
DA:69,0
DA:70,0
DA:71,0
DA:72,0
DA:75,0
DA:76,0
DA:79,0
DA:80,0
DA:86,0
DA:87,0
DA:90,0
DA:92,0
DA:93,0
DA:95,0
DA:96,0
DA:97,0
DA:98,0
DA:100,0
DA:101,0
DA:104,0
DA:105,0
DA:106,0
DA:108,0
DA:110,0
DA:111,0
DA:113,0
DA:116,0
DA:117,0
DA:118,0
DA:120,0
DA:122,0
DA:123,0
DA:124,0
DA:128,0
DA:131,0
DA:132,0
DA:135,0
DA:136,0
DA:140,0
DA:143,0
DA:145,0
DA:148,0
DA:149,0
DA:150,0
DA:151,0
DA:152,0
DA:153,0
DA:157,0
DA:159,0
DA:160,0
DA:161,0
DA:162,0
DA:163,0
DA:164,0
DA:165,0
DA:167,0
DA:170,0
DA:173,0
DA:174,0
DA:175,0
DA:177,0
DA:180,0
DA:183,0
DA:184,0
DA:185,0
DA:187,0
DA:189,0
DA:190,0
DA:191,0
DA:195,0
DA:196,0
DA:197,0
DA:198,0
DA:199,0
DA:200,0
DA:202,0
DA:206,0
DA:207,0
DA:210,0
DA:211,0
DA:213,0
DA:222,0
DA:227,0
DA:316,0
DA:318,0
DA:324,0
DA:331,0
DA:335,0
LF:113
LH:1
BRDA:33,0,0,0
BRDA:33,0,1,0
BRDA:44,1,0,0
BRDA:44,1,1,0
BRDA:104,2,0,0
BRDA:104,2,1,0
BRDA:105,3,0,0
BRDA:105,3,1,0
BRDA:116,4,0,0
BRDA:116,4,1,0
BRDA:131,5,0,0
BRDA:131,5,1,0
BRDA:135,6,0,0
BRDA:135,6,1,0
BRDA:162,7,0,0
BRDA:162,7,1,0
BRDA:164,8,0,0
BRDA:164,8,1,0
BRDA:173,9,0,0
BRDA:173,9,1,0
BRDA:196,10,0,0
BRDA:196,10,1,0
BRDA:196,11,0,0
BRDA:196,11,1,0
BRDA:244,12,0,0
BRDA:244,12,1,0
BRDA:249,13,0,0
BRDA:249,13,1,0
BRDA:262,14,0,0
BRDA:262,14,1,0
BRDA:270,15,0,0
BRDA:270,15,1,0
BRDA:278,16,0,0
BRDA:278,16,1,0
BRDA:280,17,0,0
BRDA:280,17,1,0
BRDA:300,18,0,0
BRDA:300,18,1,0
BRDA:315,19,0,0
BRDA:315,19,1,0
BRDA:325,20,0,0
BRDA:325,20,1,0
BRDA:332,21,0,0
BRDA:332,21,1,0
BRDA:347,22,0,0
BRDA:347,22,1,0
BRDA:354,23,0,0
BRDA:354,23,1,0
BRDA:361,24,0,0
BRDA:361,24,1,0
BRF:50
BRH:0
end_of_record
TN:
SF:src/components/Homepage/Calendar.jsx
FN:14,(anonymous_0)
FN:23,(anonymous_1)
FN:81,Calendar
FN:95,(anonymous_3)
FN:104,(anonymous_4)
FN:131,(anonymous_5)
FN:153,(anonymous_6)
FN:165,(anonymous_7)
FNF:8
FNH:8
FNDA:336,(anonymous_0)
FNDA:1,(anonymous_1)
FNDA:24,Calendar
FNDA:7,(anonymous_3)
FNDA:1,(anonymous_4)
FNDA:168,(anonymous_5)
FNDA:420,(anonymous_6)
FNDA:1,(anonymous_7)
DA:14,336
DA:23,3
DA:24,1
DA:25,1
DA:26,1
DA:27,1
DA:30,1
DA:33,1
DA:34,1
DA:37,1
DA:40,1
DA:46,1
DA:47,3
DA:48,3
DA:53,1
DA:57,1
DA:64,1
DA:83,24
DA:84,24
DA:92,24
DA:93,24
DA:95,24
DA:96,7
DA:97,1
DA:98,1
DA:102,24
DA:104,24
DA:106,1
DA:107,1
DA:108,1
DA:109,1
DA:111,1
DA:113,1
DA:114,1
DA:116,0
DA:121,24
DA:123,24
DA:132,168
DA:154,420
DA:155,420
DA:157,420
DA:166,1
LF:42
LH:41
BRDA:15,0,0,0
BRDA:15,0,1,336
BRDA:26,1,0,1
BRDA:26,1,1,0
BRDA:27,2,0,1
BRDA:27,2,1,0
BRDA:92,3,0,24
BRDA:92,3,1,2
BRDA:92,3,2,22
BRDA:93,4,0,24
BRDA:93,4,1,2
BRDA:93,4,2,24
BRDA:96,5,0,1
BRDA:96,5,1,6
BRDA:106,6,0,1
BRDA:106,6,1,0
BRDA:113,7,0,1
BRDA:113,7,1,0
BRDA:127,8,0,17
BRDA:127,8,1,7
BRDA:129,9,0,20
BRDA:129,9,1,4
BRDA:141,10,0,24
BRDA:141,10,1,144
BRDA:148,11,0,119
BRDA:148,11,1,49
BRDA:150,12,0,119
BRDA:150,12,1,49
BRDA:153,13,0,168
BRDA:153,13,1,140
BRDA:155,14,0,0
BRDA:155,14,1,420
BRDA:190,15,0,1
BRDA:190,15,1,419
BRF:34
BRH:28
end_of_record
TN:
SF:src/components/Homepage/Home.jsx
FN:17,(anonymous_0)
FN:40,(anonymous_1)
FN:53,(anonymous_2)
FN:56,(anonymous_3)
FN:67,Homepage
FN:88,(anonymous_5)
FN:92,(anonymous_6)
FN:102,(anonymous_7)
FN:106,(anonymous_8)
FN:114,(anonymous_9)
FN:127,(anonymous_10)
FN:163,(anonymous_11)
FNF:12
FNH:12
FNDA:2,(anonymous_0)
FNDA:5,(anonymous_1)
FNDA:5,(anonymous_2)
FNDA:5,(anonymous_3)
FNDA:23,Homepage
FNDA:5,(anonymous_5)
FNDA:20,(anonymous_6)
FNDA:5,(anonymous_7)
FNDA:3,(anonymous_8)
FNDA:3,(anonymous_9)
FNDA:2,(anonymous_10)
FNDA:2,(anonymous_11)
DA:14,3
DA:17,3
DA:18,2
DA:19,2
DA:20,2
DA:22,2
DA:28,2
DA:40,3
DA:41,5
DA:42,5
DA:43,5
DA:45,5
DA:54,5
DA:57,5
DA:68,23
DA:69,23
DA:71,23
DA:73,23
DA:75,23
DA:77,23
DA:80,23
DA:82,23
DA:84,23
DA:86,23
DA:88,23
DA:89,5
DA:92,23
DA:93,20
DA:95,5
DA:96,1
DA:97,4
DA:98,2
DA:102,23
DA:103,5
DA:106,23
DA:108,3
DA:110,0
DA:114,23
DA:116,3
DA:118,2
DA:119,2
DA:120,2
DA:121,1
DA:123,2
DA:127,23
DA:128,2
DA:129,2
DA:133,23
DA:163,2
LF:49
LH:48
BRDA:20,0,0,2
BRDA:20,0,1,0
BRDA:43,1,0,5
BRDA:43,1,1,0
BRDA:71,2,0,6
BRDA:71,2,1,17
BRDA:80,3,0,23
BRDA:80,3,1,19
BRDA:80,3,2,8
BRDA:93,4,0,15
BRDA:93,4,1,5
BRDA:93,5,0,20
BRDA:93,5,1,18
BRDA:93,5,2,6
BRDA:95,6,0,1
BRDA:95,6,1,4
BRDA:95,7,0,5
BRDA:95,7,1,3
BRDA:95,7,2,1
BRDA:97,8,0,2
BRDA:97,8,1,2
BRDA:97,9,0,4
BRDA:97,9,1,2
BRDA:103,10,0,1
BRDA:103,10,1,4
BRDA:108,11,0,0
BRDA:108,11,1,3
BRDA:108,12,0,3
BRDA:108,12,1,0
BRDA:108,12,2,0
BRDA:116,13,0,2
BRDA:116,13,1,1
BRDA:116,14,0,3
BRDA:116,14,1,3
BRDA:120,15,0,1
BRDA:120,15,1,1
BRDA:153,16,0,23
BRDA:153,16,1,8
BRDA:157,17,0,4
BRDA:157,17,1,19
BRDA:164,18,0,4
BRDA:164,18,1,19
BRF:42
BRH:37
end_of_record
TN:
SF:src/components/Homepage/Menu.jsx
FN:20,(anonymous_0)
FN:30,(anonymous_1)
FN:41,(anonymous_2)
FN:54,(anonymous_3)
FN:60,(anonymous_4)
FN:71,(anonymous_5)
FN:74,(anonymous_6)
FN:85,Menu
FN:97,(anonymous_8)
FN:104,(anonymous_9)
FN:108,(anonymous_10)
FN:115,(anonymous_11)
FN:128,(anonymous_12)
FN:132,(anonymous_13)
FN:148,(anonymous_14)
FN:168,(anonymous_15)
FN:179,(anonymous_16)
FN:219,(anonymous_17)
FNF:18
FNH:12
FNDA:48,(anonymous_0)
FNDA:5,(anonymous_1)
FNDA:5,(anonymous_2)
FNDA:5,(anonymous_3)
FNDA:0,(anonymous_4)
FNDA:0,(anonymous_5)
FNDA:0,(anonymous_6)
FNDA:24,Menu
FNDA:5,(anonymous_8)
FNDA:5,(anonymous_9)
FNDA:5,(anonymous_10)
FNDA:1,(anonymous_11)
FNDA:0,(anonymous_12)
FNDA:0,(anonymous_13)
FNDA:48,(anonymous_14)
FNDA:96,(anonymous_15)
FNDA:1,(anonymous_16)
FNDA:0,(anonymous_17)
DA:20,48
DA:30,3
DA:31,5
DA:32,5
DA:33,5
DA:34,5
DA:52,5
DA:55,5
DA:60,3
DA:61,0
DA:62,0
DA:63,0
DA:64,0
DA:72,0
DA:75,0
DA:86,24
DA:90,24
DA:93,24
DA:95,24
DA:97,24
DA:98,5
DA:101,24
DA:102,24
DA:104,24
DA:105,5
DA:108,24
DA:110,5
DA:111,0
DA:115,24
DA:117,1
DA:118,0
DA:120,1
DA:125,24
DA:126,24
DA:128,24
DA:129,0
DA:132,24
DA:133,0
DA:136,24
DA:149,48
DA:150,48
DA:151,48
DA:152,48
DA:169,96
DA:170,96
DA:171,16
DA:174,80
DA:176,80
DA:179,1
DA:219,0
LF:50
LH:39
BRDA:21,0,0,0
BRDA:21,0,1,48
BRDA:33,1,0,5
BRDA:33,1,1,0
BRDA:63,2,0,0
BRDA:63,2,1,0
BRDA:101,3,0,24
BRDA:101,3,1,23
BRDA:102,4,0,7
BRDA:102,4,1,17
BRDA:105,5,0,1
BRDA:105,5,1,4
BRDA:110,6,0,0
BRDA:110,6,1,5
BRDA:117,7,0,0
BRDA:117,7,1,1
BRDA:149,8,0,24
BRDA:149,8,1,24
BRDA:150,9,0,24
BRDA:150,9,1,24
BRDA:151,10,0,24
BRDA:151,10,1,24
BRDA:158,11,0,32
BRDA:158,11,1,16
BRDA:170,12,0,16
BRDA:170,12,1,80
BRDA:174,13,0,0
BRDA:174,13,1,80
BRDA:190,14,0,1
BRDA:190,14,1,79
BRF:30
BRH:23
end_of_record
TN:
SF:src/components/Homepage/AddRecipe/AddMealDialog.jsx
FN:41,AddMealDialog
FN:83,nameArray
FN:88,(anonymous_2)
FN:93,(anonymous_3)
FN:134,(anonymous_4)
FN:139,(anonymous_5)
FN:144,(anonymous_6)
FN:149,(anonymous_7)
FN:151,(anonymous_8)
FN:160,readFileDataAsBase64
FN:163,(anonymous_10)
FN:166,(anonymous_11)
FN:170,(anonymous_12)
FN:175,(anonymous_13)
FN:179,(anonymous_14)
FN:186,(anonymous_15)
FN:191,(anonymous_16)
FN:206,formatIngredients
FN:208,(anonymous_18)
FN:220,recipeIsCorrect
FN:224,(anonymous_20)
FN:301,(anonymous_21)
FN:303,(anonymous_22)
FN:383,(anonymous_23)
FN:399,(anonymous_24)
FN:414,(anonymous_25)
FN:436,(anonymous_26)
FN:459,(anonymous_27)
FNF:28
FNH:3
FNDA:23,AddMealDialog
FNDA:0,nameArray
FNDA:0,(anonymous_2)
FNDA:0,(anonymous_3)
FNDA:0,(anonymous_4)
FNDA:0,(anonymous_5)
FNDA:0,(anonymous_6)
FNDA:0,(anonymous_7)
FNDA:0,(anonymous_8)
FNDA:0,readFileDataAsBase64
FNDA:0,(anonymous_10)
FNDA:0,(anonymous_11)
FNDA:0,(anonymous_12)
FNDA:0,(anonymous_13)
FNDA:0,(anonymous_14)
FNDA:0,(anonymous_15)
FNDA:0,(anonymous_16)
FNDA:0,formatIngredients
FNDA:0,(anonymous_18)
FNDA:0,recipeIsCorrect
FNDA:0,(anonymous_20)
FNDA:0,(anonymous_21)
FNDA:92,(anonymous_22)
FNDA:0,(anonymous_23)
FNDA:0,(anonymous_24)
FNDA:253,(anonymous_25)
FNDA:0,(anonymous_26)
FNDA:0,(anonymous_27)
DA:42,23
DA:43,23
DA:46,23
DA:50,23
DA:55,23
DA:56,23
DA:57,23
DA:58,23
DA:59,23
DA:60,23
DA:61,23
DA:63,23
DA:64,23
DA:67,23
DA:69,23
DA:71,23
DA:72,23
DA:73,23
DA:84,0
DA:88,23
DA:89,0
DA:93,23
DA:94,0
DA:96,0
DA:97,0
DA:98,0
DA:100,0
DA:101,0
DA:102,0
DA:104,0
DA:105,0
DA:106,0
DA:107,0
DA:109,0
DA:110,0
DA:111,0
DA:112,0
DA:115,0
DA:121,0
DA:123,0
DA:124,0
DA:125,0
DA:126,0
DA:127,0
DA:128,0
DA:129,0
DA:134,23
DA:135,0
DA:139,23
DA:140,0
DA:141,0
DA:144,23
DA:145,0
DA:149,23
DA:150,0
DA:151,0
DA:152,0
DA:161,0
DA:163,0
DA:164,0
DA:166,0
DA:167,0
DA:170,0
DA:171,0
DA:174,0
DA:175,0
DA:179,23
DA:180,0
DA:181,0
DA:182,0
DA:183,0
DA:186,23
DA:187,0
DA:188,0
DA:191,23
DA:194,0
DA:195,0
DA:207,0
DA:208,0
DA:209,0
DA:210,0
DA:212,0
DA:221,0
DA:224,23
DA:226,0
DA:234,0
DA:235,0
DA:237,0
DA:239,0
DA:240,0
DA:241,0
DA:244,0
DA:253,0
DA:254,0
DA:256,0
DA:261,23
DA:301,0
DA:304,92
DA:383,0
DA:399,0
DA:415,253
DA:437,0
DA:459,0
LF:103
LH:31
BRDA:96,0,0,0
BRDA:96,0,1,0
BRDA:98,1,0,0
BRDA:98,1,1,0
BRDA:102,2,0,0
BRDA:102,2,1,0
BRDA:102,3,0,0
BRDA:102,3,1,0
BRDA:107,4,0,0
BRDA:107,4,1,0
BRDA:197,5,0,0
BRDA:197,5,1,0
BRDA:221,6,0,0
BRDA:221,6,1,0
BRDA:229,7,0,0
BRDA:229,7,1,0
BRDA:230,8,0,0
BRDA:230,8,1,0
BRDA:231,9,0,0
BRDA:231,9,1,0
BRDA:232,10,0,0
BRDA:232,10,1,0
BRDA:237,11,0,0
BRDA:237,11,1,0
BRDA:241,12,0,0
BRDA:241,12,1,0
BRDA:380,13,0,23
BRDA:380,13,1,23
BRDA:381,14,0,0
BRDA:381,14,1,23
BRDA:414,15,0,23
BRDA:414,15,1,0
BRF:32
BRH:4
end_of_record
TN:
SF:src/components/Homepage/Filter/Filter.jsx
FN:23,(anonymous_0)
FN:56,Filter
FN:60,(anonymous_2)
FN:72,(anonymous_3)
FN:74,(anonymous_4)
FN:77,(anonymous_5)
FN:79,(anonymous_6)
FN:86,(anonymous_7)
FN:87,(anonymous_8)
FN:91,(anonymous_9)
FNF:10
FNH:6
FNDA:0,(anonymous_0)
FNDA:24,Filter
FNDA:0,(anonymous_2)
FNDA:60,(anonymous_3)
FNDA:20,(anonymous_4)
FNDA:0,(anonymous_5)
FNDA:20,(anonymous_6)
FNDA:60,(anonymous_7)
FNDA:15,(anonymous_8)
FNDA:0,(anonymous_9)
DA:11,3
DA:12,3
DA:13,3
DA:23,3
DA:24,0
DA:25,0
DA:26,0
DA:27,0
DA:28,0
DA:30,0
DA:33,0
DA:39,0
DA:58,24
DA:60,24
DA:61,0
DA:62,0
DA:65,24
DA:72,60
DA:75,20
DA:77,0
DA:80,20
DA:86,60
DA:88,15
DA:91,0
LF:24
LH:12
BRDA:26,0,0,0
BRDA:26,0,1,0
BRDA:27,1,0,0
BRDA:27,1,1,0
BRDA:28,2,0,0
BRDA:28,2,1,0
BRDA:28,3,0,0
BRDA:28,3,1,0
BRF:8
BRH:0
end_of_record
TN:
SF:src/components/Homepage/Filter/Tags.jsx
FN:21,(anonymous_0)
FN:49,Toggles
FN:59,(anonymous_2)
FN:72,(anonymous_3)
FN:81,(anonymous_4)
FN:97,Tags
FN:103,(anonymous_6)
FN:103,(anonymous_7)
FN:115,(anonymous_8)
FN:125,(anonymous_9)
FN:136,(anonymous_10)
FN:172,(anonymous_11)
FN:177,(anonymous_12)
FNF:13
FNH:4
FNDA:0,(anonymous_0)
FNDA:0,Toggles
FNDA:0,(anonymous_2)
FNDA:0,(anonymous_3)
FNDA:0,(anonymous_4)
FNDA:23,Tags
FNDA:69,(anonymous_6)
FNDA:0,(anonymous_7)
FNDA:0,(anonymous_8)
FNDA:23,(anonymous_9)
FNDA:60,(anonymous_10)
FNDA:0,(anonymous_11)
FNDA:0,(anonymous_12)
DA:21,3
DA:22,0
DA:23,0
DA:24,0
DA:25,0
DA:27,0
DA:33,0
DA:50,0
DA:53,0
DA:54,0
DA:59,0
DA:60,0
DA:61,0
DA:64,0
DA:72,0
DA:81,0
DA:100,23
DA:103,69
DA:104,0
DA:109,0
DA:112,0
DA:115,23
DA:116,0
DA:117,0
DA:118,0
DA:119,0
DA:121,0
DA:125,23
DA:126,23
DA:137,60
DA:160,23
DA:172,0
DA:177,0
LF:33
LH:8
BRDA:24,0,0,0
BRDA:24,0,1,0
BRDA:25,1,0,0
BRDA:25,1,1,0
BRDA:74,2,0,0
BRDA:74,2,1,0
BRDA:83,3,0,0
BRDA:83,3,1,0
BRDA:104,4,0,0
BRDA:104,4,1,0
BRDA:105,5,0,0
BRDA:105,5,1,0
BRDA:105,5,2,0
BRDA:105,5,3,0
BRF:14
BRH:0
end_of_record
TN:
SF:src/components/LandingPage/HeaderBar.jsx
FN:10,HeaderBar
FNF:1
FNH:1
FNDA:3,HeaderBar
DA:11,3
LF:1
LH:1
BRF:0
BRH:0
end_of_record
TN:
SF:src/components/LandingPage/HeaderButtons.jsx
FN:12,HeaderButtons
FNF:1
FNH:1
FNDA:3,HeaderButtons
DA:13,3
LF:1
LH:1
BRF:0
BRH:0
end_of_record
TN:
SF:src/components/LandingPage/ScreenshotCard.jsx
FN:14,MediaCard
FNF:1
FNH:1
FNDA:3,MediaCard
DA:15,3
LF:1
LH:1
BRF:0
BRH:0
end_of_record
TN:
SF:src/components/LandingPage/ScreenshotCard2.jsx
FN:13,MediaCard
FNF:1
FNH:1
FNDA:3,MediaCard
DA:14,3
LF:1
LH:1
BRF:0
BRH:0
end_of_record
TN:
SF:src/components/Login_Registration/Login.jsx
FN:20,Login
FN:28,(anonymous_1)
FN:35,(anonymous_2)
FN:44,(anonymous_3)
FN:50,(anonymous_4)
FN:54,(anonymous_5)
FN:59,(anonymous_6)
FNF:7
FNH:7
FNDA:5,Login
FNDA:8,(anonymous_1)
FNDA:4,(anonymous_2)
FNDA:4,(anonymous_3)
FNDA:3,(anonymous_4)
FNDA:1,(anonymous_5)
FNDA:4,(anonymous_6)
DA:21,5
DA:23,5
DA:25,5
DA:26,5
DA:28,5
DA:29,8
DA:30,8
DA:31,8
DA:32,8
DA:35,5
DA:36,4
DA:37,4
DA:45,4
DA:46,1
DA:48,3
DA:51,3
DA:52,3
DA:53,3
DA:55,1
DA:59,5
DA:60,4
DA:61,0
DA:64,5
LF:23
LH:22
BRDA:45,0,0,1
BRDA:45,0,1,3
BRDA:60,1,0,0
BRDA:60,1,1,4
BRDA:119,2,0,0
BRDA:119,2,1,5
BRF:6
BRH:4
end_of_record
TN:
SF:src/components/Login_Registration/Registration.jsx
FN:15,(anonymous_0)
FN:23,(anonymous_1)
FN:32,SignUp
FN:40,(anonymous_3)
FN:49,(anonymous_4)
FN:62,(anonymous_5)
FN:68,(anonymous_6)
FN:70,(anonymous_7)
FNF:8
FNH:0
FNDA:0,(anonymous_0)
FNDA:0,(anonymous_1)
FNDA:0,SignUp
FNDA:0,(anonymous_3)
FNDA:0,(anonymous_4)
FNDA:0,(anonymous_5)
FNDA:0,(anonymous_6)
FNDA:0,(anonymous_7)
DA:15,3
DA:16,0
DA:17,0
DA:18,0
DA:20,0
DA:23,3
DA:24,0
DA:25,0
DA:33,0
DA:34,0
DA:35,0
DA:36,0
DA:40,0
DA:41,0
DA:42,0
DA:43,0
DA:44,0
DA:47,0
DA:49,0
DA:50,0
DA:51,0
DA:52,0
DA:53,0
DA:54,0
DA:55,0
DA:63,0
DA:64,0
DA:66,0
DA:69,0
DA:71,0
DA:74,0
LF:31
LH:2
BRDA:17,0,0,0
BRDA:17,0,1,0
BRDA:44,1,0,0
BRDA:44,1,1,0
BRDA:44,1,2,0
BRDA:63,2,0,0
BRDA:63,2,1,0
BRDA:158,3,0,0
BRDA:158,3,1,0
BRF:9
BRH:0
end_of_record
TN:
SF:src/components/ViewPlans/ViewPlans.jsx
FN:31,(anonymous_0)
FN:46,(anonymous_1)
FN:61,(anonymous_2)
FN:73,(anonymous_3)
FN:96,(anonymous_4)
FN:103,(anonymous_5)
FN:109,(anonymous_6)
FN:128,(anonymous_7)
FN:198,TablePaginationActions
FN:202,(anonymous_9)
FN:207,(anonymous_10)
FN:212,(anonymous_11)
FN:217,(anonymous_12)
FN:267,ViewMeals
FN:283,(anonymous_14)
FN:288,(anonymous_15)
FN:293,(anonymous_16)
FN:297,(anonymous_17)
FN:308,(anonymous_18)
FN:314,(anonymous_19)
FN:319,(anonymous_20)
FN:323,(anonymous_21)
FN:398,(anonymous_22)
FN:427,(anonymous_23)
FN:445,(anonymous_24)
FN:489,(anonymous_25)
FN:506,(anonymous_26)
FNF:27
FNH:0
FNDA:0,(anonymous_0)
FNDA:0,(anonymous_1)
FNDA:0,(anonymous_2)
FNDA:0,(anonymous_3)
FNDA:0,(anonymous_4)
FNDA:0,(anonymous_5)
FNDA:0,(anonymous_6)
FNDA:0,(anonymous_7)
FNDA:0,TablePaginationActions
FNDA:0,(anonymous_9)
FNDA:0,(anonymous_10)
FNDA:0,(anonymous_11)
FNDA:0,(anonymous_12)
FNDA:0,ViewMeals
FNDA:0,(anonymous_14)
FNDA:0,(anonymous_15)
FNDA:0,(anonymous_16)
FNDA:0,(anonymous_17)
FNDA:0,(anonymous_18)
FNDA:0,(anonymous_19)
FNDA:0,(anonymous_20)
FNDA:0,(anonymous_21)
FNDA:0,(anonymous_22)
FNDA:0,(anonymous_23)
FNDA:0,(anonymous_24)
FNDA:0,(anonymous_25)
FNDA:0,(anonymous_26)
DA:31,3
DA:46,3
DA:61,3
DA:73,3
DA:74,0
DA:75,0
DA:76,0
DA:77,0
DA:78,0
DA:80,0
DA:81,0
DA:82,0
DA:85,0
DA:86,0
DA:89,0
DA:97,0
DA:99,0
DA:101,0
DA:104,0
DA:109,3
DA:110,0
DA:111,0
DA:113,0
DA:116,0
DA:117,0
DA:118,0
DA:120,0
DA:121,0
DA:124,0
DA:128,3
DA:129,0
DA:130,0
DA:131,0
DA:132,0
DA:133,0
DA:135,0
DA:138,0
DA:139,0
DA:142,0
DA:144,0
DA:145,0
DA:146,0
DA:150,0
DA:151,0
DA:154,0
DA:160,0
DA:161,0
DA:166,0
DA:170,0
DA:171,0
DA:173,0
DA:180,0
DA:199,0
DA:200,0
DA:202,0
DA:204,0
DA:207,0
DA:209,0
DA:212,0
DA:214,0
DA:217,0
DA:219,0
DA:222,0
DA:268,0
DA:269,0
DA:270,0
DA:272,0
DA:274,0
DA:276,0
DA:278,0
DA:281,0
DA:283,0
DA:284,0
DA:288,0
DA:289,0
DA:290,0
DA:293,0
DA:294,0
DA:297,0
DA:301,0
DA:303,0
DA:308,0
DA:309,0
DA:310,0
DA:314,0
DA:315,0
DA:319,0
DA:320,0
DA:323,0
DA:324,0
DA:325,0
DA:326,0
DA:329,0
DA:399,0
DA:401,0
DA:402,0
DA:403,0
DA:405,0
DA:406,0
DA:408,0
DA:427,0
DA:446,0
DA:489,0
DA:507,0
LF:104
LH:6
BRDA:77,0,0,0
BRDA:77,0,1,0
BRDA:78,1,0,0
BRDA:78,1,1,0
BRDA:81,2,0,0
BRDA:81,2,1,0
BRDA:85,3,0,0
BRDA:85,3,1,0
BRDA:97,4,0,0
BRDA:97,4,1,0
BRDA:111,5,0,0
BRDA:111,5,1,0
BRDA:117,6,0,0
BRDA:117,6,1,0
BRDA:131,7,0,0
BRDA:131,7,1,0
BRDA:132,8,0,0
BRDA:132,8,1,0
BRDA:133,9,0,0
BRDA:133,9,1,0
BRDA:133,10,0,0
BRDA:133,10,1,0
BRDA:145,11,0,0
BRDA:145,11,1,0
BRDA:230,12,0,0
BRDA:230,12,1,0
BRDA:238,13,0,0
BRDA:238,13,1,0
BRDA:246,14,0,0
BRDA:246,14,1,0
BRDA:255,15,0,0
BRDA:255,15,1,0
BRDA:301,16,0,0
BRDA:301,16,1,0
BRDA:301,17,0,0
BRDA:301,17,1,0
BRDA:302,18,0,0
BRDA:302,18,1,0
BRDA:341,19,0,0
BRDA:341,19,1,0
BRDA:369,20,0,0
BRDA:369,20,1,0
BRDA:396,21,0,0
BRDA:396,21,1,0
BRDA:402,22,0,0
BRDA:402,22,1,0
BRDA:405,23,0,0
BRDA:405,23,1,0
BRDA:405,24,0,0
BRDA:405,24,1,0
BRDA:438,25,0,0
BRDA:438,25,1,0
BRDA:472,26,0,0
BRDA:472,26,1,0
BRDA:472,27,0,0
BRDA:472,27,1,0
BRDA:476,28,0,0
BRDA:476,28,1,0
BRDA:483,29,0,0
BRDA:483,29,1,0
BRDA:483,30,0,0
BRDA:483,30,1,0
BRDA:498,31,0,0
BRDA:498,31,1,0
BRDA:498,32,0,0
BRDA:498,32,1,0
BRDA:505,33,0,0
BRDA:505,33,1,0
BRDA:542,34,0,0
BRDA:542,34,1,0
BRDA:544,35,0,0
BRDA:544,35,1,0
BRDA:544,36,0,0
BRDA:544,36,1,0
BRDA:545,37,0,0
BRDA:545,37,1,0
BRF:76
BRH:0
end_of_record
